This file contains any messages produced by compilers while
running configure, to aid debugging if configure makes a mistake.

It was created by configure, which was
generated by GNU Autoconf 2.69.  Invocation command line was

  $ ./configure --disable-option-checking --prefix=/home/peter/buildroot-2020.02.8/output/host --sysconfdir=/home/peter/buildroot-2020.02.8/output/host/etc --localstatedir=/home/peter/buildroot-2020.02.8/output/host/var --enable-shared --disable-static --disable-gtk-doc --disable-gtk-doc-html --disable-doc --disable-docs --disable-documentation --disable-debug --with-xmlto=no --with-fop=no --disable-nls --disable-dependency-tracking --cache-file=/dev/null --srcdir=.

## --------- ##
## Platform. ##
## --------- ##

hostname = peter-machine
uname -m = x86_64
uname -r = 5.4.0-150-generic
uname -s = Linux
uname -v = #167~18.04.1-Ubuntu SMP Wed May 24 00:51:42 UTC 2023

/usr/bin/uname -p = unknown
/bin/uname -X     = unknown

/bin/arch              = unknown
/usr/bin/arch -k       = unknown
/usr/convex/getsysinfo = unknown
/usr/bin/hostinfo      = unknown
/bin/machine           = unknown
/usr/bin/oslevel       = unknown
/bin/universe          = unknown

PATH: /home/peter/buildroot-2020.02.8/output/host/bin
PATH: /home/peter/buildroot-2020.02.8/output/host/sbin
PATH: /usr/local/sbin
PATH: /usr/local/bin
PATH: /usr/sbin
PATH: /usr/bin
PATH: /sbin
PATH: /bin
PATH: /snap/bin


## ----------- ##
## Core tests. ##
## ----------- ##

configure:1857: checking whether make sets $(MAKE)
configure:1879: result: yes
configure:1936: checking for gcc
configure:1963: result: /usr/bin/gcc
configure:2192: checking for C compiler version
configure:2201: /usr/bin/gcc --version >&5
gcc (Ubuntu 7.5.0-3ubuntu1~18.04) 7.5.0
Copyright (C) 2017 Free Software Foundation, Inc.
This is free software; see the source for copying conditions.  There is NO
warranty; not even for MERCHANTABILITY or FITNESS FOR A PARTICULAR PURPOSE.

configure:2212: $? = 0
configure:2201: /usr/bin/gcc -v >&5
Using built-in specs.
COLLECT_GCC=/usr/bin/gcc
COLLECT_LTO_WRAPPER=/usr/lib/gcc/x86_64-linux-gnu/7/lto-wrapper
OFFLOAD_TARGET_NAMES=nvptx-none
OFFLOAD_TARGET_DEFAULT=1
Target: x86_64-linux-gnu
Configured with: ../src/configure -v --with-pkgversion='Ubuntu 7.5.0-3ubuntu1~18.04' --with-bugurl=file:///usr/share/doc/gcc-7/README.Bugs --enable-languages=c,ada,c++,go,brig,d,fortran,objc,obj-c++ --prefix=/usr --with-gcc-major-version-only --program-suffix=-7 --program-prefix=x86_64-linux-gnu- --enable-shared --enable-linker-build-id --libexecdir=/usr/lib --without-included-gettext --enable-threads=posix --libdir=/usr/lib --enable-nls --enable-bootstrap --enable-clocale=gnu --enable-libstdcxx-debug --enable-libstdcxx-time=yes --with-default-libstdcxx-abi=new --enable-gnu-unique-object --disable-vtable-verify --enable-libmpx --enable-plugin --enable-default-pie --with-system-zlib --with-target-system-zlib --enable-objc-gc=auto --enable-multiarch --disable-werror --with-arch-32=i686 --with-abi=m64 --with-multilib-list=m32,m64,mx32 --enable-multilib --with-tune=generic --enable-offload-targets=nvptx-none --without-cuda-driver --enable-checking=release --build=x86_64-linux-gnu --host=x86_64-linux-gnu --target=x86_64-linux-gnu
Thread model: posix
gcc version 7.5.0 (Ubuntu 7.5.0-3ubuntu1~18.04) 
configure:2212: $? = 0
configure:2201: /usr/bin/gcc -V >&5
gcc: error: unrecognized command line option '-V'
gcc: fatal error: no input files
compilation terminated.
configure:2212: $? = 1
configure:2201: /usr/bin/gcc -qversion >&5
gcc: error: unrecognized command line option '-qversion'; did you mean '--version'?
gcc: fatal error: no input files
compilation terminated.
configure:2212: $? = 1
configure:2232: checking whether the C compiler works
configure:2254: /usr/bin/gcc -O2 -I/home/peter/buildroot-2020.02.8/output/host/include -I/home/peter/buildroot-2020.02.8/output/host/include -L/home/peter/buildroot-2020.02.8/output/host/lib -Wl,-rpath,/home/peter/buildroot-2020.02.8/output/host/lib conftest.c  >&5
configure:2258: $? = 0
configure:2306: result: yes
configure:2309: checking for C compiler default output file name
configure:2311: result: a.out
configure:2317: checking for suffix of executables
configure:2324: /usr/bin/gcc -o conftest -O2 -I/home/peter/buildroot-2020.02.8/output/host/include -I/home/peter/buildroot-2020.02.8/output/host/include -L/home/peter/buildroot-2020.02.8/output/host/lib -Wl,-rpath,/home/peter/buildroot-2020.02.8/output/host/lib conftest.c  >&5
configure:2328: $? = 0
configure:2350: result: 
configure:2372: checking whether we are cross compiling
configure:2380: /usr/bin/gcc -o conftest -O2 -I/home/peter/buildroot-2020.02.8/output/host/include -I/home/peter/buildroot-2020.02.8/output/host/include -L/home/peter/buildroot-2020.02.8/output/host/lib -Wl,-rpath,/home/peter/buildroot-2020.02.8/output/host/lib conftest.c  >&5
configure:2384: $? = 0
configure:2391: ./conftest
configure:2395: $? = 0
configure:2410: result: no
configure:2415: checking for suffix of object files
configure:2437: /usr/bin/gcc -c -O2 -I/home/peter/buildroot-2020.02.8/output/host/include -I/home/peter/buildroot-2020.02.8/output/host/include conftest.c >&5
configure:2441: $? = 0
configure:2462: result: o
configure:2466: checking whether we are using the GNU C compiler
configure:2485: /usr/bin/gcc -c -O2 -I/home/peter/buildroot-2020.02.8/output/host/include -I/home/peter/buildroot-2020.02.8/output/host/include conftest.c >&5
configure:2485: $? = 0
configure:2494: result: yes
configure:2503: checking whether /usr/bin/gcc accepts -g
configure:2523: /usr/bin/gcc -c -g -I/home/peter/buildroot-2020.02.8/output/host/include conftest.c >&5
configure:2523: $? = 0
configure:2564: result: yes
configure:2581: checking for /usr/bin/gcc option to accept ISO C89
configure:2644: /usr/bin/gcc  -c -O2 -I/home/peter/buildroot-2020.02.8/output/host/include -I/home/peter/buildroot-2020.02.8/output/host/include conftest.c >&5
configure:2644: $? = 0
configure:2657: result: none needed
configure:2682: checking how to run the C preprocessor
configure:2752: result: /usr/bin/cpp
configure:2772: /usr/bin/cpp -I/home/peter/buildroot-2020.02.8/output/host/include conftest.c
configure:2772: $? = 0
configure:2786: /usr/bin/cpp -I/home/peter/buildroot-2020.02.8/output/host/include conftest.c
conftest.c:9:10: fatal error: ac_nonexistent.h: No such file or directory
 #include <ac_nonexistent.h>
          ^~~~~~~~~~~~~~~~~~
compilation terminated.
configure:2786: $? = 1
configure: failed program was:
| /* confdefs.h */
| #define PACKAGE_NAME ""
| #define PACKAGE_TARNAME ""
| #define PACKAGE_VERSION ""
| #define PACKAGE_STRING ""
| #define PACKAGE_BUGREPORT ""
| #define PACKAGE_URL ""
| /* end confdefs.h.  */
| #include <ac_nonexistent.h>
configure:2926: checking for C++ compiler version
configure:2935: /usr/bin/g++ --version >&5
g++ (Ubuntu 7.5.0-3ubuntu1~18.04) 7.5.0
Copyright (C) 2017 Free Software Foundation, Inc.
This is free software; see the source for copying conditions.  There is NO
warranty; not even for MERCHANTABILITY or FITNESS FOR A PARTICULAR PURPOSE.

configure:2946: $? = 0
configure:2935: /usr/bin/g++ -v >&5
Using built-in specs.
COLLECT_GCC=/usr/bin/g++
COLLECT_LTO_WRAPPER=/usr/lib/gcc/x86_64-linux-gnu/7/lto-wrapper
OFFLOAD_TARGET_NAMES=nvptx-none
OFFLOAD_TARGET_DEFAULT=1
Target: x86_64-linux-gnu
Configured with: ../src/configure -v --with-pkgversion='Ubuntu 7.5.0-3ubuntu1~18.04' --with-bugurl=file:///usr/share/doc/gcc-7/README.Bugs --enable-languages=c,ada,c++,go,brig,d,fortran,objc,obj-c++ --prefix=/usr --with-gcc-major-version-only --program-suffix=-7 --program-prefix=x86_64-linux-gnu- --enable-shared --enable-linker-build-id --libexecdir=/usr/lib --without-included-gettext --enable-threads=posix --libdir=/usr/lib --enable-nls --enable-bootstrap --enable-clocale=gnu --enable-libstdcxx-debug --enable-libstdcxx-time=yes --with-default-libstdcxx-abi=new --enable-gnu-unique-object --disable-vtable-verify --enable-libmpx --enable-plugin --enable-default-pie --with-system-zlib --with-target-system-zlib --enable-objc-gc=auto --enable-multiarch --disable-werror --with-arch-32=i686 --with-abi=m64 --with-multilib-list=m32,m64,mx32 --enable-multilib --with-tune=generic --enable-offload-targets=nvptx-none --without-cuda-driver --enable-checking=release --build=x86_64-linux-gnu --host=x86_64-linux-gnu --target=x86_64-linux-gnu
Thread model: posix
gcc version 7.5.0 (Ubuntu 7.5.0-3ubuntu1~18.04) 
configure:2946: $? = 0
configure:2935: /usr/bin/g++ -V >&5
g++: error: unrecognized command line option '-V'
g++: fatal error: no input files
compilation terminated.
configure:2946: $? = 1
configure:2935: /usr/bin/g++ -qversion >&5
g++: error: unrecognized command line option '-qversion'; did you mean '--version'?
g++: fatal error: no input files
compilation terminated.
configure:2946: $? = 1
configure:2950: checking whether we are using the GNU C++ compiler
configure:2969: /usr/bin/g++ -c -O2 -I/home/peter/buildroot-2020.02.8/output/host/include -I/home/peter/buildroot-2020.02.8/output/host/include conftest.cpp >&5
configure:2969: $? = 0
configure:2978: result: yes
configure:2987: checking whether /usr/bin/g++ accepts -g
configure:3007: /usr/bin/g++ -c -g -I/home/peter/buildroot-2020.02.8/output/host/include conftest.cpp >&5
configure:3007: $? = 0
configure:3048: result: yes
configure:3076: checking how to run the C++ preprocessor
configure:3103: /usr/bin/g++ -E -I/home/peter/buildroot-2020.02.8/output/host/include conftest.cpp
configure:3103: $? = 0
configure:3117: /usr/bin/g++ -E -I/home/peter/buildroot-2020.02.8/output/host/include conftest.cpp
conftest.cpp:9:10: fatal error: ac_nonexistent.h: No such file or directory
 #include <ac_nonexistent.h>
          ^~~~~~~~~~~~~~~~~~
compilation terminated.
configure:3117: $? = 1
configure: failed program was:
| /* confdefs.h */
| #define PACKAGE_NAME ""
| #define PACKAGE_TARNAME ""
| #define PACKAGE_VERSION ""
| #define PACKAGE_STRING ""
| #define PACKAGE_BUGREPORT ""
| #define PACKAGE_URL ""
| /* end confdefs.h.  */
| #include <ac_nonexistent.h>
configure:3142: result: /usr/bin/g++ -E
configure:3162: /usr/bin/g++ -E -I/home/peter/buildroot-2020.02.8/output/host/include conftest.cpp
configure:3162: $? = 0
configure:3176: /usr/bin/g++ -E -I/home/peter/buildroot-2020.02.8/output/host/include conftest.cpp
conftest.cpp:9:10: fatal error: ac_nonexistent.h: No such file or directory
 #include <ac_nonexistent.h>
          ^~~~~~~~~~~~~~~~~~
compilation terminated.
configure:3176: $? = 1
configure: failed program was:
| /* confdefs.h */
| #define PACKAGE_NAME ""
| #define PACKAGE_TARNAME ""
| #define PACKAGE_VERSION ""
| #define PACKAGE_STRING ""
| #define PACKAGE_BUGREPORT ""
| #define PACKAGE_URL ""
| /* end confdefs.h.  */
| #include <ac_nonexistent.h>
configure:3247: checking for ar
configure:3274: result: /usr/bin/ar
configure:3339: checking for ranlib
configure:3366: result: /usr/bin/ranlib
configure:3398: checking for a BSD compatible install
configure:3440: result: /usr/bin/install -c
configure:3604: creating ./config.status

## ---------------------- ##
## Running config.status. ##
## ---------------------- ##

This file was extended by config.status, which was
generated by GNU Autoconf 2.69.  Invocation command line was

  CONFIG_FILES    = 
  CONFIG_HEADERS  = 
  CONFIG_LINKS    = 
  CONFIG_COMMANDS = 
  $ ./config.status 

on peter-machine

config.status:729: creating Makefile

## ---------------- ##
## Cache variables. ##
## ---------------- ##

ac_cv_c_compiler_gnu=yes
ac_cv_cxx_compiler_gnu=yes
ac_cv_env_CCC_set=
ac_cv_env_CCC_value=
ac_cv_env_CC_set=set
ac_cv_env_CC_value=/usr/bin/gcc
ac_cv_env_CFLAGS_set=set
ac_cv_env_CFLAGS_value='-O2 -I/home/peter/buildroot-2020.02.8/output/host/include'
ac_cv_env_CPPFLAGS_set=set
ac_cv_env_CPPFLAGS_value=-I/home/peter/buildroot-2020.02.8/output/host/include
ac_cv_env_CPP_set=set
ac_cv_env_CPP_value=/usr/bin/cpp
ac_cv_env_CXXCPP_set=
ac_cv_env_CXXCPP_value=
ac_cv_env_CXXFLAGS_set=set
ac_cv_env_CXXFLAGS_value='-O2 -I/home/peter/buildroot-2020.02.8/output/host/include'
ac_cv_env_CXX_set=set
ac_cv_env_CXX_value=/usr/bin/g++
ac_cv_env_LDFLAGS_set=set
ac_cv_env_LDFLAGS_value='-L/home/peter/buildroot-2020.02.8/output/host/lib -Wl,-rpath,/home/peter/buildroot-2020.02.8/output/host/lib'
ac_cv_env_LIBS_set=
ac_cv_env_LIBS_value=
ac_cv_env_build_alias_set=
ac_cv_env_build_alias_value=
ac_cv_env_host_alias_set=
ac_cv_env_host_alias_value=
ac_cv_env_target_alias_set=
ac_cv_env_target_alias_value=
ac_cv_objext=o
ac_cv_prog_CPP=/usr/bin/cpp
ac_cv_prog_CXXCPP='/usr/bin/g++ -E'
ac_cv_prog_ac_ct_AR=/usr/bin/ar
ac_cv_prog_ac_ct_CC=/usr/bin/gcc
ac_cv_prog_ac_ct_RANLIB=/usr/bin/ranlib
ac_cv_prog_cc_c89=
ac_cv_prog_cc_g=yes
ac_cv_prog_cxx_g=yes
ac_cv_prog_make_make_set=yes
cl_cv_path_install='/usr/bin/install -c'

## ----------------- ##
## Output variables. ##
## ----------------- ##

AR='/usr/bin/ar'
CC='/usr/bin/gcc'
CFLAGS='-O2 -I/home/peter/buildroot-2020.02.8/output/host/include'
CPP='/usr/bin/cpp'
CPPFLAGS='-I/home/peter/buildroot-2020.02.8/output/host/include'
CXX='/usr/bin/g++'
CXXCPP='/usr/bin/g++ -E'
CXXFLAGS='-O2 -I/home/peter/buildroot-2020.02.8/output/host/include'
DEFS='-DPACKAGE_NAME=\"\" -DPACKAGE_TARNAME=\"\" -DPACKAGE_VERSION=\"\" -DPACKAGE_STRING=\"\" -DPACKAGE_BUGREPORT=\"\" -DPACKAGE_URL=\"\"'
ECHO_C=''
ECHO_N='-n'
ECHO_T=''
EXEEXT=''
INSTALL='/usr/bin/install -c'
INSTALL_DATA='$(INSTALL) -m 644'
INSTALL_PROGRAM='$(INSTALL)'
LDFLAGS='-L/home/peter/buildroot-2020.02.8/output/host/lib -Wl,-rpath,/home/peter/buildroot-2020.02.8/output/host/lib'
LIBOBJS=''
LIBS=''
LTLIBOBJS=''
OBJEXT='o'
PACKAGE_BUGREPORT=''
PACKAGE_NAME=''
PACKAGE_STRING=''
PACKAGE_TARNAME=''
PACKAGE_URL=''
PACKAGE_VERSION=''
PATH_SEPARATOR=':'
RANLIB='/usr/bin/ranlib'
SET_MAKE=''
SHELL='/bin/bash'
ac_ct_CC='/usr/bin/gcc'
ac_ct_CXX=''
bindir='${exec_prefix}/bin'
build_alias=''
datadir='${datarootdir}'
datarootdir='${prefix}/share'
docdir='${datarootdir}/doc/${PACKAGE}'
dvidir='${docdir}'
exec_prefix='${prefix}'
host_alias=''
htmldir='${docdir}'
includedir='${prefix}/include'
infodir='${datarootdir}/info'
libdir='${exec_prefix}/lib'
libexecdir='${exec_prefix}/libexec'
localedir='${datarootdir}/locale'
localstatedir='/home/peter/buildroot-2020.02.8/output/host/var'
mandir='${datarootdir}/man'
oldincludedir='/usr/include'
pdfdir='${docdir}'
prefix='/home/peter/buildroot-2020.02.8/output/host'
program_transform_name='s,x,x,'
psdir='${docdir}'
sbindir='${exec_prefix}/sbin'
sharedstatedir='${prefix}/com'
sysconfdir='/home/peter/buildroot-2020.02.8/output/host/etc'
target_alias=''

## ----------- ##
## confdefs.h. ##
## ----------- ##

/* confdefs.h */
#define PACKAGE_NAME ""
#define PACKAGE_TARNAME ""
#define PACKAGE_VERSION ""
#define PACKAGE_STRING ""
#define PACKAGE_BUGREPORT ""
#define PACKAGE_URL ""

configure: exit 0
