This file contains any messages produced by compilers while
running configure, to aid debugging if configure makes a mistake.

It was created by expat configure 2.2.9, which was
generated by GNU Autoconf 2.69.  Invocation command line was

  $ ./configure --target=arm-buildroot-linux-gnueabihf --host=arm-buildroot-linux-gnueabihf --build=x86_64-pc-linux-gnu --prefix=/usr --exec-prefix=/usr --sysconfdir=/etc --localstatedir=/var --program-prefix= --disable-gtk-doc --disable-gtk-doc-html --disable-doc --disable-docs --disable-documentation --with-xmlto=no --with-fop=no --disable-dependency-tracking --enable-ipv6 --disable-nls --disable-static --enable-shared --without-docbook

## --------- ##
## Platform. ##
## --------- ##

hostname = peter-machine
uname -m = x86_64
uname -r = 5.4.0-150-generic
uname -s = Linux
uname -v = #167~18.04.1-Ubuntu SMP Wed May 24 00:51:42 UTC 2023

/usr/bin/uname -p = unknown
/bin/uname -X     = unknown

/bin/arch              = unknown
/usr/bin/arch -k       = unknown
/usr/convex/getsysinfo = unknown
/usr/bin/hostinfo      = unknown
/bin/machine           = unknown
/usr/bin/oslevel       = unknown
/bin/universe          = unknown

PATH: /home/peter/buildroot-2020.02.8/output/host/bin
PATH: /home/peter/buildroot-2020.02.8/output/host/sbin
PATH: /usr/local/sbin
PATH: /usr/local/bin
PATH: /usr/sbin
PATH: /usr/bin
PATH: /sbin
PATH: /bin
PATH: /snap/bin


## ----------- ##
## Core tests. ##
## ----------- ##

configure:2492: checking build system type
configure:2506: result: x86_64-pc-linux-gnu
configure:2526: checking host system type
configure:2539: result: arm-buildroot-linux-gnueabihf
configure:2575: checking for a BSD-compatible install
configure:2643: result: /usr/bin/install -c
configure:2654: checking whether build environment is sane
configure:2709: result: yes
configure:2768: checking for arm-buildroot-linux-gnueabihf-strip
configure:2795: result: /home/peter/buildroot-2020.02.8/output/host/bin/arm-none-linux-gnueabihf-strip
configure:2860: checking for a thread-safe mkdir -p
configure:2899: result: /bin/mkdir -p
configure:2906: checking for gawk
configure:2936: result: no
configure:2906: checking for mawk
configure:2922: found /usr/bin/mawk
configure:2933: result: mawk
configure:2944: checking whether make sets $(MAKE)
configure:2966: result: yes
configure:2995: checking whether make supports nested variables
configure:3012: result: yes
configure:3158: : CPPFLAGS="$CPPFLAGS"
configure:3161: $? = 0
configure:3184: checking whether make supports the include directive
configure:3199: make -f confmf.GNU && cat confinc.out
make[1]: Entering directory '/home/peter/buildroot-2020.02.8/output/build/expat-2.2.9'
make[1]: Leaving directory '/home/peter/buildroot-2020.02.8/output/build/expat-2.2.9'
this is the am__doit target
configure:3202: $? = 0
configure:3221: result: yes (GNU style)
configure:3251: checking for arm-buildroot-linux-gnueabihf-gcc
configure:3278: result: /home/peter/buildroot-2020.02.8/output/host/bin/arm-none-linux-gnueabihf-gcc
configure:3547: checking for C compiler version
configure:3556: /home/peter/buildroot-2020.02.8/output/host/bin/arm-none-linux-gnueabihf-gcc --version >&5
arm-none-linux-gnueabihf-gcc (GNU Toolchain for the A-profile Architecture 9.2-2019.12 (arm-9.10)) 9.2.1 20191025
Copyright (C) 2019 Free Software Foundation, Inc.
This is free software; see the source for copying conditions.  There is NO
warranty; not even for MERCHANTABILITY or FITNESS FOR A PARTICULAR PURPOSE.

configure:3567: $? = 0
configure:3556: /home/peter/buildroot-2020.02.8/output/host/bin/arm-none-linux-gnueabihf-gcc -v >&5
Using built-in specs.
COLLECT_GCC=/home/peter/gcc-arm-9.2-2019.12-x86_64-arm-none-linux-gnueabihf/bin/arm-none-linux-gnueabihf-gcc
COLLECT_LTO_WRAPPER=/home/peter/gcc-arm-9.2-2019.12-x86_64-arm-none-linux-gnueabihf/bin/../libexec/gcc/arm-none-linux-gnueabihf/9.2.1/lto-wrapper
Target: arm-none-linux-gnueabihf
Configured with: /tmp/dgboter/bbs/rhev-vm7--rhe6x86_64/buildbot/rhe6x86_64--arm-none-linux-gnueabihf/build/src/gcc/configure --target=arm-none-linux-gnueabihf --prefix= --with-sysroot=/arm-none-linux-gnueabihf/libc --with-build-sysroot=/tmp/dgboter/bbs/rhev-vm7--rhe6x86_64/buildbot/rhe6x86_64--arm-none-linux-gnueabihf/build/build-arm-none-linux-gnueabihf/install//arm-none-linux-gnueabihf/libc --with-bugurl=https://bugs.linaro.org/ --enable-gnu-indirect-function --enable-shared --disable-libssp --disable-libmudflap --enable-checking=release --enable-languages=c,c++,fortran --with-gmp=/tmp/dgboter/bbs/rhev-vm7--rhe6x86_64/buildbot/rhe6x86_64--arm-none-linux-gnueabihf/build/build-arm-none-linux-gnueabihf/host-tools --with-mpfr=/tmp/dgboter/bbs/rhev-vm7--rhe6x86_64/buildbot/rhe6x86_64--arm-none-linux-gnueabihf/build/build-arm-none-linux-gnueabihf/host-tools --with-mpc=/tmp/dgboter/bbs/rhev-vm7--rhe6x86_64/buildbot/rhe6x86_64--arm-none-linux-gnueabihf/build/build-arm-none-linux-gnueabihf/host-tools --with-isl=/tmp/dgboter/bbs/rhev-vm7--rhe6x86_64/buildbot/rhe6x86_64--arm-none-linux-gnueabihf/build/build-arm-none-linux-gnueabihf/host-tools --with-arch=armv7-a --with-fpu=neon --with-float=hard --with-mode=thumb --with-arch=armv7-a --with-pkgversion='GNU Toolchain for the A-profile Architecture 9.2-2019.12 (arm-9.10)'
Thread model: posix
gcc version 9.2.1 20191025 (GNU Toolchain for the A-profile Architecture 9.2-2019.12 (arm-9.10)) 
configure:3567: $? = 0
configure:3556: /home/peter/buildroot-2020.02.8/output/host/bin/arm-none-linux-gnueabihf-gcc -V >&5
arm-none-linux-gnueabihf-gcc: error: unrecognized command line option '-V'
arm-none-linux-gnueabihf-gcc: fatal error: no input files
compilation terminated.
configure:3567: $? = 1
configure:3556: /home/peter/buildroot-2020.02.8/output/host/bin/arm-none-linux-gnueabihf-gcc -qversion >&5
arm-none-linux-gnueabihf-gcc: error: unrecognized command line option '-qversion'; did you mean '--version'?
arm-none-linux-gnueabihf-gcc: fatal error: no input files
compilation terminated.
configure:3567: $? = 1
configure:3587: checking whether the C compiler works
configure:3609: /home/peter/buildroot-2020.02.8/output/host/bin/arm-none-linux-gnueabihf-gcc -D_LARGEFILE_SOURCE -D_LARGEFILE64_SOURCE -D_FILE_OFFSET_BITS=64  -Os   -D_LARGEFILE_SOURCE -D_LARGEFILE64_SOURCE -D_FILE_OFFSET_BITS=64 -DHAVE_EXPAT_CONFIG_H  conftest.c  >&5
configure:3613: $? = 0
configure:3661: result: yes
configure:3664: checking for C compiler default output file name
configure:3666: result: a.out
configure:3672: checking for suffix of executables
configure:3679: /home/peter/buildroot-2020.02.8/output/host/bin/arm-none-linux-gnueabihf-gcc -o conftest -D_LARGEFILE_SOURCE -D_LARGEFILE64_SOURCE -D_FILE_OFFSET_BITS=64  -Os   -D_LARGEFILE_SOURCE -D_LARGEFILE64_SOURCE -D_FILE_OFFSET_BITS=64 -DHAVE_EXPAT_CONFIG_H  conftest.c  >&5
configure:3683: $? = 0
configure:3705: result: 
configure:3727: checking whether we are cross compiling
configure:3765: result: yes
configure:3770: checking for suffix of object files
configure:3792: /home/peter/buildroot-2020.02.8/output/host/bin/arm-none-linux-gnueabihf-gcc -c -D_LARGEFILE_SOURCE -D_LARGEFILE64_SOURCE -D_FILE_OFFSET_BITS=64  -Os   -D_LARGEFILE_SOURCE -D_LARGEFILE64_SOURCE -D_FILE_OFFSET_BITS=64 -DHAVE_EXPAT_CONFIG_H conftest.c >&5
configure:3796: $? = 0
configure:3817: result: o
configure:3821: checking whether we are using the GNU C compiler
configure:3840: /home/peter/buildroot-2020.02.8/output/host/bin/arm-none-linux-gnueabihf-gcc -c -D_LARGEFILE_SOURCE -D_LARGEFILE64_SOURCE -D_FILE_OFFSET_BITS=64  -Os   -D_LARGEFILE_SOURCE -D_LARGEFILE64_SOURCE -D_FILE_OFFSET_BITS=64 -DHAVE_EXPAT_CONFIG_H conftest.c >&5
configure:3840: $? = 0
configure:3849: result: yes
configure:3858: checking whether /home/peter/buildroot-2020.02.8/output/host/bin/arm-none-linux-gnueabihf-gcc accepts -g
configure:3878: /home/peter/buildroot-2020.02.8/output/host/bin/arm-none-linux-gnueabihf-gcc -c -g -D_LARGEFILE_SOURCE -D_LARGEFILE64_SOURCE -D_FILE_OFFSET_BITS=64 -DHAVE_EXPAT_CONFIG_H conftest.c >&5
configure:3878: $? = 0
configure:3919: result: yes
configure:3936: checking for /home/peter/buildroot-2020.02.8/output/host/bin/arm-none-linux-gnueabihf-gcc option to accept ISO C89
configure:3999: /home/peter/buildroot-2020.02.8/output/host/bin/arm-none-linux-gnueabihf-gcc  -c -D_LARGEFILE_SOURCE -D_LARGEFILE64_SOURCE -D_FILE_OFFSET_BITS=64  -Os   -D_LARGEFILE_SOURCE -D_LARGEFILE64_SOURCE -D_FILE_OFFSET_BITS=64 -DHAVE_EXPAT_CONFIG_H conftest.c >&5
configure:3999: $? = 0
configure:4012: result: none needed
configure:4037: checking whether /home/peter/buildroot-2020.02.8/output/host/bin/arm-none-linux-gnueabihf-gcc understands -c and -o together
configure:4059: /home/peter/buildroot-2020.02.8/output/host/bin/arm-none-linux-gnueabihf-gcc -c conftest.c -o conftest2.o
configure:4062: $? = 0
configure:4059: /home/peter/buildroot-2020.02.8/output/host/bin/arm-none-linux-gnueabihf-gcc -c conftest.c -o conftest2.o
configure:4062: $? = 0
configure:4074: result: yes
configure:4093: checking dependency style of /home/peter/buildroot-2020.02.8/output/host/bin/arm-none-linux-gnueabihf-gcc
configure:4204: result: none
configure:4225: checking for arm-buildroot-linux-gnueabihf-ar
configure:4252: result: /home/peter/buildroot-2020.02.8/output/host/bin/arm-none-linux-gnueabihf-ar
configure:4322: checking the archiver (/home/peter/buildroot-2020.02.8/output/host/bin/arm-none-linux-gnueabihf-ar) interface
configure:4338: /home/peter/buildroot-2020.02.8/output/host/bin/arm-none-linux-gnueabihf-gcc -c -D_LARGEFILE_SOURCE -D_LARGEFILE64_SOURCE -D_FILE_OFFSET_BITS=64  -Os   -D_LARGEFILE_SOURCE -D_LARGEFILE64_SOURCE -D_FILE_OFFSET_BITS=64 -DHAVE_EXPAT_CONFIG_H conftest.c >&5
configure:4338: $? = 0
configure:4340: /home/peter/buildroot-2020.02.8/output/host/bin/arm-none-linux-gnueabihf-ar cru libconftest.a conftest.o >&5
configure:4343: $? = 0
configure:4371: result: ar
configure:4392: checking whether ln -s works
configure:4396: result: yes
configure:4403: checking whether make sets $(MAKE)
configure:4425: result: yes
configure:4482: checking how to print strings
configure:4509: result: printf
configure:4530: checking for a sed that does not truncate output
configure:4594: result: /bin/sed
configure:4612: checking for grep that handles long lines and -e
configure:4670: result: /bin/grep
configure:4675: checking for egrep
configure:4737: result: /bin/grep -E
configure:4742: checking for fgrep
configure:4804: result: /bin/grep -F
configure:4839: checking for ld used by /home/peter/buildroot-2020.02.8/output/host/bin/arm-none-linux-gnueabihf-gcc
configure:4906: result: /home/peter/buildroot-2020.02.8/output/host/bin/arm-none-linux-gnueabihf-ld
configure:4913: checking if the linker (/home/peter/buildroot-2020.02.8/output/host/bin/arm-none-linux-gnueabihf-ld) is GNU ld
configure:4928: result: yes
configure:4940: checking for BSD- or MS-compatible name lister (nm)
configure:4994: result: /home/peter/buildroot-2020.02.8/output/host/bin/arm-none-linux-gnueabihf-nm
configure:5124: checking the name lister (/home/peter/buildroot-2020.02.8/output/host/bin/arm-none-linux-gnueabihf-nm) interface
configure:5131: /home/peter/buildroot-2020.02.8/output/host/bin/arm-none-linux-gnueabihf-gcc -c -D_LARGEFILE_SOURCE -D_LARGEFILE64_SOURCE -D_FILE_OFFSET_BITS=64  -Os   -D_LARGEFILE_SOURCE -D_LARGEFILE64_SOURCE -D_FILE_OFFSET_BITS=64 -DHAVE_EXPAT_CONFIG_H conftest.c >&5
configure:5134: /home/peter/buildroot-2020.02.8/output/host/bin/arm-none-linux-gnueabihf-nm "conftest.o"
configure:5137: output
00000000 B some_variable
configure:5144: result: BSD nm
configure:5148: checking the maximum length of command line arguments
configure:5284: result: 1572864
configure:5332: checking how to convert x86_64-pc-linux-gnu file names to arm-buildroot-linux-gnueabihf format
configure:5372: result: func_convert_file_noop
configure:5379: checking how to convert x86_64-pc-linux-gnu file names to toolchain format
configure:5399: result: func_convert_file_noop
configure:5406: checking for /home/peter/buildroot-2020.02.8/output/host/bin/arm-none-linux-gnueabihf-ld option to reload object files
configure:5413: result: -r
configure:5447: checking for arm-buildroot-linux-gnueabihf-objdump
configure:5474: result: /home/peter/buildroot-2020.02.8/output/host/bin/arm-none-linux-gnueabihf-objdump
configure:5543: checking how to recognize dependent libraries
configure:5743: result: pass_all
configure:5788: checking for arm-buildroot-linux-gnueabihf-dlltool
configure:5818: result: no
configure:5828: checking for dlltool
configure:5858: result: no
configure:5885: checking how to associate runtime and link libraries
configure:5912: result: printf %s\n
configure:5928: checking for arm-buildroot-linux-gnueabihf-ar
configure:5955: result: /home/peter/buildroot-2020.02.8/output/host/bin/arm-none-linux-gnueabihf-ar
configure:6036: checking for archiver @FILE support
configure:6053: /home/peter/buildroot-2020.02.8/output/host/bin/arm-none-linux-gnueabihf-gcc -c -D_LARGEFILE_SOURCE -D_LARGEFILE64_SOURCE -D_FILE_OFFSET_BITS=64  -Os   -D_LARGEFILE_SOURCE -D_LARGEFILE64_SOURCE -D_FILE_OFFSET_BITS=64 -DHAVE_EXPAT_CONFIG_H conftest.c >&5
configure:6053: $? = 0
configure:6056: /home/peter/buildroot-2020.02.8/output/host/bin/arm-none-linux-gnueabihf-ar cru libconftest.a @conftest.lst >&5
configure:6059: $? = 0
configure:6064: /home/peter/buildroot-2020.02.8/output/host/bin/arm-none-linux-gnueabihf-ar cru libconftest.a @conftest.lst >&5
/home/peter/buildroot-2020.02.8/output/host/bin/arm-none-linux-gnueabihf-ar: conftest.o: No such file or directory
configure:6067: $? = 1
configure:6079: result: @
configure:6097: checking for arm-buildroot-linux-gnueabihf-strip
configure:6124: result: /home/peter/buildroot-2020.02.8/output/host/bin/arm-none-linux-gnueabihf-strip
configure:6196: checking for arm-buildroot-linux-gnueabihf-ranlib
configure:6223: result: /home/peter/buildroot-2020.02.8/output/host/bin/arm-none-linux-gnueabihf-ranlib
configure:6365: checking command to parse /home/peter/buildroot-2020.02.8/output/host/bin/arm-none-linux-gnueabihf-nm output from /home/peter/buildroot-2020.02.8/output/host/bin/arm-none-linux-gnueabihf-gcc object
configure:6518: /home/peter/buildroot-2020.02.8/output/host/bin/arm-none-linux-gnueabihf-gcc -c -D_LARGEFILE_SOURCE -D_LARGEFILE64_SOURCE -D_FILE_OFFSET_BITS=64  -Os   -D_LARGEFILE_SOURCE -D_LARGEFILE64_SOURCE -D_FILE_OFFSET_BITS=64 -DHAVE_EXPAT_CONFIG_H conftest.c >&5
configure:6521: $? = 0
configure:6525: /home/peter/buildroot-2020.02.8/output/host/bin/arm-none-linux-gnueabihf-nm conftest.o \| sed -n -e 's/^.*[ ]\([ABCDGIRSTW][ABCDGIRSTW]*\)[ ][ ]*\([_A-Za-z][_A-Za-z0-9]*\)$/\1 \2 \2/p' | sed '/ __gnu_lto/d' \> conftest.nm
configure:6528: $? = 0
configure:6594: /home/peter/buildroot-2020.02.8/output/host/bin/arm-none-linux-gnueabihf-gcc -o conftest -D_LARGEFILE_SOURCE -D_LARGEFILE64_SOURCE -D_FILE_OFFSET_BITS=64  -Os   -D_LARGEFILE_SOURCE -D_LARGEFILE64_SOURCE -D_FILE_OFFSET_BITS=64 -DHAVE_EXPAT_CONFIG_H  conftest.c conftstm.o >&5
configure:6597: $? = 0
configure:6635: result: ok
configure:6682: checking for sysroot
configure:6712: result: no
configure:6719: checking for a working dd
configure:6757: result: /bin/dd
configure:6761: checking how to truncate binary pipes
configure:6776: result: /bin/dd bs=4096 count=1
configure:7065: checking for arm-buildroot-linux-gnueabihf-mt
configure:7095: result: no
configure:7105: checking for mt
configure:7121: found /bin/mt
configure:7132: result: mt
configure:7144: WARNING: using cross tools not prefixed with host triplet
configure:7155: checking if mt is a manifest tool
configure:7161: mt '-?'
configure:7169: result: no
configure:7846: checking how to run the C preprocessor
configure:7916: result: /home/peter/buildroot-2020.02.8/output/host/bin/arm-none-linux-gnueabihf-cpp
configure:7936: /home/peter/buildroot-2020.02.8/output/host/bin/arm-none-linux-gnueabihf-cpp -D_LARGEFILE_SOURCE -D_LARGEFILE64_SOURCE -D_FILE_OFFSET_BITS=64 -DHAVE_EXPAT_CONFIG_H conftest.c
configure:7936: $? = 0
configure:7950: /home/peter/buildroot-2020.02.8/output/host/bin/arm-none-linux-gnueabihf-cpp -D_LARGEFILE_SOURCE -D_LARGEFILE64_SOURCE -D_FILE_OFFSET_BITS=64 -DHAVE_EXPAT_CONFIG_H conftest.c
conftest.c:11:10: fatal error: ac_nonexistent.h: No such file or directory
   11 | #include <ac_nonexistent.h>
      |          ^~~~~~~~~~~~~~~~~~
compilation terminated.
configure:7950: $? = 1
configure: failed program was:
| /* confdefs.h */
| #define PACKAGE_NAME "expat"
| #define PACKAGE_TARNAME "expat"
| #define PACKAGE_VERSION "2.2.9"
| #define PACKAGE_STRING "expat 2.2.9"
| #define PACKAGE_BUGREPORT "expat-bugs@libexpat.org"
| #define PACKAGE_URL ""
| #define PACKAGE "expat"
| #define VERSION "2.2.9"
| /* end confdefs.h.  */
| #include <ac_nonexistent.h>
configure:7979: checking for ANSI C header files
configure:7999: /home/peter/buildroot-2020.02.8/output/host/bin/arm-none-linux-gnueabihf-gcc -c -D_LARGEFILE_SOURCE -D_LARGEFILE64_SOURCE -D_FILE_OFFSET_BITS=64  -Os   -D_LARGEFILE_SOURCE -D_LARGEFILE64_SOURCE -D_FILE_OFFSET_BITS=64 -DHAVE_EXPAT_CONFIG_H conftest.c >&5
configure:7999: $? = 0
configure:8083: result: yes
configure:8096: checking for sys/types.h
configure:8096: /home/peter/buildroot-2020.02.8/output/host/bin/arm-none-linux-gnueabihf-gcc -c -D_LARGEFILE_SOURCE -D_LARGEFILE64_SOURCE -D_FILE_OFFSET_BITS=64  -Os   -D_LARGEFILE_SOURCE -D_LARGEFILE64_SOURCE -D_FILE_OFFSET_BITS=64 -DHAVE_EXPAT_CONFIG_H conftest.c >&5
configure:8096: $? = 0
configure:8096: result: yes
configure:8096: checking for sys/stat.h
configure:8096: /home/peter/buildroot-2020.02.8/output/host/bin/arm-none-linux-gnueabihf-gcc -c -D_LARGEFILE_SOURCE -D_LARGEFILE64_SOURCE -D_FILE_OFFSET_BITS=64  -Os   -D_LARGEFILE_SOURCE -D_LARGEFILE64_SOURCE -D_FILE_OFFSET_BITS=64 -DHAVE_EXPAT_CONFIG_H conftest.c >&5
configure:8096: $? = 0
configure:8096: result: yes
configure:8096: checking for stdlib.h
configure:8096: /home/peter/buildroot-2020.02.8/output/host/bin/arm-none-linux-gnueabihf-gcc -c -D_LARGEFILE_SOURCE -D_LARGEFILE64_SOURCE -D_FILE_OFFSET_BITS=64  -Os   -D_LARGEFILE_SOURCE -D_LARGEFILE64_SOURCE -D_FILE_OFFSET_BITS=64 -DHAVE_EXPAT_CONFIG_H conftest.c >&5
configure:8096: $? = 0
configure:8096: result: yes
configure:8096: checking for string.h
configure:8096: /home/peter/buildroot-2020.02.8/output/host/bin/arm-none-linux-gnueabihf-gcc -c -D_LARGEFILE_SOURCE -D_LARGEFILE64_SOURCE -D_FILE_OFFSET_BITS=64  -Os   -D_LARGEFILE_SOURCE -D_LARGEFILE64_SOURCE -D_FILE_OFFSET_BITS=64 -DHAVE_EXPAT_CONFIG_H conftest.c >&5
configure:8096: $? = 0
configure:8096: result: yes
configure:8096: checking for memory.h
configure:8096: /home/peter/buildroot-2020.02.8/output/host/bin/arm-none-linux-gnueabihf-gcc -c -D_LARGEFILE_SOURCE -D_LARGEFILE64_SOURCE -D_FILE_OFFSET_BITS=64  -Os   -D_LARGEFILE_SOURCE -D_LARGEFILE64_SOURCE -D_FILE_OFFSET_BITS=64 -DHAVE_EXPAT_CONFIG_H conftest.c >&5
configure:8096: $? = 0
configure:8096: result: yes
configure:8096: checking for strings.h
configure:8096: /home/peter/buildroot-2020.02.8/output/host/bin/arm-none-linux-gnueabihf-gcc -c -D_LARGEFILE_SOURCE -D_LARGEFILE64_SOURCE -D_FILE_OFFSET_BITS=64  -Os   -D_LARGEFILE_SOURCE -D_LARGEFILE64_SOURCE -D_FILE_OFFSET_BITS=64 -DHAVE_EXPAT_CONFIG_H conftest.c >&5
configure:8096: $? = 0
configure:8096: result: yes
configure:8096: checking for inttypes.h
configure:8096: /home/peter/buildroot-2020.02.8/output/host/bin/arm-none-linux-gnueabihf-gcc -c -D_LARGEFILE_SOURCE -D_LARGEFILE64_SOURCE -D_FILE_OFFSET_BITS=64  -Os   -D_LARGEFILE_SOURCE -D_LARGEFILE64_SOURCE -D_FILE_OFFSET_BITS=64 -DHAVE_EXPAT_CONFIG_H conftest.c >&5
configure:8096: $? = 0
configure:8096: result: yes
configure:8096: checking for stdint.h
configure:8096: /home/peter/buildroot-2020.02.8/output/host/bin/arm-none-linux-gnueabihf-gcc -c -D_LARGEFILE_SOURCE -D_LARGEFILE64_SOURCE -D_FILE_OFFSET_BITS=64  -Os   -D_LARGEFILE_SOURCE -D_LARGEFILE64_SOURCE -D_FILE_OFFSET_BITS=64 -DHAVE_EXPAT_CONFIG_H conftest.c >&5
configure:8096: $? = 0
configure:8096: result: yes
configure:8096: checking for unistd.h
configure:8096: /home/peter/buildroot-2020.02.8/output/host/bin/arm-none-linux-gnueabihf-gcc -c -D_LARGEFILE_SOURCE -D_LARGEFILE64_SOURCE -D_FILE_OFFSET_BITS=64  -Os   -D_LARGEFILE_SOURCE -D_LARGEFILE64_SOURCE -D_FILE_OFFSET_BITS=64 -DHAVE_EXPAT_CONFIG_H conftest.c >&5
configure:8096: $? = 0
configure:8096: result: yes
configure:8110: checking for dlfcn.h
configure:8110: /home/peter/buildroot-2020.02.8/output/host/bin/arm-none-linux-gnueabihf-gcc -c -D_LARGEFILE_SOURCE -D_LARGEFILE64_SOURCE -D_FILE_OFFSET_BITS=64  -Os   -D_LARGEFILE_SOURCE -D_LARGEFILE64_SOURCE -D_FILE_OFFSET_BITS=64 -DHAVE_EXPAT_CONFIG_H conftest.c >&5
configure:8110: $? = 0
configure:8110: result: yes
configure:8664: checking for objdir
configure:8679: result: .libs
configure:8943: checking if /home/peter/buildroot-2020.02.8/output/host/bin/arm-none-linux-gnueabihf-gcc supports -fno-rtti -fno-exceptions
configure:8961: /home/peter/buildroot-2020.02.8/output/host/bin/arm-none-linux-gnueabihf-gcc -c -D_LARGEFILE_SOURCE -D_LARGEFILE64_SOURCE -D_FILE_OFFSET_BITS=64  -Os   -D_LARGEFILE_SOURCE -D_LARGEFILE64_SOURCE -D_FILE_OFFSET_BITS=64 -DHAVE_EXPAT_CONFIG_H -fno-rtti -fno-exceptions conftest.c >&5
cc1: warning: command line option '-fno-rtti' is valid for C++/D/ObjC++ but not for C
configure:8965: $? = 0
configure:8978: result: no
configure:9336: checking for /home/peter/buildroot-2020.02.8/output/host/bin/arm-none-linux-gnueabihf-gcc option to produce PIC
configure:9343: result: -fPIC -DPIC
configure:9351: checking if /home/peter/buildroot-2020.02.8/output/host/bin/arm-none-linux-gnueabihf-gcc PIC flag -fPIC -DPIC works
configure:9369: /home/peter/buildroot-2020.02.8/output/host/bin/arm-none-linux-gnueabihf-gcc -c -D_LARGEFILE_SOURCE -D_LARGEFILE64_SOURCE -D_FILE_OFFSET_BITS=64  -Os   -D_LARGEFILE_SOURCE -D_LARGEFILE64_SOURCE -D_FILE_OFFSET_BITS=64 -DHAVE_EXPAT_CONFIG_H -fPIC -DPIC -DPIC conftest.c >&5
configure:9373: $? = 0
configure:9386: result: yes
configure:9415: checking if /home/peter/buildroot-2020.02.8/output/host/bin/arm-none-linux-gnueabihf-gcc static flag -static works
configure:9443: result: yes
configure:9458: checking if /home/peter/buildroot-2020.02.8/output/host/bin/arm-none-linux-gnueabihf-gcc supports -c -o file.o
configure:9479: /home/peter/buildroot-2020.02.8/output/host/bin/arm-none-linux-gnueabihf-gcc -c -D_LARGEFILE_SOURCE -D_LARGEFILE64_SOURCE -D_FILE_OFFSET_BITS=64  -Os   -D_LARGEFILE_SOURCE -D_LARGEFILE64_SOURCE -D_FILE_OFFSET_BITS=64 -DHAVE_EXPAT_CONFIG_H -o out/conftest2.o conftest.c >&5
configure:9483: $? = 0
configure:9505: result: yes
configure:9513: checking if /home/peter/buildroot-2020.02.8/output/host/bin/arm-none-linux-gnueabihf-gcc supports -c -o file.o
configure:9560: result: yes
configure:9593: checking whether the /home/peter/buildroot-2020.02.8/output/host/bin/arm-none-linux-gnueabihf-gcc linker (/home/peter/buildroot-2020.02.8/output/host/bin/arm-none-linux-gnueabihf-ld) supports shared libraries
configure:10852: result: yes
configure:10889: checking whether -lc should be explicitly linked in
configure:10897: /home/peter/buildroot-2020.02.8/output/host/bin/arm-none-linux-gnueabihf-gcc -c -D_LARGEFILE_SOURCE -D_LARGEFILE64_SOURCE -D_FILE_OFFSET_BITS=64  -Os   -D_LARGEFILE_SOURCE -D_LARGEFILE64_SOURCE -D_FILE_OFFSET_BITS=64 -DHAVE_EXPAT_CONFIG_H conftest.c >&5
configure:10900: $? = 0
configure:10915: /home/peter/buildroot-2020.02.8/output/host/bin/arm-none-linux-gnueabihf-gcc -shared  -fPIC -DPIC conftest.o  -v -Wl,-soname -Wl,conftest -o conftest 2\>\&1 \| /bin/grep  -lc  \>/dev/null 2\>\&1
configure:10918: $? = 0
configure:10932: result: no
configure:11092: checking dynamic linker characteristics
configure:11686: /home/peter/buildroot-2020.02.8/output/host/bin/arm-none-linux-gnueabihf-gcc -o conftest -D_LARGEFILE_SOURCE -D_LARGEFILE64_SOURCE -D_FILE_OFFSET_BITS=64  -Os   -D_LARGEFILE_SOURCE -D_LARGEFILE64_SOURCE -D_FILE_OFFSET_BITS=64 -DHAVE_EXPAT_CONFIG_H  -Wl,-rpath -Wl,/foo conftest.c  >&5
configure:11686: $? = 0
configure:11923: result: GNU/Linux ld.so
configure:12045: checking how to hardcode library paths into programs
configure:12070: result: immediate
configure:12618: checking whether stripping libraries is possible
configure:12623: result: yes
configure:12658: checking if libtool supports shared libraries
configure:12660: result: yes
configure:12663: checking whether to build shared libraries
configure:12688: result: yes
configure:12691: checking whether to build static libraries
configure:12695: result: no
configure:12743: checking for /home/peter/buildroot-2020.02.8/output/host/bin/arm-none-linux-gnueabihf-gcc option to accept ISO C99
configure:12892: /home/peter/buildroot-2020.02.8/output/host/bin/arm-none-linux-gnueabihf-gcc  -c -D_LARGEFILE_SOURCE -D_LARGEFILE64_SOURCE -D_FILE_OFFSET_BITS=64  -Os   -D_LARGEFILE_SOURCE -D_LARGEFILE64_SOURCE -D_FILE_OFFSET_BITS=64 -DHAVE_EXPAT_CONFIG_H conftest.c >&5
configure:12892: $? = 0
configure:12905: result: none needed
configure:12927: checking whether C compiler accepts -Wall
configure:12946: /home/peter/buildroot-2020.02.8/output/host/bin/arm-none-linux-gnueabihf-gcc -c -D_LARGEFILE_SOURCE -D_LARGEFILE64_SOURCE -D_FILE_OFFSET_BITS=64  -Os    -Wall -D_LARGEFILE_SOURCE -D_LARGEFILE64_SOURCE -D_FILE_OFFSET_BITS=64 -DHAVE_EXPAT_CONFIG_H conftest.c >&5
configure:12946: $? = 0
configure:12955: result: yes
configure:12971: : CFLAGS="$CFLAGS"
configure:12974: $? = 0
configure:12927: checking whether C compiler accepts -Wextra
configure:12946: /home/peter/buildroot-2020.02.8/output/host/bin/arm-none-linux-gnueabihf-gcc -c -D_LARGEFILE_SOURCE -D_LARGEFILE64_SOURCE -D_FILE_OFFSET_BITS=64  -Os   -Wall  -Wextra -D_LARGEFILE_SOURCE -D_LARGEFILE64_SOURCE -D_FILE_OFFSET_BITS=64 -DHAVE_EXPAT_CONFIG_H conftest.c >&5
configure:12946: $? = 0
configure:12955: result: yes
configure:12971: : CFLAGS="$CFLAGS"
configure:12974: $? = 0
configure:13002: checking whether C compiler accepts -fexceptions
configure:13021: /home/peter/buildroot-2020.02.8/output/host/bin/arm-none-linux-gnueabihf-gcc -c -D_LARGEFILE_SOURCE -D_LARGEFILE64_SOURCE -D_FILE_OFFSET_BITS=64  -Os   -Wall -Wextra  -fexceptions -D_LARGEFILE_SOURCE -D_LARGEFILE64_SOURCE -D_FILE_OFFSET_BITS=64 -DHAVE_EXPAT_CONFIG_H conftest.c >&5
configure:13021: $? = 0
configure:13030: result: yes
configure:13046: : CFLAGS="$CFLAGS"
configure:13049: $? = 0
configure:13077: checking whether C compiler accepts -fno-strict-aliasing
configure:13096: /home/peter/buildroot-2020.02.8/output/host/bin/arm-none-linux-gnueabihf-gcc -c -D_LARGEFILE_SOURCE -D_LARGEFILE64_SOURCE -D_FILE_OFFSET_BITS=64  -Os   -Wall -Wextra -fexceptions  -fno-strict-aliasing -D_LARGEFILE_SOURCE -D_LARGEFILE64_SOURCE -D_FILE_OFFSET_BITS=64 -DHAVE_EXPAT_CONFIG_H conftest.c >&5
configure:13096: $? = 0
configure:13105: result: yes
configure:13121: : CFLAGS="$CFLAGS"
configure:13124: $? = 0
configure:13077: checking whether C compiler accepts -Wmissing-prototypes
configure:13096: /home/peter/buildroot-2020.02.8/output/host/bin/arm-none-linux-gnueabihf-gcc -c -D_LARGEFILE_SOURCE -D_LARGEFILE64_SOURCE -D_FILE_OFFSET_BITS=64  -Os   -Wall -Wextra -fexceptions -fno-strict-aliasing  -Wmissing-prototypes -D_LARGEFILE_SOURCE -D_LARGEFILE64_SOURCE -D_FILE_OFFSET_BITS=64 -DHAVE_EXPAT_CONFIG_H conftest.c >&5
configure:13096: $? = 0
configure:13105: result: yes
configure:13121: : CFLAGS="$CFLAGS"
configure:13124: $? = 0
configure:13077: checking whether C compiler accepts -Wstrict-prototypes
configure:13096: /home/peter/buildroot-2020.02.8/output/host/bin/arm-none-linux-gnueabihf-gcc -c -D_LARGEFILE_SOURCE -D_LARGEFILE64_SOURCE -D_FILE_OFFSET_BITS=64  -Os   -Wall -Wextra -fexceptions -fno-strict-aliasing -Wmissing-prototypes  -Wstrict-prototypes -D_LARGEFILE_SOURCE -D_LARGEFILE64_SOURCE -D_FILE_OFFSET_BITS=64 -DHAVE_EXPAT_CONFIG_H conftest.c >&5
conftest.c:25:1: warning: function declaration isn't a prototype [-Wstrict-prototypes]
   25 | main ()
      | ^~~~
configure:13096: $? = 0
configure:13105: result: yes
configure:13121: : CFLAGS="$CFLAGS"
configure:13124: $? = 0
configure:13152: checking whether C compiler accepts -pedantic
configure:13171: /home/peter/buildroot-2020.02.8/output/host/bin/arm-none-linux-gnueabihf-gcc -c -D_LARGEFILE_SOURCE -D_LARGEFILE64_SOURCE -D_FILE_OFFSET_BITS=64  -Os   -Wall -Wextra -fexceptions -fno-strict-aliasing -Wmissing-prototypes -Wstrict-prototypes  -pedantic -D_LARGEFILE_SOURCE -D_LARGEFILE64_SOURCE -D_FILE_OFFSET_BITS=64 -DHAVE_EXPAT_CONFIG_H conftest.c >&5
conftest.c:25:1: warning: function declaration isn't a prototype [-Wstrict-prototypes]
   25 | main ()
      | ^~~~
configure:13171: $? = 0
configure:13180: result: yes
configure:13196: : CFLAGS="$CFLAGS"
configure:13199: $? = 0
configure:13152: checking whether C compiler accepts -Wduplicated-cond
configure:13171: /home/peter/buildroot-2020.02.8/output/host/bin/arm-none-linux-gnueabihf-gcc -c -D_LARGEFILE_SOURCE -D_LARGEFILE64_SOURCE -D_FILE_OFFSET_BITS=64  -Os   -Wall -Wextra -fexceptions -fno-strict-aliasing -Wmissing-prototypes -Wstrict-prototypes -pedantic  -Wduplicated-cond -D_LARGEFILE_SOURCE -D_LARGEFILE64_SOURCE -D_FILE_OFFSET_BITS=64 -DHAVE_EXPAT_CONFIG_H conftest.c >&5
conftest.c:25:1: warning: function declaration isn't a prototype [-Wstrict-prototypes]
   25 | main ()
      | ^~~~
configure:13171: $? = 0
configure:13180: result: yes
configure:13196: : CFLAGS="$CFLAGS"
configure:13199: $? = 0
configure:13152: checking whether C compiler accepts -Wduplicated-branches
configure:13171: /home/peter/buildroot-2020.02.8/output/host/bin/arm-none-linux-gnueabihf-gcc -c -D_LARGEFILE_SOURCE -D_LARGEFILE64_SOURCE -D_FILE_OFFSET_BITS=64  -Os   -Wall -Wextra -fexceptions -fno-strict-aliasing -Wmissing-prototypes -Wstrict-prototypes -pedantic -Wduplicated-cond  -Wduplicated-branches -D_LARGEFILE_SOURCE -D_LARGEFILE64_SOURCE -D_FILE_OFFSET_BITS=64 -DHAVE_EXPAT_CONFIG_H conftest.c >&5
conftest.c:25:1: warning: function declaration isn't a prototype [-Wstrict-prototypes]
   25 | main ()
      | ^~~~
configure:13171: $? = 0
configure:13180: result: yes
configure:13196: : CFLAGS="$CFLAGS"
configure:13199: $? = 0
configure:13152: checking whether C compiler accepts -Wlogical-op
configure:13171: /home/peter/buildroot-2020.02.8/output/host/bin/arm-none-linux-gnueabihf-gcc -c -D_LARGEFILE_SOURCE -D_LARGEFILE64_SOURCE -D_FILE_OFFSET_BITS=64  -Os   -Wall -Wextra -fexceptions -fno-strict-aliasing -Wmissing-prototypes -Wstrict-prototypes -pedantic -Wduplicated-cond -Wduplicated-branches  -Wlogical-op -D_LARGEFILE_SOURCE -D_LARGEFILE64_SOURCE -D_FILE_OFFSET_BITS=64 -DHAVE_EXPAT_CONFIG_H conftest.c >&5
conftest.c:25:1: warning: function declaration isn't a prototype [-Wstrict-prototypes]
   25 | main ()
      | ^~~~
configure:13171: $? = 0
configure:13180: result: yes
configure:13196: : CFLAGS="$CFLAGS"
configure:13199: $? = 0
configure:13227: checking whether C compiler accepts -Wrestrict
configure:13246: /home/peter/buildroot-2020.02.8/output/host/bin/arm-none-linux-gnueabihf-gcc -c -D_LARGEFILE_SOURCE -D_LARGEFILE64_SOURCE -D_FILE_OFFSET_BITS=64  -Os   -Wall -Wextra -fexceptions -fno-strict-aliasing -Wmissing-prototypes -Wstrict-prototypes -pedantic -Wduplicated-cond -Wduplicated-branches -Wlogical-op  -Wrestrict -D_LARGEFILE_SOURCE -D_LARGEFILE64_SOURCE -D_FILE_OFFSET_BITS=64 -DHAVE_EXPAT_CONFIG_H conftest.c >&5
conftest.c:25:1: warning: function declaration isn't a prototype [-Wstrict-prototypes]
   25 | main ()
      | ^~~~
configure:13246: $? = 0
configure:13255: result: yes
configure:13271: : CFLAGS="$CFLAGS"
configure:13274: $? = 0
configure:13227: checking whether C compiler accepts -Wnull-dereference
configure:13246: /home/peter/buildroot-2020.02.8/output/host/bin/arm-none-linux-gnueabihf-gcc -c -D_LARGEFILE_SOURCE -D_LARGEFILE64_SOURCE -D_FILE_OFFSET_BITS=64  -Os   -Wall -Wextra -fexceptions -fno-strict-aliasing -Wmissing-prototypes -Wstrict-prototypes -pedantic -Wduplicated-cond -Wduplicated-branches -Wlogical-op -Wrestrict  -Wnull-dereference -D_LARGEFILE_SOURCE -D_LARGEFILE64_SOURCE -D_FILE_OFFSET_BITS=64 -DHAVE_EXPAT_CONFIG_H conftest.c >&5
conftest.c:25:1: warning: function declaration isn't a prototype [-Wstrict-prototypes]
   25 | main ()
      | ^~~~
configure:13246: $? = 0
configure:13255: result: yes
configure:13271: : CFLAGS="$CFLAGS"
configure:13274: $? = 0
configure:13227: checking whether C compiler accepts -Wjump-misses-init
configure:13246: /home/peter/buildroot-2020.02.8/output/host/bin/arm-none-linux-gnueabihf-gcc -c -D_LARGEFILE_SOURCE -D_LARGEFILE64_SOURCE -D_FILE_OFFSET_BITS=64  -Os   -Wall -Wextra -fexceptions -fno-strict-aliasing -Wmissing-prototypes -Wstrict-prototypes -pedantic -Wduplicated-cond -Wduplicated-branches -Wlogical-op -Wrestrict -Wnull-dereference  -Wjump-misses-init -D_LARGEFILE_SOURCE -D_LARGEFILE64_SOURCE -D_FILE_OFFSET_BITS=64 -DHAVE_EXPAT_CONFIG_H conftest.c >&5
conftest.c:25:1: warning: function declaration isn't a prototype [-Wstrict-prototypes]
   25 | main ()
      | ^~~~
configure:13246: $? = 0
configure:13255: result: yes
configure:13271: : CFLAGS="$CFLAGS"
configure:13274: $? = 0
configure:13227: checking whether C compiler accepts -Wdouble-promotion
configure:13246: /home/peter/buildroot-2020.02.8/output/host/bin/arm-none-linux-gnueabihf-gcc -c -D_LARGEFILE_SOURCE -D_LARGEFILE64_SOURCE -D_FILE_OFFSET_BITS=64  -Os   -Wall -Wextra -fexceptions -fno-strict-aliasing -Wmissing-prototypes -Wstrict-prototypes -pedantic -Wduplicated-cond -Wduplicated-branches -Wlogical-op -Wrestrict -Wnull-dereference -Wjump-misses-init  -Wdouble-promotion -D_LARGEFILE_SOURCE -D_LARGEFILE64_SOURCE -D_FILE_OFFSET_BITS=64 -DHAVE_EXPAT_CONFIG_H conftest.c >&5
conftest.c:25:1: warning: function declaration isn't a prototype [-Wstrict-prototypes]
   25 | main ()
      | ^~~~
configure:13246: $? = 0
configure:13255: result: yes
configure:13271: : CFLAGS="$CFLAGS"
configure:13274: $? = 0
configure:13302: checking whether C compiler accepts -Wshadow
configure:13321: /home/peter/buildroot-2020.02.8/output/host/bin/arm-none-linux-gnueabihf-gcc -c -D_LARGEFILE_SOURCE -D_LARGEFILE64_SOURCE -D_FILE_OFFSET_BITS=64  -Os   -Wall -Wextra -fexceptions -fno-strict-aliasing -Wmissing-prototypes -Wstrict-prototypes -pedantic -Wduplicated-cond -Wduplicated-branches -Wlogical-op -Wrestrict -Wnull-dereference -Wjump-misses-init -Wdouble-promotion  -Wshadow -D_LARGEFILE_SOURCE -D_LARGEFILE64_SOURCE -D_FILE_OFFSET_BITS=64 -DHAVE_EXPAT_CONFIG_H conftest.c >&5
conftest.c:25:1: warning: function declaration isn't a prototype [-Wstrict-prototypes]
   25 | main ()
      | ^~~~
configure:13321: $? = 0
configure:13330: result: yes
configure:13346: : CFLAGS="$CFLAGS"
configure:13349: $? = 0
configure:13302: checking whether C compiler accepts -Wformat=2
configure:13321: /home/peter/buildroot-2020.02.8/output/host/bin/arm-none-linux-gnueabihf-gcc -c -D_LARGEFILE_SOURCE -D_LARGEFILE64_SOURCE -D_FILE_OFFSET_BITS=64  -Os   -Wall -Wextra -fexceptions -fno-strict-aliasing -Wmissing-prototypes -Wstrict-prototypes -pedantic -Wduplicated-cond -Wduplicated-branches -Wlogical-op -Wrestrict -Wnull-dereference -Wjump-misses-init -Wdouble-promotion -Wshadow  -Wformat=2 -D_LARGEFILE_SOURCE -D_LARGEFILE64_SOURCE -D_FILE_OFFSET_BITS=64 -DHAVE_EXPAT_CONFIG_H conftest.c >&5
conftest.c:25:1: warning: function declaration isn't a prototype [-Wstrict-prototypes]
   25 | main ()
      | ^~~~
configure:13321: $? = 0
configure:13330: result: yes
configure:13346: : CFLAGS="$CFLAGS"
configure:13349: $? = 0
configure:13302: checking whether C compiler accepts -Wmisleading-indentation
configure:13321: /home/peter/buildroot-2020.02.8/output/host/bin/arm-none-linux-gnueabihf-gcc -c -D_LARGEFILE_SOURCE -D_LARGEFILE64_SOURCE -D_FILE_OFFSET_BITS=64  -Os   -Wall -Wextra -fexceptions -fno-strict-aliasing -Wmissing-prototypes -Wstrict-prototypes -pedantic -Wduplicated-cond -Wduplicated-branches -Wlogical-op -Wrestrict -Wnull-dereference -Wjump-misses-init -Wdouble-promotion -Wshadow -Wformat=2  -Wmisleading-indentation -D_LARGEFILE_SOURCE -D_LARGEFILE64_SOURCE -D_FILE_OFFSET_BITS=64 -DHAVE_EXPAT_CONFIG_H conftest.c >&5
conftest.c:25:1: warning: function declaration isn't a prototype [-Wstrict-prototypes]
   25 | main ()
      | ^~~~
configure:13321: $? = 0
configure:13330: result: yes
configure:13346: : CFLAGS="$CFLAGS"
configure:13349: $? = 0
configure:13491: checking for C++ compiler version
configure:13500: no --version >&5
./configure: line 13502: no: command not found
configure:13511: $? = 127
configure:13500: no -v >&5
./configure: line 13502: no: command not found
configure:13511: $? = 127
configure:13500: no -V >&5
./configure: line 13502: no: command not found
configure:13511: $? = 127
configure:13500: no -qversion >&5
./configure: line 13502: no: command not found
configure:13511: $? = 127
configure:13515: checking whether we are using the GNU C++ compiler
configure:13534: no -c -D_LARGEFILE_SOURCE -D_LARGEFILE64_SOURCE -D_FILE_OFFSET_BITS=64  -Os   -D_LARGEFILE_SOURCE -D_LARGEFILE64_SOURCE -D_FILE_OFFSET_BITS=64 -DHAVE_EXPAT_CONFIG_H conftest.cpp >&5
./configure: line 1849: no: command not found
configure:13534: $? = 127
configure: failed program was:
| /* confdefs.h */
| #define PACKAGE_NAME "expat"
| #define PACKAGE_TARNAME "expat"
| #define PACKAGE_VERSION "2.2.9"
| #define PACKAGE_STRING "expat 2.2.9"
| #define PACKAGE_BUGREPORT "expat-bugs@libexpat.org"
| #define PACKAGE_URL ""
| #define PACKAGE "expat"
| #define VERSION "2.2.9"
| #define STDC_HEADERS 1
| #define HAVE_SYS_TYPES_H 1
| #define HAVE_SYS_STAT_H 1
| #define HAVE_STDLIB_H 1
| #define HAVE_STRING_H 1
| #define HAVE_MEMORY_H 1
| #define HAVE_STRINGS_H 1
| #define HAVE_INTTYPES_H 1
| #define HAVE_STDINT_H 1
| #define HAVE_UNISTD_H 1
| #define HAVE_DLFCN_H 1
| #define LT_OBJDIR ".libs/"
| /* end confdefs.h.  */
| 
| int
| main ()
| {
| #ifndef __GNUC__
|        choke me
| #endif
| 
|   ;
|   return 0;
| }
configure:13543: result: no
configure:13552: checking whether no accepts -g
configure:13572: no -c -g -D_LARGEFILE_SOURCE -D_LARGEFILE64_SOURCE -D_FILE_OFFSET_BITS=64 -DHAVE_EXPAT_CONFIG_H conftest.cpp >&5
./configure: line 1849: no: command not found
configure:13572: $? = 127
configure: failed program was:
| /* confdefs.h */
| #define PACKAGE_NAME "expat"
| #define PACKAGE_TARNAME "expat"
| #define PACKAGE_VERSION "2.2.9"
| #define PACKAGE_STRING "expat 2.2.9"
| #define PACKAGE_BUGREPORT "expat-bugs@libexpat.org"
| #define PACKAGE_URL ""
| #define PACKAGE "expat"
| #define VERSION "2.2.9"
| #define STDC_HEADERS 1
| #define HAVE_SYS_TYPES_H 1
| #define HAVE_SYS_STAT_H 1
| #define HAVE_STDLIB_H 1
| #define HAVE_STRING_H 1
| #define HAVE_MEMORY_H 1
| #define HAVE_STRINGS_H 1
| #define HAVE_INTTYPES_H 1
| #define HAVE_STDINT_H 1
| #define HAVE_UNISTD_H 1
| #define HAVE_DLFCN_H 1
| #define LT_OBJDIR ".libs/"
| /* end confdefs.h.  */
| 
| int
| main ()
| {
| 
|   ;
|   return 0;
| }
configure:13587: no -c  -D_LARGEFILE_SOURCE -D_LARGEFILE64_SOURCE -D_FILE_OFFSET_BITS=64 -DHAVE_EXPAT_CONFIG_H conftest.cpp >&5
./configure: line 1849: no: command not found
configure:13587: $? = 127
configure: failed program was:
| /* confdefs.h */
| #define PACKAGE_NAME "expat"
| #define PACKAGE_TARNAME "expat"
| #define PACKAGE_VERSION "2.2.9"
| #define PACKAGE_STRING "expat 2.2.9"
| #define PACKAGE_BUGREPORT "expat-bugs@libexpat.org"
| #define PACKAGE_URL ""
| #define PACKAGE "expat"
| #define VERSION "2.2.9"
| #define STDC_HEADERS 1
| #define HAVE_SYS_TYPES_H 1
| #define HAVE_SYS_STAT_H 1
| #define HAVE_STDLIB_H 1
| #define HAVE_STRING_H 1
| #define HAVE_MEMORY_H 1
| #define HAVE_STRINGS_H 1
| #define HAVE_INTTYPES_H 1
| #define HAVE_STDINT_H 1
| #define HAVE_UNISTD_H 1
| #define HAVE_DLFCN_H 1
| #define LT_OBJDIR ".libs/"
| /* end confdefs.h.  */
| 
| int
| main ()
| {
| 
|   ;
|   return 0;
| }
configure:13603: no -c -g -D_LARGEFILE_SOURCE -D_LARGEFILE64_SOURCE -D_FILE_OFFSET_BITS=64 -DHAVE_EXPAT_CONFIG_H conftest.cpp >&5
./configure: line 1849: no: command not found
configure:13603: $? = 127
configure: failed program was:
| /* confdefs.h */
| #define PACKAGE_NAME "expat"
| #define PACKAGE_TARNAME "expat"
| #define PACKAGE_VERSION "2.2.9"
| #define PACKAGE_STRING "expat 2.2.9"
| #define PACKAGE_BUGREPORT "expat-bugs@libexpat.org"
| #define PACKAGE_URL ""
| #define PACKAGE "expat"
| #define VERSION "2.2.9"
| #define STDC_HEADERS 1
| #define HAVE_SYS_TYPES_H 1
| #define HAVE_SYS_STAT_H 1
| #define HAVE_STDLIB_H 1
| #define HAVE_STRING_H 1
| #define HAVE_MEMORY_H 1
| #define HAVE_STRINGS_H 1
| #define HAVE_INTTYPES_H 1
| #define HAVE_STDINT_H 1
| #define HAVE_UNISTD_H 1
| #define HAVE_DLFCN_H 1
| #define LT_OBJDIR ".libs/"
| /* end confdefs.h.  */
| 
| int
| main ()
| {
| 
|   ;
|   return 0;
| }
configure:13613: result: no
configure:13638: checking dependency style of no
configure:13749: result: none
configure:17099: checking whether C++ compiler accepts -Wall
configure:17118: no -c -D_LARGEFILE_SOURCE -D_LARGEFILE64_SOURCE -D_FILE_OFFSET_BITS=64  -Os    -Wall -D_LARGEFILE_SOURCE -D_LARGEFILE64_SOURCE -D_FILE_OFFSET_BITS=64 -DHAVE_EXPAT_CONFIG_H conftest.cpp >&5
./configure: line 1849: no: command not found
configure:17118: $? = 127
configure: failed program was:
| /* confdefs.h */
| #define PACKAGE_NAME "expat"
| #define PACKAGE_TARNAME "expat"
| #define PACKAGE_VERSION "2.2.9"
| #define PACKAGE_STRING "expat 2.2.9"
| #define PACKAGE_BUGREPORT "expat-bugs@libexpat.org"
| #define PACKAGE_URL ""
| #define PACKAGE "expat"
| #define VERSION "2.2.9"
| #define STDC_HEADERS 1
| #define HAVE_SYS_TYPES_H 1
| #define HAVE_SYS_STAT_H 1
| #define HAVE_STDLIB_H 1
| #define HAVE_STRING_H 1
| #define HAVE_MEMORY_H 1
| #define HAVE_STRINGS_H 1
| #define HAVE_INTTYPES_H 1
| #define HAVE_STDINT_H 1
| #define HAVE_UNISTD_H 1
| #define HAVE_DLFCN_H 1
| #define LT_OBJDIR ".libs/"
| /* end confdefs.h.  */
| 
| int
| main ()
| {
| 
|   ;
|   return 0;
| }
configure:17127: result: no
configure:17099: checking whether C++ compiler accepts -Wextra
configure:17118: no -c -D_LARGEFILE_SOURCE -D_LARGEFILE64_SOURCE -D_FILE_OFFSET_BITS=64  -Os    -Wextra -D_LARGEFILE_SOURCE -D_LARGEFILE64_SOURCE -D_FILE_OFFSET_BITS=64 -DHAVE_EXPAT_CONFIG_H conftest.cpp >&5
./configure: line 1849: no: command not found
configure:17118: $? = 127
configure: failed program was:
| /* confdefs.h */
| #define PACKAGE_NAME "expat"
| #define PACKAGE_TARNAME "expat"
| #define PACKAGE_VERSION "2.2.9"
| #define PACKAGE_STRING "expat 2.2.9"
| #define PACKAGE_BUGREPORT "expat-bugs@libexpat.org"
| #define PACKAGE_URL ""
| #define PACKAGE "expat"
| #define VERSION "2.2.9"
| #define STDC_HEADERS 1
| #define HAVE_SYS_TYPES_H 1
| #define HAVE_SYS_STAT_H 1
| #define HAVE_STDLIB_H 1
| #define HAVE_STRING_H 1
| #define HAVE_MEMORY_H 1
| #define HAVE_STRINGS_H 1
| #define HAVE_INTTYPES_H 1
| #define HAVE_STDINT_H 1
| #define HAVE_UNISTD_H 1
| #define HAVE_DLFCN_H 1
| #define LT_OBJDIR ".libs/"
| /* end confdefs.h.  */
| 
| int
| main ()
| {
| 
|   ;
|   return 0;
| }
configure:17127: result: no
configure:17174: checking whether C++ compiler accepts -fexceptions
configure:17193: no -c -D_LARGEFILE_SOURCE -D_LARGEFILE64_SOURCE -D_FILE_OFFSET_BITS=64  -Os    -fexceptions -D_LARGEFILE_SOURCE -D_LARGEFILE64_SOURCE -D_FILE_OFFSET_BITS=64 -DHAVE_EXPAT_CONFIG_H conftest.cpp >&5
./configure: line 1849: no: command not found
configure:17193: $? = 127
configure: failed program was:
| /* confdefs.h */
| #define PACKAGE_NAME "expat"
| #define PACKAGE_TARNAME "expat"
| #define PACKAGE_VERSION "2.2.9"
| #define PACKAGE_STRING "expat 2.2.9"
| #define PACKAGE_BUGREPORT "expat-bugs@libexpat.org"
| #define PACKAGE_URL ""
| #define PACKAGE "expat"
| #define VERSION "2.2.9"
| #define STDC_HEADERS 1
| #define HAVE_SYS_TYPES_H 1
| #define HAVE_SYS_STAT_H 1
| #define HAVE_STDLIB_H 1
| #define HAVE_STRING_H 1
| #define HAVE_MEMORY_H 1
| #define HAVE_STRINGS_H 1
| #define HAVE_INTTYPES_H 1
| #define HAVE_STDINT_H 1
| #define HAVE_UNISTD_H 1
| #define HAVE_DLFCN_H 1
| #define LT_OBJDIR ".libs/"
| /* end confdefs.h.  */
| 
| int
| main ()
| {
| 
|   ;
|   return 0;
| }
configure:17202: result: no
configure:17249: checking whether C++ compiler accepts -fno-strict-aliasing
configure:17268: no -c -D_LARGEFILE_SOURCE -D_LARGEFILE64_SOURCE -D_FILE_OFFSET_BITS=64  -Os    -fno-strict-aliasing -D_LARGEFILE_SOURCE -D_LARGEFILE64_SOURCE -D_FILE_OFFSET_BITS=64 -DHAVE_EXPAT_CONFIG_H conftest.cpp >&5
./configure: line 1849: no: command not found
configure:17268: $? = 127
configure: failed program was:
| /* confdefs.h */
| #define PACKAGE_NAME "expat"
| #define PACKAGE_TARNAME "expat"
| #define PACKAGE_VERSION "2.2.9"
| #define PACKAGE_STRING "expat 2.2.9"
| #define PACKAGE_BUGREPORT "expat-bugs@libexpat.org"
| #define PACKAGE_URL ""
| #define PACKAGE "expat"
| #define VERSION "2.2.9"
| #define STDC_HEADERS 1
| #define HAVE_SYS_TYPES_H 1
| #define HAVE_SYS_STAT_H 1
| #define HAVE_STDLIB_H 1
| #define HAVE_STRING_H 1
| #define HAVE_MEMORY_H 1
| #define HAVE_STRINGS_H 1
| #define HAVE_INTTYPES_H 1
| #define HAVE_STDINT_H 1
| #define HAVE_UNISTD_H 1
| #define HAVE_DLFCN_H 1
| #define LT_OBJDIR ".libs/"
| /* end confdefs.h.  */
| 
| int
| main ()
| {
| 
|   ;
|   return 0;
| }
configure:17277: result: no
configure:17333: checking whether the linker accepts -fno-strict-aliasing
configure:17352: /home/peter/buildroot-2020.02.8/output/host/bin/arm-none-linux-gnueabihf-gcc -o conftest -D_LARGEFILE_SOURCE -D_LARGEFILE64_SOURCE -D_FILE_OFFSET_BITS=64  -Os   -Wall -Wextra -fexceptions -fno-strict-aliasing -Wmissing-prototypes -Wstrict-prototypes -pedantic -Wduplicated-cond -Wduplicated-branches -Wlogical-op -Wrestrict -Wnull-dereference -Wjump-misses-init -Wdouble-promotion -Wshadow -Wformat=2 -Wmisleading-indentation -D_LARGEFILE_SOURCE -D_LARGEFILE64_SOURCE -D_FILE_OFFSET_BITS=64 -DHAVE_EXPAT_CONFIG_H   -fno-strict-aliasing conftest.c  >&5
conftest.c:25:1: warning: function declaration isn't a prototype [-Wstrict-prototypes]
   25 | main ()
      | ^~~~
configure:17352: $? = 0
configure:17362: result: yes
configure:17378: : LDFLAGS="$LDFLAGS"
configure:17381: $? = 0
configure:17417: checking whether compiler supports visibility
configure:17432: /home/peter/buildroot-2020.02.8/output/host/bin/arm-none-linux-gnueabihf-gcc -c -D_LARGEFILE_SOURCE -D_LARGEFILE64_SOURCE -D_FILE_OFFSET_BITS=64  -Os   -Wall -Wextra -fexceptions -fno-strict-aliasing -Wmissing-prototypes -Wstrict-prototypes -pedantic -Wduplicated-cond -Wduplicated-branches -Wlogical-op -Wrestrict -Wnull-dereference -Wjump-misses-init -Wdouble-promotion -Wshadow -Wformat=2 -Wmisleading-indentation -fvisibility=hidden -Wall -Werror -Wno-unknown-warning-option -D_LARGEFILE_SOURCE -D_LARGEFILE64_SOURCE -D_FILE_OFFSET_BITS=64 -DHAVE_EXPAT_CONFIG_H conftest.c >&5
configure:17432: $? = 0
configure:17438: result: yes
configure:17455: : CFLAGS="$CFLAGS"
configure:17458: $? = 0
configure:17487: : CFLAGS="$CFLAGS"
configure:17490: $? = 0
configure:17508: checking for ANSI C header files
configure:17612: result: yes
configure:17622: checking whether byte ordering is bigendian
configure:17828: result: no
configure:17853: checking for an ANSI C-conforming const
configure:17919: /home/peter/buildroot-2020.02.8/output/host/bin/arm-none-linux-gnueabihf-gcc -c -D_LARGEFILE_SOURCE -D_LARGEFILE64_SOURCE -D_FILE_OFFSET_BITS=64  -Os   -Wall -Wextra -fexceptions -fno-strict-aliasing -Wmissing-prototypes -Wstrict-prototypes -pedantic -Wduplicated-cond -Wduplicated-branches -Wlogical-op -Wrestrict -Wnull-dereference -Wjump-misses-init -Wdouble-promotion -Wshadow -Wformat=2 -Wmisleading-indentation -fvisibility=hidden -DXML_ENABLE_VISIBILITY=1 -D_LARGEFILE_SOURCE -D_LARGEFILE64_SOURCE -D_FILE_OFFSET_BITS=64 -DHAVE_EXPAT_CONFIG_H conftest.c >&5
conftest.c:27:1: warning: function declaration isn't a prototype [-Wstrict-prototypes]
   27 | main ()
      | ^~~~
conftest.c: In function 'main':
conftest.c:53:36: warning: this condition has identical branches [-Wduplicated-branches]
   53 |     char const *s = 0 ? (char *) 0 : (char const *) 0;
      |                                    ^
configure:17919: $? = 0
configure:17926: result: yes
configure:17934: checking for size_t
configure:17934: /home/peter/buildroot-2020.02.8/output/host/bin/arm-none-linux-gnueabihf-gcc -c -D_LARGEFILE_SOURCE -D_LARGEFILE64_SOURCE -D_FILE_OFFSET_BITS=64  -Os   -Wall -Wextra -fexceptions -fno-strict-aliasing -Wmissing-prototypes -Wstrict-prototypes -pedantic -Wduplicated-cond -Wduplicated-branches -Wlogical-op -Wrestrict -Wnull-dereference -Wjump-misses-init -Wdouble-promotion -Wshadow -Wformat=2 -Wmisleading-indentation -fvisibility=hidden -DXML_ENABLE_VISIBILITY=1 -D_LARGEFILE_SOURCE -D_LARGEFILE64_SOURCE -D_FILE_OFFSET_BITS=64 -DHAVE_EXPAT_CONFIG_H conftest.c >&5
conftest.c:59:1: warning: function declaration isn't a prototype [-Wstrict-prototypes]
   59 | main ()
      | ^~~~
configure:17934: $? = 0
configure:17934: /home/peter/buildroot-2020.02.8/output/host/bin/arm-none-linux-gnueabihf-gcc -c -D_LARGEFILE_SOURCE -D_LARGEFILE64_SOURCE -D_FILE_OFFSET_BITS=64  -Os   -Wall -Wextra -fexceptions -fno-strict-aliasing -Wmissing-prototypes -Wstrict-prototypes -pedantic -Wduplicated-cond -Wduplicated-branches -Wlogical-op -Wrestrict -Wnull-dereference -Wjump-misses-init -Wdouble-promotion -Wshadow -Wformat=2 -Wmisleading-indentation -fvisibility=hidden -DXML_ENABLE_VISIBILITY=1 -D_LARGEFILE_SOURCE -D_LARGEFILE64_SOURCE -D_FILE_OFFSET_BITS=64 -DHAVE_EXPAT_CONFIG_H conftest.c >&5
conftest.c:59:1: warning: function declaration isn't a prototype [-Wstrict-prototypes]
   59 | main ()
      | ^~~~
conftest.c: In function 'main':
conftest.c:61:21: error: expected expression before ')' token
   61 | if (sizeof ((size_t)))
      |                     ^
configure:17934: $? = 1
configure: failed program was:
| /* confdefs.h */
| #define PACKAGE_NAME "expat"
| #define PACKAGE_TARNAME "expat"
| #define PACKAGE_VERSION "2.2.9"
| #define PACKAGE_STRING "expat 2.2.9"
| #define PACKAGE_BUGREPORT "expat-bugs@libexpat.org"
| #define PACKAGE_URL ""
| #define PACKAGE "expat"
| #define VERSION "2.2.9"
| #define STDC_HEADERS 1
| #define HAVE_SYS_TYPES_H 1
| #define HAVE_SYS_STAT_H 1
| #define HAVE_STDLIB_H 1
| #define HAVE_STRING_H 1
| #define HAVE_MEMORY_H 1
| #define HAVE_STRINGS_H 1
| #define HAVE_INTTYPES_H 1
| #define HAVE_STDINT_H 1
| #define HAVE_UNISTD_H 1
| #define HAVE_DLFCN_H 1
| #define LT_OBJDIR ".libs/"
| #define STDC_HEADERS 1
| #define BYTEORDER 1234
| /* end confdefs.h.  */
| #include <stdio.h>
| #ifdef HAVE_SYS_TYPES_H
| # include <sys/types.h>
| #endif
| #ifdef HAVE_SYS_STAT_H
| # include <sys/stat.h>
| #endif
| #ifdef STDC_HEADERS
| # include <stdlib.h>
| # include <stddef.h>
| #else
| # ifdef HAVE_STDLIB_H
| #  include <stdlib.h>
| # endif
| #endif
| #ifdef HAVE_STRING_H
| # if !defined STDC_HEADERS && defined HAVE_MEMORY_H
| #  include <memory.h>
| # endif
| # include <string.h>
| #endif
| #ifdef HAVE_STRINGS_H
| # include <strings.h>
| #endif
| #ifdef HAVE_INTTYPES_H
| # include <inttypes.h>
| #endif
| #ifdef HAVE_STDINT_H
| # include <stdint.h>
| #endif
| #ifdef HAVE_UNISTD_H
| # include <unistd.h>
| #endif
| int
| main ()
| {
| if (sizeof ((size_t)))
| 	    return 0;
|   ;
|   return 0;
| }
configure:17934: result: yes
configure:18085: checking for arc4random_buf (BSD or libbsd)
configure:18100: /home/peter/buildroot-2020.02.8/output/host/bin/arm-none-linux-gnueabihf-gcc -o conftest -D_LARGEFILE_SOURCE -D_LARGEFILE64_SOURCE -D_FILE_OFFSET_BITS=64  -Os   -Wall -Wextra -fexceptions -fno-strict-aliasing -Wmissing-prototypes -Wstrict-prototypes -pedantic -Wduplicated-cond -Wduplicated-branches -Wlogical-op -Wrestrict -Wnull-dereference -Wjump-misses-init -Wdouble-promotion -Wshadow -Wformat=2 -Wmisleading-indentation -fvisibility=hidden -DXML_ENABLE_VISIBILITY=1 -D_LARGEFILE_SOURCE -D_LARGEFILE64_SOURCE -D_FILE_OFFSET_BITS=64 -DHAVE_EXPAT_CONFIG_H  -fno-strict-aliasing conftest.c  >&5
conftest.c:30:9: warning: function declaration isn't a prototype [-Wstrict-prototypes]
   30 |     int main() {
      |         ^~~~
conftest.c: In function 'main':
conftest.c:31:7: warning: implicit declaration of function 'arc4random_buf' [-Wimplicit-function-declaration]
   31 |       arc4random_buf(NULL, 0U);
      |       ^~~~~~~~~~~~~~
/home/peter/gcc-arm-9.2-2019.12-x86_64-arm-none-linux-gnueabihf/bin/../lib/gcc/arm-none-linux-gnueabihf/9.2.1/../../../../arm-none-linux-gnueabihf/bin/ld: /tmp/ccUhuXH9.o: in function `main':
conftest.c:(.text.startup+0xc): undefined reference to `arc4random_buf'
collect2: error: ld returned 1 exit status
configure:18100: $? = 1
configure: failed program was:
| /* confdefs.h */
| #define PACKAGE_NAME "expat"
| #define PACKAGE_TARNAME "expat"
| #define PACKAGE_VERSION "2.2.9"
| #define PACKAGE_STRING "expat 2.2.9"
| #define PACKAGE_BUGREPORT "expat-bugs@libexpat.org"
| #define PACKAGE_URL ""
| #define PACKAGE "expat"
| #define VERSION "2.2.9"
| #define STDC_HEADERS 1
| #define HAVE_SYS_TYPES_H 1
| #define HAVE_SYS_STAT_H 1
| #define HAVE_STDLIB_H 1
| #define HAVE_STRING_H 1
| #define HAVE_MEMORY_H 1
| #define HAVE_STRINGS_H 1
| #define HAVE_INTTYPES_H 1
| #define HAVE_STDINT_H 1
| #define HAVE_UNISTD_H 1
| #define HAVE_DLFCN_H 1
| #define LT_OBJDIR ".libs/"
| #define STDC_HEADERS 1
| #define BYTEORDER 1234
| /* end confdefs.h.  */
| 
|     #include <stdlib.h>  /* for arc4random_buf on BSD, for NULL */
|     #if defined(HAVE_LIBBSD)
|     # include <bsd/stdlib.h>
|     #endif
|     int main() {
|       arc4random_buf(NULL, 0U);
|       return 0;
|     }
| 
configure:18107: result: no
configure:18110: checking for arc4random (BSD, macOS or libbsd)
configure:18126: /home/peter/buildroot-2020.02.8/output/host/bin/arm-none-linux-gnueabihf-gcc -o conftest -D_LARGEFILE_SOURCE -D_LARGEFILE64_SOURCE -D_FILE_OFFSET_BITS=64  -Os   -Wall -Wextra -fexceptions -fno-strict-aliasing -Wmissing-prototypes -Wstrict-prototypes -pedantic -Wduplicated-cond -Wduplicated-branches -Wlogical-op -Wrestrict -Wnull-dereference -Wjump-misses-init -Wdouble-promotion -Wshadow -Wformat=2 -Wmisleading-indentation -fvisibility=hidden -DXML_ENABLE_VISIBILITY=1 -D_LARGEFILE_SOURCE -D_LARGEFILE64_SOURCE -D_FILE_OFFSET_BITS=64 -DHAVE_EXPAT_CONFIG_H  -fno-strict-aliasing conftest.c  >&5
conftest.c:31:12: warning: function declaration isn't a prototype [-Wstrict-prototypes]
   31 |        int main() {
      |            ^~~~
conftest.c: In function 'main':
conftest.c:32:11: warning: implicit declaration of function 'arc4random'; did you mean 'srandom'? [-Wimplicit-function-declaration]
   32 |           arc4random();
      |           ^~~~~~~~~~
      |           srandom
/home/peter/gcc-arm-9.2-2019.12-x86_64-arm-none-linux-gnueabihf/bin/../lib/gcc/arm-none-linux-gnueabihf/9.2.1/../../../../arm-none-linux-gnueabihf/bin/ld: /tmp/ccbMkxIh.o: in function `main':
conftest.c:(.text.startup+0x4): undefined reference to `arc4random'
collect2: error: ld returned 1 exit status
configure:18126: $? = 1
configure: failed program was:
| /* confdefs.h */
| #define PACKAGE_NAME "expat"
| #define PACKAGE_TARNAME "expat"
| #define PACKAGE_VERSION "2.2.9"
| #define PACKAGE_STRING "expat 2.2.9"
| #define PACKAGE_BUGREPORT "expat-bugs@libexpat.org"
| #define PACKAGE_URL ""
| #define PACKAGE "expat"
| #define VERSION "2.2.9"
| #define STDC_HEADERS 1
| #define HAVE_SYS_TYPES_H 1
| #define HAVE_SYS_STAT_H 1
| #define HAVE_STDLIB_H 1
| #define HAVE_STRING_H 1
| #define HAVE_MEMORY_H 1
| #define HAVE_STRINGS_H 1
| #define HAVE_INTTYPES_H 1
| #define HAVE_STDINT_H 1
| #define HAVE_UNISTD_H 1
| #define HAVE_DLFCN_H 1
| #define LT_OBJDIR ".libs/"
| #define STDC_HEADERS 1
| #define BYTEORDER 1234
| /* end confdefs.h.  */
| 
|        #if defined(HAVE_LIBBSD)
|        # include <bsd/stdlib.h>
|        #else
|        # include <stdlib.h>
|        #endif
|        int main() {
|           arc4random();
|           return 0;
|        }
| 
configure:18133: result: no
configure:18152: checking for getrandom (Linux 3.17+, glibc 2.25+)
configure:18164: /home/peter/buildroot-2020.02.8/output/host/bin/arm-none-linux-gnueabihf-gcc -o conftest -D_LARGEFILE_SOURCE -D_LARGEFILE64_SOURCE -D_FILE_OFFSET_BITS=64  -Os   -Wall -Wextra -fexceptions -fno-strict-aliasing -Wmissing-prototypes -Wstrict-prototypes -pedantic -Wduplicated-cond -Wduplicated-branches -Wlogical-op -Wrestrict -Wnull-dereference -Wjump-misses-init -Wdouble-promotion -Wshadow -Wformat=2 -Wmisleading-indentation -fvisibility=hidden -DXML_ENABLE_VISIBILITY=1 -D_LARGEFILE_SOURCE -D_LARGEFILE64_SOURCE -D_FILE_OFFSET_BITS=64 -DHAVE_EXPAT_CONFIG_H  -fno-strict-aliasing conftest.c  >&5
conftest.c:28:12: warning: function declaration isn't a prototype [-Wstrict-prototypes]
   28 |        int main() {
      |            ^~~~
configure:18164: $? = 0
configure:18168: result: yes
configure:18191: checking for syscall SYS_getrandom (Linux 3.17+)
configure:18205: /home/peter/buildroot-2020.02.8/output/host/bin/arm-none-linux-gnueabihf-gcc -o conftest -D_LARGEFILE_SOURCE -D_LARGEFILE64_SOURCE -D_FILE_OFFSET_BITS=64  -Os   -Wall -Wextra -fexceptions -fno-strict-aliasing -Wmissing-prototypes -Wstrict-prototypes -pedantic -Wduplicated-cond -Wduplicated-branches -Wlogical-op -Wrestrict -Wnull-dereference -Wjump-misses-init -Wdouble-promotion -Wshadow -Wformat=2 -Wmisleading-indentation -fvisibility=hidden -DXML_ENABLE_VISIBILITY=1 -D_LARGEFILE_SOURCE -D_LARGEFILE64_SOURCE -D_FILE_OFFSET_BITS=64 -DHAVE_EXPAT_CONFIG_H  -fno-strict-aliasing conftest.c  >&5
conftest.c:30:12: warning: function declaration isn't a prototype [-Wstrict-prototypes]
   30 |        int main() {
      |            ^~~~
configure:18205: $? = 0
configure:18209: result: yes
configure:18225: checking fcntl.h usability
configure:18225: /home/peter/buildroot-2020.02.8/output/host/bin/arm-none-linux-gnueabihf-gcc -c -D_LARGEFILE_SOURCE -D_LARGEFILE64_SOURCE -D_FILE_OFFSET_BITS=64  -Os   -Wall -Wextra -fexceptions -fno-strict-aliasing -Wmissing-prototypes -Wstrict-prototypes -pedantic -Wduplicated-cond -Wduplicated-branches -Wlogical-op -Wrestrict -Wnull-dereference -Wjump-misses-init -Wdouble-promotion -Wshadow -Wformat=2 -Wmisleading-indentation -fvisibility=hidden -DXML_ENABLE_VISIBILITY=1 -D_LARGEFILE_SOURCE -D_LARGEFILE64_SOURCE -D_FILE_OFFSET_BITS=64 -DHAVE_EXPAT_CONFIG_H conftest.c >&5
configure:18225: $? = 0
configure:18225: result: yes
configure:18225: checking fcntl.h presence
configure:18225: /home/peter/buildroot-2020.02.8/output/host/bin/arm-none-linux-gnueabihf-cpp -D_LARGEFILE_SOURCE -D_LARGEFILE64_SOURCE -D_FILE_OFFSET_BITS=64 -DHAVE_EXPAT_CONFIG_H conftest.c
configure:18225: $? = 0
configure:18225: result: yes
configure:18225: checking for fcntl.h
configure:18225: result: yes
configure:18225: checking for unistd.h
configure:18225: result: yes
configure:18235: checking for off_t
configure:18235: /home/peter/buildroot-2020.02.8/output/host/bin/arm-none-linux-gnueabihf-gcc -c -D_LARGEFILE_SOURCE -D_LARGEFILE64_SOURCE -D_FILE_OFFSET_BITS=64  -Os   -Wall -Wextra -fexceptions -fno-strict-aliasing -Wmissing-prototypes -Wstrict-prototypes -pedantic -Wduplicated-cond -Wduplicated-branches -Wlogical-op -Wrestrict -Wnull-dereference -Wjump-misses-init -Wdouble-promotion -Wshadow -Wformat=2 -Wmisleading-indentation -fvisibility=hidden -DXML_ENABLE_VISIBILITY=1 -D_LARGEFILE_SOURCE -D_LARGEFILE64_SOURCE -D_FILE_OFFSET_BITS=64 -DHAVE_EXPAT_CONFIG_H conftest.c >&5
conftest.c:63:1: warning: function declaration isn't a prototype [-Wstrict-prototypes]
   63 | main ()
      | ^~~~
configure:18235: $? = 0
configure:18235: /home/peter/buildroot-2020.02.8/output/host/bin/arm-none-linux-gnueabihf-gcc -c -D_LARGEFILE_SOURCE -D_LARGEFILE64_SOURCE -D_FILE_OFFSET_BITS=64  -Os   -Wall -Wextra -fexceptions -fno-strict-aliasing -Wmissing-prototypes -Wstrict-prototypes -pedantic -Wduplicated-cond -Wduplicated-branches -Wlogical-op -Wrestrict -Wnull-dereference -Wjump-misses-init -Wdouble-promotion -Wshadow -Wformat=2 -Wmisleading-indentation -fvisibility=hidden -DXML_ENABLE_VISIBILITY=1 -D_LARGEFILE_SOURCE -D_LARGEFILE64_SOURCE -D_FILE_OFFSET_BITS=64 -DHAVE_EXPAT_CONFIG_H conftest.c >&5
conftest.c:63:1: warning: function declaration isn't a prototype [-Wstrict-prototypes]
   63 | main ()
      | ^~~~
conftest.c: In function 'main':
conftest.c:65:20: error: expected expression before ')' token
   65 | if (sizeof ((off_t)))
      |                    ^
configure:18235: $? = 1
configure: failed program was:
| /* confdefs.h */
| #define PACKAGE_NAME "expat"
| #define PACKAGE_TARNAME "expat"
| #define PACKAGE_VERSION "2.2.9"
| #define PACKAGE_STRING "expat 2.2.9"
| #define PACKAGE_BUGREPORT "expat-bugs@libexpat.org"
| #define PACKAGE_URL ""
| #define PACKAGE "expat"
| #define VERSION "2.2.9"
| #define STDC_HEADERS 1
| #define HAVE_SYS_TYPES_H 1
| #define HAVE_SYS_STAT_H 1
| #define HAVE_STDLIB_H 1
| #define HAVE_STRING_H 1
| #define HAVE_MEMORY_H 1
| #define HAVE_STRINGS_H 1
| #define HAVE_INTTYPES_H 1
| #define HAVE_STDINT_H 1
| #define HAVE_UNISTD_H 1
| #define HAVE_DLFCN_H 1
| #define LT_OBJDIR ".libs/"
| #define STDC_HEADERS 1
| #define BYTEORDER 1234
| #define HAVE_GETRANDOM 1
| #define HAVE_SYSCALL_GETRANDOM 1
| #define HAVE_FCNTL_H 1
| #define HAVE_UNISTD_H 1
| /* end confdefs.h.  */
| #include <stdio.h>
| #ifdef HAVE_SYS_TYPES_H
| # include <sys/types.h>
| #endif
| #ifdef HAVE_SYS_STAT_H
| # include <sys/stat.h>
| #endif
| #ifdef STDC_HEADERS
| # include <stdlib.h>
| # include <stddef.h>
| #else
| # ifdef HAVE_STDLIB_H
| #  include <stdlib.h>
| # endif
| #endif
| #ifdef HAVE_STRING_H
| # if !defined STDC_HEADERS && defined HAVE_MEMORY_H
| #  include <memory.h>
| # endif
| # include <string.h>
| #endif
| #ifdef HAVE_STRINGS_H
| # include <strings.h>
| #endif
| #ifdef HAVE_INTTYPES_H
| # include <inttypes.h>
| #endif
| #ifdef HAVE_STDINT_H
| # include <stdint.h>
| #endif
| #ifdef HAVE_UNISTD_H
| # include <unistd.h>
| #endif
| int
| main ()
| {
| if (sizeof ((off_t)))
| 	    return 0;
|   ;
|   return 0;
| }
configure:18235: result: yes
configure:18252: checking for stdlib.h
configure:18252: result: yes
configure:18252: checking for unistd.h
configure:18252: result: yes
configure:18252: checking for sys/param.h
configure:18252: /home/peter/buildroot-2020.02.8/output/host/bin/arm-none-linux-gnueabihf-gcc -c -D_LARGEFILE_SOURCE -D_LARGEFILE64_SOURCE -D_FILE_OFFSET_BITS=64  -Os   -Wall -Wextra -fexceptions -fno-strict-aliasing -Wmissing-prototypes -Wstrict-prototypes -pedantic -Wduplicated-cond -Wduplicated-branches -Wlogical-op -Wrestrict -Wnull-dereference -Wjump-misses-init -Wdouble-promotion -Wshadow -Wformat=2 -Wmisleading-indentation -fvisibility=hidden -DXML_ENABLE_VISIBILITY=1 -D_LARGEFILE_SOURCE -D_LARGEFILE64_SOURCE -D_FILE_OFFSET_BITS=64 -DHAVE_EXPAT_CONFIG_H conftest.c >&5
configure:18252: $? = 0
configure:18252: result: yes
configure:18272: checking for getpagesize
configure:18272: /home/peter/buildroot-2020.02.8/output/host/bin/arm-none-linux-gnueabihf-gcc -o conftest -D_LARGEFILE_SOURCE -D_LARGEFILE64_SOURCE -D_FILE_OFFSET_BITS=64  -Os   -Wall -Wextra -fexceptions -fno-strict-aliasing -Wmissing-prototypes -Wstrict-prototypes -pedantic -Wduplicated-cond -Wduplicated-branches -Wlogical-op -Wrestrict -Wnull-dereference -Wjump-misses-init -Wdouble-promotion -Wshadow -Wformat=2 -Wmisleading-indentation -fvisibility=hidden -DXML_ENABLE_VISIBILITY=1 -D_LARGEFILE_SOURCE -D_LARGEFILE64_SOURCE -D_FILE_OFFSET_BITS=64 -DHAVE_EXPAT_CONFIG_H  -fno-strict-aliasing conftest.c  >&5
conftest.c:55:1: warning: function declaration isn't a prototype [-Wstrict-prototypes]
   55 | char getpagesize ();
      | ^~~~
conftest.c:64:1: warning: function declaration isn't a prototype [-Wstrict-prototypes]
   64 | main ()
      | ^~~~
configure:18272: $? = 0
configure:18272: result: yes
configure:18281: checking for working mmap
configure:18438: result: yes
configure:18686: checking that generated files are newer than configure
configure:18692: result: done
configure:18744: creating ./config.status

## ---------------------- ##
## Running config.status. ##
## ---------------------- ##

This file was extended by expat config.status 2.2.9, which was
generated by GNU Autoconf 2.69.  Invocation command line was

  CONFIG_FILES    = 
  CONFIG_HEADERS  = 
  CONFIG_LINKS    = 
  CONFIG_COMMANDS = 
  $ ./config.status 

on peter-machine

config.status:1190: creating Makefile
config.status:1190: creating expat.pc
config.status:1190: creating doc/Makefile
config.status:1190: creating examples/Makefile
config.status:1190: creating lib/Makefile
config.status:1190: creating tests/Makefile
config.status:1190: creating tests/benchmark/Makefile
config.status:1190: creating xmlwf/Makefile
config.status:1190: creating run.sh
config.status:1190: creating expat_config.h
config.status:1371: expat_config.h is unchanged
config.status:1419: executing depfiles commands
config.status:1419: executing libtool commands
configure:21163: WARNING: unrecognized options: --disable-gtk-doc, --disable-gtk-doc-html, --disable-doc, --disable-docs, --disable-documentation, --with-xmlto, --with-fop, --enable-ipv6, --disable-nls

## ---------------- ##
## Cache variables. ##
## ---------------- ##

ac_cv_build=x86_64-pc-linux-gnu
ac_cv_c_bigendian=no
ac_cv_c_compiler_gnu=yes
ac_cv_c_const=yes
ac_cv_cxx_compiler_gnu=no
ac_cv_env_CCC_set=
ac_cv_env_CCC_value=
ac_cv_env_CC_set=set
ac_cv_env_CC_value=/home/peter/buildroot-2020.02.8/output/host/bin/arm-none-linux-gnueabihf-gcc
ac_cv_env_CFLAGS_set=set
ac_cv_env_CFLAGS_value='-D_LARGEFILE_SOURCE -D_LARGEFILE64_SOURCE -D_FILE_OFFSET_BITS=64  -Os  '
ac_cv_env_CPPFLAGS_set=set
ac_cv_env_CPPFLAGS_value='-D_LARGEFILE_SOURCE -D_LARGEFILE64_SOURCE -D_FILE_OFFSET_BITS=64'
ac_cv_env_CPP_set=set
ac_cv_env_CPP_value=/home/peter/buildroot-2020.02.8/output/host/bin/arm-none-linux-gnueabihf-cpp
ac_cv_env_CXXCPP_set=
ac_cv_env_CXXCPP_value=
ac_cv_env_CXXFLAGS_set=set
ac_cv_env_CXXFLAGS_value='-D_LARGEFILE_SOURCE -D_LARGEFILE64_SOURCE -D_FILE_OFFSET_BITS=64  -Os  '
ac_cv_env_CXX_set=set
ac_cv_env_CXX_value=no
ac_cv_env_DOCBOOK_TO_MAN_set=
ac_cv_env_DOCBOOK_TO_MAN_value=
ac_cv_env_LDFLAGS_set=set
ac_cv_env_LDFLAGS_value=
ac_cv_env_LIBS_set=
ac_cv_env_LIBS_value=
ac_cv_env_LT_SYS_LIBRARY_PATH_set=
ac_cv_env_LT_SYS_LIBRARY_PATH_value=
ac_cv_env_build_alias_set=set
ac_cv_env_build_alias_value=x86_64-pc-linux-gnu
ac_cv_env_host_alias_set=set
ac_cv_env_host_alias_value=arm-buildroot-linux-gnueabihf
ac_cv_env_target_alias_set=set
ac_cv_env_target_alias_value=arm-buildroot-linux-gnueabihf
ac_cv_func_calloc_0_nonnull=yes
ac_cv_func_getpagesize=yes
ac_cv_func_malloc_0_nonnull=yes
ac_cv_func_memcmp_working=yes
ac_cv_func_mmap_fixed_mapped=yes
ac_cv_func_realloc_0_nonnull=yes
ac_cv_have_decl_malloc=yes
ac_cv_header_dlfcn_h=yes
ac_cv_header_fcntl_h=yes
ac_cv_header_inttypes_h=yes
ac_cv_header_memory_h=yes
ac_cv_header_stdc=yes
ac_cv_header_stdint_h=yes
ac_cv_header_stdlib_h=yes
ac_cv_header_string_h=yes
ac_cv_header_strings_h=yes
ac_cv_header_sys_param_h=yes
ac_cv_header_sys_stat_h=yes
ac_cv_header_sys_types_h=yes
ac_cv_header_unistd_h=yes
ac_cv_host=arm-buildroot-linux-gnueabihf
ac_cv_lbl_unaligned_fail=yes
ac_cv_objext=o
ac_cv_path_EGREP='/bin/grep -E'
ac_cv_path_FGREP='/bin/grep -F'
ac_cv_path_GREP=/bin/grep
ac_cv_path_SED=/bin/sed
ac_cv_path_install='/usr/bin/install -c'
ac_cv_path_lt_DD=/bin/dd
ac_cv_path_mkdir=/bin/mkdir
ac_cv_prog_AR=/home/peter/buildroot-2020.02.8/output/host/bin/arm-none-linux-gnueabihf-ar
ac_cv_prog_AWK=mawk
ac_cv_prog_CC=/home/peter/buildroot-2020.02.8/output/host/bin/arm-none-linux-gnueabihf-gcc
ac_cv_prog_CPP=/home/peter/buildroot-2020.02.8/output/host/bin/arm-none-linux-gnueabihf-cpp
ac_cv_prog_OBJDUMP=/home/peter/buildroot-2020.02.8/output/host/bin/arm-none-linux-gnueabihf-objdump
ac_cv_prog_RANLIB=/home/peter/buildroot-2020.02.8/output/host/bin/arm-none-linux-gnueabihf-ranlib
ac_cv_prog_STRIP=/home/peter/buildroot-2020.02.8/output/host/bin/arm-none-linux-gnueabihf-strip
ac_cv_prog_ac_ct_MANIFEST_TOOL=mt
ac_cv_prog_cc_c89=
ac_cv_prog_cc_c99=
ac_cv_prog_cc_g=yes
ac_cv_prog_cxx_g=no
ac_cv_prog_make_make_set=yes
ac_cv_type_off_t=yes
ac_cv_type_size_t=yes
am_cv_CC_dependencies_compiler_type=none
am_cv_CXX_dependencies_compiler_type=none
am_cv_ar_interface=ar
am_cv_make_support_nested_variables=yes
am_cv_prog_cc_c_o=yes
ax_cv_check_cflags___Wall=yes
ax_cv_check_cflags___Wdouble_promotion=yes
ax_cv_check_cflags___Wduplicated_branches=yes
ax_cv_check_cflags___Wduplicated_cond=yes
ax_cv_check_cflags___Wextra=yes
ax_cv_check_cflags___Wformat_2=yes
ax_cv_check_cflags___Wjump_misses_init=yes
ax_cv_check_cflags___Wlogical_op=yes
ax_cv_check_cflags___Wmisleading_indentation=yes
ax_cv_check_cflags___Wmissing_prototypes=yes
ax_cv_check_cflags___Wnull_dereference=yes
ax_cv_check_cflags___Wrestrict=yes
ax_cv_check_cflags___Wshadow=yes
ax_cv_check_cflags___Wstrict_prototypes=yes
ax_cv_check_cflags___fexceptions=yes
ax_cv_check_cflags___fno_strict_aliasing=yes
ax_cv_check_cflags___pedantic=yes
ax_cv_check_cxxflags___Wall=no
ax_cv_check_cxxflags___Wextra=no
ax_cv_check_cxxflags___fexceptions=no
ax_cv_check_cxxflags___fno_strict_aliasing=no
ax_cv_check_ldflags___fno_strict_aliasing=yes
expatcfg_cv_compiler_supports_visibility=yes
gl_cv_func_malloc_0_nonnull=yes
lt_cv_ar_at_file=@
lt_cv_archive_cmds_need_lc=no
lt_cv_deplibs_check_method=pass_all
lt_cv_file_magic_cmd='$MAGIC_CMD'
lt_cv_file_magic_test_file=
lt_cv_ld_reload_flag=-r
lt_cv_nm_interface='BSD nm'
lt_cv_objdir=.libs
lt_cv_path_LD=/home/peter/buildroot-2020.02.8/output/host/bin/arm-none-linux-gnueabihf-ld
lt_cv_path_NM=/home/peter/buildroot-2020.02.8/output/host/bin/arm-none-linux-gnueabihf-nm
lt_cv_path_mainfest_tool=no
lt_cv_prog_compiler_c_o=yes
lt_cv_prog_compiler_pic='-fPIC -DPIC'
lt_cv_prog_compiler_pic_works=yes
lt_cv_prog_compiler_rtti_exceptions=no
lt_cv_prog_compiler_static_works=yes
lt_cv_prog_gnu_ld=yes
lt_cv_sharedlib_from_linklib_cmd='printf %s\n'
lt_cv_shlibpath_overrides_runpath=no
lt_cv_sys_global_symbol_pipe='sed -n -e '\''s/^.*[	 ]\([ABCDGIRSTW][ABCDGIRSTW]*\)[	 ][	 ]*\([_A-Za-z][_A-Za-z0-9]*\)$/\1 \2 \2/p'\'' | sed '\''/ __gnu_lto/d'\'''
lt_cv_sys_global_symbol_to_c_name_address='sed -n -e '\''s/^: \(.*\) .*$/  {"\1", (void *) 0},/p'\'' -e '\''s/^[ABCDGIRSTW][ABCDGIRSTW]* .* \(.*\)$/  {"\1", (void *) \&\1},/p'\'''
lt_cv_sys_global_symbol_to_c_name_address_lib_prefix='sed -n -e '\''s/^: \(.*\) .*$/  {"\1", (void *) 0},/p'\'' -e '\''s/^[ABCDGIRSTW][ABCDGIRSTW]* .* \(lib.*\)$/  {"\1", (void *) \&\1},/p'\'' -e '\''s/^[ABCDGIRSTW][ABCDGIRSTW]* .* \(.*\)$/  {"lib\1", (void *) \&\1},/p'\'''
lt_cv_sys_global_symbol_to_cdecl='sed -n -e '\''s/^T .* \(.*\)$/extern int \1();/p'\'' -e '\''s/^[ABCDGIRSTW][ABCDGIRSTW]* .* \(.*\)$/extern char \1;/p'\'''
lt_cv_sys_global_symbol_to_import=
lt_cv_sys_lib_search_path_spec=
lt_cv_sys_max_cmd_len=1572864
lt_cv_to_host_file_cmd=func_convert_file_noop
lt_cv_to_tool_file_cmd=func_convert_file_noop
lt_cv_truncate_bin='/bin/dd bs=4096 count=1'

## ----------------- ##
## Output variables. ##
## ----------------- ##

ACLOCAL='${SHELL} /home/peter/buildroot-2020.02.8/output/build/expat-2.2.9/conftools/missing aclocal-1.16'
AMDEPBACKSLASH=''
AMDEP_FALSE=''
AMDEP_TRUE='#'
AMTAR='$${TAR-tar}'
AM_BACKSLASH='\'
AM_DEFAULT_V='$(AM_DEFAULT_VERBOSITY)'
AM_DEFAULT_VERBOSITY='1'
AM_V='$(V)'
AR='/home/peter/buildroot-2020.02.8/output/host/bin/arm-none-linux-gnueabihf-ar'
AS='/home/peter/buildroot-2020.02.8/output/host/bin/arm-none-linux-gnueabihf-as'
AUTOCONF='${SHELL} /home/peter/buildroot-2020.02.8/output/build/expat-2.2.9/conftools/missing autoconf'
AUTOHEADER='${SHELL} /home/peter/buildroot-2020.02.8/output/build/expat-2.2.9/conftools/missing autoheader'
AUTOMAKE='${SHELL} /home/peter/buildroot-2020.02.8/output/build/expat-2.2.9/conftools/missing automake-1.16'
AWK='mawk'
CC='/home/peter/buildroot-2020.02.8/output/host/bin/arm-none-linux-gnueabihf-gcc'
CCDEPMODE='depmode=none'
CFLAGS='-D_LARGEFILE_SOURCE -D_LARGEFILE64_SOURCE -D_FILE_OFFSET_BITS=64  -Os   -Wall -Wextra -fexceptions -fno-strict-aliasing -Wmissing-prototypes -Wstrict-prototypes -pedantic -Wduplicated-cond -Wduplicated-branches -Wlogical-op -Wrestrict -Wnull-dereference -Wjump-misses-init -Wdouble-promotion -Wshadow -Wformat=2 -Wmisleading-indentation -fvisibility=hidden -DXML_ENABLE_VISIBILITY=1'
CPP='/home/peter/buildroot-2020.02.8/output/host/bin/arm-none-linux-gnueabihf-cpp'
CPPFLAGS='-D_LARGEFILE_SOURCE -D_LARGEFILE64_SOURCE -D_FILE_OFFSET_BITS=64 -DHAVE_EXPAT_CONFIG_H'
CXX='no'
CXXCPP=''
CXXDEPMODE='depmode=none'
CXXFLAGS='-D_LARGEFILE_SOURCE -D_LARGEFILE64_SOURCE -D_FILE_OFFSET_BITS=64  -Os  '
CYGPATH_W='echo'
DEFS='-DHAVE_CONFIG_H'
DEPDIR='.deps'
DLLTOOL='false'
DOCBOOK_TO_MAN=''
DSYMUTIL=''
DUMPBIN=''
ECHO_C=''
ECHO_N='-n'
ECHO_T=''
EGREP='/bin/grep -E'
EXEEXT=''
FGREP='/bin/grep -F'
FILEMAP='unixfilemap'
GREP='/bin/grep'
INSTALL_DATA='${INSTALL} -m 644'
INSTALL_PROGRAM='${INSTALL}'
INSTALL_SCRIPT='${INSTALL}'
INSTALL_STRIP_PROGRAM='$(install_sh) -c -s'
LD='/home/peter/buildroot-2020.02.8/output/host/bin/arm-none-linux-gnueabihf-ld'
LDFLAGS=' -fno-strict-aliasing'
LIBAGE='6'
LIBCURRENT='7'
LIBOBJS=''
LIBREVISION='11'
LIBS=''
LIBTOOL='$(SHELL) $(top_builddir)/libtool'
LIPO=''
LN_S='ln -s'
LTLIBOBJS=''
LT_SYS_LIBRARY_PATH=''
MAKEINFO='${SHELL} /home/peter/buildroot-2020.02.8/output/build/expat-2.2.9/conftools/missing makeinfo'
MANIFEST_TOOL=':'
MINGW_FALSE=''
MINGW_TRUE='#'
MKDIR_P='/bin/mkdir -p'
NM='/home/peter/buildroot-2020.02.8/output/host/bin/arm-none-linux-gnueabihf-nm'
NMEDIT=''
OBJDUMP='/home/peter/buildroot-2020.02.8/output/host/bin/arm-none-linux-gnueabihf-objdump'
OBJEXT='o'
OTOOL64=''
OTOOL=''
PACKAGE='expat'
PACKAGE_BUGREPORT='expat-bugs@libexpat.org'
PACKAGE_NAME='expat'
PACKAGE_STRING='expat 2.2.9'
PACKAGE_TARNAME='expat'
PACKAGE_URL=''
PACKAGE_VERSION='2.2.9'
PATH_SEPARATOR=':'
RANLIB='/home/peter/buildroot-2020.02.8/output/host/bin/arm-none-linux-gnueabihf-ranlib'
SED='/bin/sed'
SET_MAKE=''
SHELL='/bin/bash'
STRIP='/home/peter/buildroot-2020.02.8/output/host/bin/arm-none-linux-gnueabihf-strip'
UNICODE_FALSE=''
UNICODE_TRUE='#'
VERSION='2.2.9'
WITH_DOCBOOK_FALSE=''
WITH_DOCBOOK_TRUE='#'
WITH_EXAMPLES_FALSE='#'
WITH_EXAMPLES_TRUE=''
WITH_TESTS_FALSE='#'
WITH_TESTS_TRUE=''
WITH_XMLWF_FALSE='#'
WITH_XMLWF_TRUE=''
ac_ct_AR=''
ac_ct_CC=''
ac_ct_CXX=''
ac_ct_DUMPBIN=''
am__EXEEXT_FALSE=''
am__EXEEXT_TRUE='#'
am__fastdepCC_FALSE=''
am__fastdepCC_TRUE='#'
am__fastdepCXX_FALSE=''
am__fastdepCXX_TRUE='#'
am__include='include'
am__isrc=''
am__leading_dot='.'
am__nodep=''
am__quote=''
am__tar='$${TAR-tar} chof - "$$tardir"'
am__untar='$${TAR-tar} xf -'
bindir='${exec_prefix}/bin'
build='x86_64-pc-linux-gnu'
build_alias='x86_64-pc-linux-gnu'
build_cpu='x86_64'
build_os='linux-gnu'
build_vendor='pc'
datadir='${datarootdir}'
datarootdir='${prefix}/share'
docdir='${datarootdir}/doc/${PACKAGE_TARNAME}'
dvidir='${docdir}'
exec_prefix='/usr'
host='arm-buildroot-linux-gnueabihf'
host_alias='arm-buildroot-linux-gnueabihf'
host_cpu='arm'
host_os='linux-gnueabihf'
host_vendor='buildroot'
htmldir='${docdir}'
includedir='${prefix}/include'
infodir='${datarootdir}/info'
install_sh='${SHELL} /home/peter/buildroot-2020.02.8/output/build/expat-2.2.9/conftools/install-sh'
libdir='${exec_prefix}/lib'
libexecdir='${exec_prefix}/libexec'
localedir='${datarootdir}/locale'
localstatedir='/var'
mandir='${datarootdir}/man'
mkdir_p='$(MKDIR_P)'
oldincludedir='/usr/include'
pdfdir='${docdir}'
prefix='/usr'
program_transform_name='s&^&&'
psdir='${docdir}'
sbindir='${exec_prefix}/sbin'
sharedstatedir='${prefix}/com'
sysconfdir='/etc'
target_alias='arm-buildroot-linux-gnueabihf'

## ----------- ##
## confdefs.h. ##
## ----------- ##

/* confdefs.h */
#define PACKAGE_NAME "expat"
#define PACKAGE_TARNAME "expat"
#define PACKAGE_VERSION "2.2.9"
#define PACKAGE_STRING "expat 2.2.9"
#define PACKAGE_BUGREPORT "expat-bugs@libexpat.org"
#define PACKAGE_URL ""
#define PACKAGE "expat"
#define VERSION "2.2.9"
#define STDC_HEADERS 1
#define HAVE_SYS_TYPES_H 1
#define HAVE_SYS_STAT_H 1
#define HAVE_STDLIB_H 1
#define HAVE_STRING_H 1
#define HAVE_MEMORY_H 1
#define HAVE_STRINGS_H 1
#define HAVE_INTTYPES_H 1
#define HAVE_STDINT_H 1
#define HAVE_UNISTD_H 1
#define HAVE_DLFCN_H 1
#define LT_OBJDIR ".libs/"
#define STDC_HEADERS 1
#define BYTEORDER 1234
#define HAVE_GETRANDOM 1
#define HAVE_SYSCALL_GETRANDOM 1
#define HAVE_FCNTL_H 1
#define HAVE_UNISTD_H 1
#define HAVE_STDLIB_H 1
#define HAVE_UNISTD_H 1
#define HAVE_SYS_PARAM_H 1
#define HAVE_GETPAGESIZE 1
#define HAVE_MMAP 1
#define XML_NS 1
#define XML_DTD 1
#define XML_DEV_URANDOM 1
#define XML_CONTEXT_BYTES 1024

configure: exit 0
