This file contains any messages produced by compilers while
running configure, to aid debugging if configure makes a mistake.

It was created by kmod configure 26, which was
generated by GNU Autoconf 2.69.  Invocation command line was

  $ ./configure --target=arm-buildroot-linux-gnueabihf --host=arm-buildroot-linux-gnueabihf --build=x86_64-pc-linux-gnu --prefix=/usr --exec-prefix=/usr --sysconfdir=/etc --localstatedir=/var --program-prefix= --disable-gtk-doc --disable-gtk-doc-html --disable-doc --disable-docs --disable-documentation --with-xmlto=no --with-fop=no --disable-dependency-tracking --enable-ipv6 --disable-nls --disable-static --enable-shared --disable-static --enable-shared --disable-manpages

## --------- ##
## Platform. ##
## --------- ##

hostname = peter-machine
uname -m = x86_64
uname -r = 5.4.0-150-generic
uname -s = Linux
uname -v = #167~18.04.1-Ubuntu SMP Wed May 24 00:51:42 UTC 2023

/usr/bin/uname -p = unknown
/bin/uname -X     = unknown

/bin/arch              = unknown
/usr/bin/arch -k       = unknown
/usr/convex/getsysinfo = unknown
/usr/bin/hostinfo      = unknown
/bin/machine           = unknown
/usr/bin/oslevel       = unknown
/bin/universe          = unknown

PATH: /home/peter/buildroot-2020.02.8/output/host/bin
PATH: /home/peter/buildroot-2020.02.8/output/host/sbin
PATH: /usr/local/sbin
PATH: /usr/local/bin
PATH: /usr/sbin
PATH: /usr/bin
PATH: /sbin
PATH: /bin
PATH: /snap/bin


## ----------- ##
## Core tests. ##
## ----------- ##

configure:2519: checking for arm-buildroot-linux-gnueabihf-gcc
configure:2546: result: /home/peter/buildroot-2020.02.8/output/host/bin/arm-none-linux-gnueabihf-gcc
configure:2815: checking for C compiler version
configure:2824: /home/peter/buildroot-2020.02.8/output/host/bin/arm-none-linux-gnueabihf-gcc --version >&5
arm-none-linux-gnueabihf-gcc (GNU Toolchain for the A-profile Architecture 9.2-2019.12 (arm-9.10)) 9.2.1 20191025
Copyright (C) 2019 Free Software Foundation, Inc.
This is free software; see the source for copying conditions.  There is NO
warranty; not even for MERCHANTABILITY or FITNESS FOR A PARTICULAR PURPOSE.

configure:2835: $? = 0
configure:2824: /home/peter/buildroot-2020.02.8/output/host/bin/arm-none-linux-gnueabihf-gcc -v >&5
Using built-in specs.
COLLECT_GCC=/home/peter/gcc-arm-9.2-2019.12-x86_64-arm-none-linux-gnueabihf/bin/arm-none-linux-gnueabihf-gcc
COLLECT_LTO_WRAPPER=/home/peter/gcc-arm-9.2-2019.12-x86_64-arm-none-linux-gnueabihf/bin/../libexec/gcc/arm-none-linux-gnueabihf/9.2.1/lto-wrapper
Target: arm-none-linux-gnueabihf
Configured with: /tmp/dgboter/bbs/rhev-vm7--rhe6x86_64/buildbot/rhe6x86_64--arm-none-linux-gnueabihf/build/src/gcc/configure --target=arm-none-linux-gnueabihf --prefix= --with-sysroot=/arm-none-linux-gnueabihf/libc --with-build-sysroot=/tmp/dgboter/bbs/rhev-vm7--rhe6x86_64/buildbot/rhe6x86_64--arm-none-linux-gnueabihf/build/build-arm-none-linux-gnueabihf/install//arm-none-linux-gnueabihf/libc --with-bugurl=https://bugs.linaro.org/ --enable-gnu-indirect-function --enable-shared --disable-libssp --disable-libmudflap --enable-checking=release --enable-languages=c,c++,fortran --with-gmp=/tmp/dgboter/bbs/rhev-vm7--rhe6x86_64/buildbot/rhe6x86_64--arm-none-linux-gnueabihf/build/build-arm-none-linux-gnueabihf/host-tools --with-mpfr=/tmp/dgboter/bbs/rhev-vm7--rhe6x86_64/buildbot/rhe6x86_64--arm-none-linux-gnueabihf/build/build-arm-none-linux-gnueabihf/host-tools --with-mpc=/tmp/dgboter/bbs/rhev-vm7--rhe6x86_64/buildbot/rhe6x86_64--arm-none-linux-gnueabihf/build/build-arm-none-linux-gnueabihf/host-tools --with-isl=/tmp/dgboter/bbs/rhev-vm7--rhe6x86_64/buildbot/rhe6x86_64--arm-none-linux-gnueabihf/build/build-arm-none-linux-gnueabihf/host-tools --with-arch=armv7-a --with-fpu=neon --with-float=hard --with-mode=thumb --with-arch=armv7-a --with-pkgversion='GNU Toolchain for the A-profile Architecture 9.2-2019.12 (arm-9.10)'
Thread model: posix
gcc version 9.2.1 20191025 (GNU Toolchain for the A-profile Architecture 9.2-2019.12 (arm-9.10)) 
configure:2835: $? = 0
configure:2824: /home/peter/buildroot-2020.02.8/output/host/bin/arm-none-linux-gnueabihf-gcc -V >&5
arm-none-linux-gnueabihf-gcc: error: unrecognized command line option '-V'
arm-none-linux-gnueabihf-gcc: fatal error: no input files
compilation terminated.
configure:2835: $? = 1
configure:2824: /home/peter/buildroot-2020.02.8/output/host/bin/arm-none-linux-gnueabihf-gcc -qversion >&5
arm-none-linux-gnueabihf-gcc: error: unrecognized command line option '-qversion'; did you mean '--version'?
arm-none-linux-gnueabihf-gcc: fatal error: no input files
compilation terminated.
configure:2835: $? = 1
configure:2855: checking whether the C compiler works
configure:2877: /home/peter/buildroot-2020.02.8/output/host/bin/arm-none-linux-gnueabihf-gcc -D_LARGEFILE_SOURCE -D_LARGEFILE64_SOURCE -D_FILE_OFFSET_BITS=64  -Os   -D_LARGEFILE_SOURCE -D_LARGEFILE64_SOURCE -D_FILE_OFFSET_BITS=64  conftest.c  >&5
configure:2881: $? = 0
configure:2929: result: yes
configure:2932: checking for C compiler default output file name
configure:2934: result: a.out
configure:2940: checking for suffix of executables
configure:2947: /home/peter/buildroot-2020.02.8/output/host/bin/arm-none-linux-gnueabihf-gcc -o conftest -D_LARGEFILE_SOURCE -D_LARGEFILE64_SOURCE -D_FILE_OFFSET_BITS=64  -Os   -D_LARGEFILE_SOURCE -D_LARGEFILE64_SOURCE -D_FILE_OFFSET_BITS=64  conftest.c  >&5
configure:2951: $? = 0
configure:2973: result: 
configure:2995: checking whether we are cross compiling
configure:3033: result: yes
configure:3038: checking for suffix of object files
configure:3060: /home/peter/buildroot-2020.02.8/output/host/bin/arm-none-linux-gnueabihf-gcc -c -D_LARGEFILE_SOURCE -D_LARGEFILE64_SOURCE -D_FILE_OFFSET_BITS=64  -Os   -D_LARGEFILE_SOURCE -D_LARGEFILE64_SOURCE -D_FILE_OFFSET_BITS=64 conftest.c >&5
configure:3064: $? = 0
configure:3085: result: o
configure:3089: checking whether we are using the GNU C compiler
configure:3108: /home/peter/buildroot-2020.02.8/output/host/bin/arm-none-linux-gnueabihf-gcc -c -D_LARGEFILE_SOURCE -D_LARGEFILE64_SOURCE -D_FILE_OFFSET_BITS=64  -Os   -D_LARGEFILE_SOURCE -D_LARGEFILE64_SOURCE -D_FILE_OFFSET_BITS=64 conftest.c >&5
configure:3108: $? = 0
configure:3117: result: yes
configure:3126: checking whether /home/peter/buildroot-2020.02.8/output/host/bin/arm-none-linux-gnueabihf-gcc accepts -g
configure:3146: /home/peter/buildroot-2020.02.8/output/host/bin/arm-none-linux-gnueabihf-gcc -c -g -D_LARGEFILE_SOURCE -D_LARGEFILE64_SOURCE -D_FILE_OFFSET_BITS=64 conftest.c >&5
configure:3146: $? = 0
configure:3187: result: yes
configure:3204: checking for /home/peter/buildroot-2020.02.8/output/host/bin/arm-none-linux-gnueabihf-gcc option to accept ISO C89
configure:3267: /home/peter/buildroot-2020.02.8/output/host/bin/arm-none-linux-gnueabihf-gcc  -c -D_LARGEFILE_SOURCE -D_LARGEFILE64_SOURCE -D_FILE_OFFSET_BITS=64  -Os   -D_LARGEFILE_SOURCE -D_LARGEFILE64_SOURCE -D_FILE_OFFSET_BITS=64 conftest.c >&5
configure:3267: $? = 0
configure:3280: result: none needed
configure:3305: checking whether /home/peter/buildroot-2020.02.8/output/host/bin/arm-none-linux-gnueabihf-gcc understands -c and -o together
configure:3327: /home/peter/buildroot-2020.02.8/output/host/bin/arm-none-linux-gnueabihf-gcc -c conftest.c -o conftest2.o
configure:3330: $? = 0
configure:3327: /home/peter/buildroot-2020.02.8/output/host/bin/arm-none-linux-gnueabihf-gcc -c conftest.c -o conftest2.o
configure:3330: $? = 0
configure:3342: result: yes
configure:3365: checking how to run the C preprocessor
configure:3435: result: /home/peter/buildroot-2020.02.8/output/host/bin/arm-none-linux-gnueabihf-cpp
configure:3455: /home/peter/buildroot-2020.02.8/output/host/bin/arm-none-linux-gnueabihf-cpp -D_LARGEFILE_SOURCE -D_LARGEFILE64_SOURCE -D_FILE_OFFSET_BITS=64 conftest.c
configure:3455: $? = 0
configure:3469: /home/peter/buildroot-2020.02.8/output/host/bin/arm-none-linux-gnueabihf-cpp -D_LARGEFILE_SOURCE -D_LARGEFILE64_SOURCE -D_FILE_OFFSET_BITS=64 conftest.c
conftest.c:9:10: fatal error: ac_nonexistent.h: No such file or directory
    9 | #include <ac_nonexistent.h>
      |          ^~~~~~~~~~~~~~~~~~
compilation terminated.
configure:3469: $? = 1
configure: failed program was:
| /* confdefs.h */
| #define PACKAGE_NAME "kmod"
| #define PACKAGE_TARNAME "kmod"
| #define PACKAGE_VERSION "26"
| #define PACKAGE_STRING "kmod 26"
| #define PACKAGE_BUGREPORT "linux-modules@vger.kernel.org"
| #define PACKAGE_URL "http://git.kernel.org/?p=utils/kernel/kmod/kmod.git"
| /* end confdefs.h.  */
| #include <ac_nonexistent.h>
configure:3498: checking for grep that handles long lines and -e
configure:3556: result: /bin/grep
configure:3561: checking for egrep
configure:3623: result: /bin/grep -E
configure:3628: checking for ANSI C header files
configure:3648: /home/peter/buildroot-2020.02.8/output/host/bin/arm-none-linux-gnueabihf-gcc -c -D_LARGEFILE_SOURCE -D_LARGEFILE64_SOURCE -D_FILE_OFFSET_BITS=64  -Os   -D_LARGEFILE_SOURCE -D_LARGEFILE64_SOURCE -D_FILE_OFFSET_BITS=64 conftest.c >&5
configure:3648: $? = 0
configure:3732: result: yes
configure:3745: checking for sys/types.h
configure:3745: /home/peter/buildroot-2020.02.8/output/host/bin/arm-none-linux-gnueabihf-gcc -c -D_LARGEFILE_SOURCE -D_LARGEFILE64_SOURCE -D_FILE_OFFSET_BITS=64  -Os   -D_LARGEFILE_SOURCE -D_LARGEFILE64_SOURCE -D_FILE_OFFSET_BITS=64 conftest.c >&5
configure:3745: $? = 0
configure:3745: result: yes
configure:3745: checking for sys/stat.h
configure:3745: /home/peter/buildroot-2020.02.8/output/host/bin/arm-none-linux-gnueabihf-gcc -c -D_LARGEFILE_SOURCE -D_LARGEFILE64_SOURCE -D_FILE_OFFSET_BITS=64  -Os   -D_LARGEFILE_SOURCE -D_LARGEFILE64_SOURCE -D_FILE_OFFSET_BITS=64 conftest.c >&5
configure:3745: $? = 0
configure:3745: result: yes
configure:3745: checking for stdlib.h
configure:3745: /home/peter/buildroot-2020.02.8/output/host/bin/arm-none-linux-gnueabihf-gcc -c -D_LARGEFILE_SOURCE -D_LARGEFILE64_SOURCE -D_FILE_OFFSET_BITS=64  -Os   -D_LARGEFILE_SOURCE -D_LARGEFILE64_SOURCE -D_FILE_OFFSET_BITS=64 conftest.c >&5
configure:3745: $? = 0
configure:3745: result: yes
configure:3745: checking for string.h
configure:3745: /home/peter/buildroot-2020.02.8/output/host/bin/arm-none-linux-gnueabihf-gcc -c -D_LARGEFILE_SOURCE -D_LARGEFILE64_SOURCE -D_FILE_OFFSET_BITS=64  -Os   -D_LARGEFILE_SOURCE -D_LARGEFILE64_SOURCE -D_FILE_OFFSET_BITS=64 conftest.c >&5
configure:3745: $? = 0
configure:3745: result: yes
configure:3745: checking for memory.h
configure:3745: /home/peter/buildroot-2020.02.8/output/host/bin/arm-none-linux-gnueabihf-gcc -c -D_LARGEFILE_SOURCE -D_LARGEFILE64_SOURCE -D_FILE_OFFSET_BITS=64  -Os   -D_LARGEFILE_SOURCE -D_LARGEFILE64_SOURCE -D_FILE_OFFSET_BITS=64 conftest.c >&5
configure:3745: $? = 0
configure:3745: result: yes
configure:3745: checking for strings.h
configure:3745: /home/peter/buildroot-2020.02.8/output/host/bin/arm-none-linux-gnueabihf-gcc -c -D_LARGEFILE_SOURCE -D_LARGEFILE64_SOURCE -D_FILE_OFFSET_BITS=64  -Os   -D_LARGEFILE_SOURCE -D_LARGEFILE64_SOURCE -D_FILE_OFFSET_BITS=64 conftest.c >&5
configure:3745: $? = 0
configure:3745: result: yes
configure:3745: checking for inttypes.h
configure:3745: /home/peter/buildroot-2020.02.8/output/host/bin/arm-none-linux-gnueabihf-gcc -c -D_LARGEFILE_SOURCE -D_LARGEFILE64_SOURCE -D_FILE_OFFSET_BITS=64  -Os   -D_LARGEFILE_SOURCE -D_LARGEFILE64_SOURCE -D_FILE_OFFSET_BITS=64 conftest.c >&5
configure:3745: $? = 0
configure:3745: result: yes
configure:3745: checking for stdint.h
configure:3745: /home/peter/buildroot-2020.02.8/output/host/bin/arm-none-linux-gnueabihf-gcc -c -D_LARGEFILE_SOURCE -D_LARGEFILE64_SOURCE -D_FILE_OFFSET_BITS=64  -Os   -D_LARGEFILE_SOURCE -D_LARGEFILE64_SOURCE -D_FILE_OFFSET_BITS=64 conftest.c >&5
configure:3745: $? = 0
configure:3745: result: yes
configure:3745: checking for unistd.h
configure:3745: /home/peter/buildroot-2020.02.8/output/host/bin/arm-none-linux-gnueabihf-gcc -c -D_LARGEFILE_SOURCE -D_LARGEFILE64_SOURCE -D_FILE_OFFSET_BITS=64  -Os   -D_LARGEFILE_SOURCE -D_LARGEFILE64_SOURCE -D_FILE_OFFSET_BITS=64 conftest.c >&5
configure:3745: $? = 0
configure:3745: result: yes
configure:3758: checking minix/config.h usability
configure:3758: /home/peter/buildroot-2020.02.8/output/host/bin/arm-none-linux-gnueabihf-gcc -c -D_LARGEFILE_SOURCE -D_LARGEFILE64_SOURCE -D_FILE_OFFSET_BITS=64  -Os   -D_LARGEFILE_SOURCE -D_LARGEFILE64_SOURCE -D_FILE_OFFSET_BITS=64 conftest.c >&5
conftest.c:52:10: fatal error: minix/config.h: No such file or directory
   52 | #include <minix/config.h>
      |          ^~~~~~~~~~~~~~~~
compilation terminated.
configure:3758: $? = 1
configure: failed program was:
| /* confdefs.h */
| #define PACKAGE_NAME "kmod"
| #define PACKAGE_TARNAME "kmod"
| #define PACKAGE_VERSION "26"
| #define PACKAGE_STRING "kmod 26"
| #define PACKAGE_BUGREPORT "linux-modules@vger.kernel.org"
| #define PACKAGE_URL "http://git.kernel.org/?p=utils/kernel/kmod/kmod.git"
| #define STDC_HEADERS 1
| #define HAVE_SYS_TYPES_H 1
| #define HAVE_SYS_STAT_H 1
| #define HAVE_STDLIB_H 1
| #define HAVE_STRING_H 1
| #define HAVE_MEMORY_H 1
| #define HAVE_STRINGS_H 1
| #define HAVE_INTTYPES_H 1
| #define HAVE_STDINT_H 1
| #define HAVE_UNISTD_H 1
| /* end confdefs.h.  */
| #include <stdio.h>
| #ifdef HAVE_SYS_TYPES_H
| # include <sys/types.h>
| #endif
| #ifdef HAVE_SYS_STAT_H
| # include <sys/stat.h>
| #endif
| #ifdef STDC_HEADERS
| # include <stdlib.h>
| # include <stddef.h>
| #else
| # ifdef HAVE_STDLIB_H
| #  include <stdlib.h>
| # endif
| #endif
| #ifdef HAVE_STRING_H
| # if !defined STDC_HEADERS && defined HAVE_MEMORY_H
| #  include <memory.h>
| # endif
| # include <string.h>
| #endif
| #ifdef HAVE_STRINGS_H
| # include <strings.h>
| #endif
| #ifdef HAVE_INTTYPES_H
| # include <inttypes.h>
| #endif
| #ifdef HAVE_STDINT_H
| # include <stdint.h>
| #endif
| #ifdef HAVE_UNISTD_H
| # include <unistd.h>
| #endif
| #include <minix/config.h>
configure:3758: result: no
configure:3758: checking minix/config.h presence
configure:3758: /home/peter/buildroot-2020.02.8/output/host/bin/arm-none-linux-gnueabihf-cpp -D_LARGEFILE_SOURCE -D_LARGEFILE64_SOURCE -D_FILE_OFFSET_BITS=64 conftest.c
conftest.c:19:10: fatal error: minix/config.h: No such file or directory
   19 | #include <minix/config.h>
      |          ^~~~~~~~~~~~~~~~
compilation terminated.
configure:3758: $? = 1
configure: failed program was:
| /* confdefs.h */
| #define PACKAGE_NAME "kmod"
| #define PACKAGE_TARNAME "kmod"
| #define PACKAGE_VERSION "26"
| #define PACKAGE_STRING "kmod 26"
| #define PACKAGE_BUGREPORT "linux-modules@vger.kernel.org"
| #define PACKAGE_URL "http://git.kernel.org/?p=utils/kernel/kmod/kmod.git"
| #define STDC_HEADERS 1
| #define HAVE_SYS_TYPES_H 1
| #define HAVE_SYS_STAT_H 1
| #define HAVE_STDLIB_H 1
| #define HAVE_STRING_H 1
| #define HAVE_MEMORY_H 1
| #define HAVE_STRINGS_H 1
| #define HAVE_INTTYPES_H 1
| #define HAVE_STDINT_H 1
| #define HAVE_UNISTD_H 1
| /* end confdefs.h.  */
| #include <minix/config.h>
configure:3758: result: no
configure:3758: checking for minix/config.h
configure:3758: result: no
configure:3779: checking whether it is safe to define __EXTENSIONS__
configure:3797: /home/peter/buildroot-2020.02.8/output/host/bin/arm-none-linux-gnueabihf-gcc -c -D_LARGEFILE_SOURCE -D_LARGEFILE64_SOURCE -D_FILE_OFFSET_BITS=64  -Os   -D_LARGEFILE_SOURCE -D_LARGEFILE64_SOURCE -D_FILE_OFFSET_BITS=64 conftest.c >&5
configure:3797: $? = 0
configure:3804: result: yes
configure:3825: checking for special C compiler options needed for large files
configure:3870: result: no
configure:3876: checking for _FILE_OFFSET_BITS value needed for large files
configure:3901: /home/peter/buildroot-2020.02.8/output/host/bin/arm-none-linux-gnueabihf-gcc -c -D_LARGEFILE_SOURCE -D_LARGEFILE64_SOURCE -D_FILE_OFFSET_BITS=64  -Os   -D_LARGEFILE_SOURCE -D_LARGEFILE64_SOURCE -D_FILE_OFFSET_BITS=64 conftest.c >&5
configure:3901: $? = 0
configure:3933: result: no
configure:4020: checking whether to enable maintainer-specific portions of Makefiles
configure:4029: result: yes
configure:4058: checking for a BSD-compatible install
configure:4126: result: /usr/bin/install -c
configure:4137: checking whether build environment is sane
configure:4192: result: yes
configure:4248: checking for arm-buildroot-linux-gnueabihf-strip
configure:4275: result: /home/peter/buildroot-2020.02.8/output/host/bin/arm-none-linux-gnueabihf-strip
configure:4340: checking for a thread-safe mkdir -p
configure:4379: result: /bin/mkdir -p
configure:4386: checking for gawk
configure:4416: result: no
configure:4386: checking for mawk
configure:4402: found /usr/bin/mawk
configure:4413: result: mawk
configure:4424: checking whether make sets $(MAKE)
configure:4446: result: yes
configure:4476: checking for style of include used by make
configure:4504: result: GNU
configure:4538: checking whether make supports nested variables
configure:4555: result: yes
configure:4634: checking how to create a pax tar archive
configure:4645: tar --version
tar (GNU tar) 1.29
Copyright (C) 2015 Free Software Foundation, Inc.
License GPLv3+: GNU GPL version 3 or later <http://gnu.org/licenses/gpl.html>.
This is free software: you are free to change and redistribute it.
There is NO WARRANTY, to the extent permitted by law.

Written by John Gilmore and Jay Fenlason.
configure:4648: $? = 0
configure:4688: tardir=conftest.dir && eval tar --format=posix -chf - "$tardir" >conftest.tar
configure:4691: $? = 0
configure:4695: tar -xf - <conftest.tar
configure:4698: $? = 0
configure:4700: cat conftest.dir/file
GrepMe
configure:4703: $? = 0
configure:4716: result: gnutar
configure:4725: checking dependency style of /home/peter/buildroot-2020.02.8/output/host/bin/arm-none-linux-gnueabihf-gcc
configure:4836: result: none
configure:4905: checking whether make supports nested variables
configure:4922: result: yes
configure:4962: checking build system type
configure:4976: result: x86_64-pc-linux-gnu
configure:4996: checking host system type
configure:5009: result: arm-buildroot-linux-gnueabihf
configure:5050: checking how to print strings
configure:5077: result: printf
configure:5098: checking for a sed that does not truncate output
configure:5162: result: /bin/sed
configure:5180: checking for fgrep
configure:5242: result: /bin/grep -F
configure:5277: checking for ld used by /home/peter/buildroot-2020.02.8/output/host/bin/arm-none-linux-gnueabihf-gcc
configure:5344: result: /home/peter/buildroot-2020.02.8/output/host/bin/arm-none-linux-gnueabihf-ld
configure:5351: checking if the linker (/home/peter/buildroot-2020.02.8/output/host/bin/arm-none-linux-gnueabihf-ld) is GNU ld
configure:5366: result: yes
configure:5378: checking for BSD- or MS-compatible name lister (nm)
configure:5432: result: /home/peter/buildroot-2020.02.8/output/host/bin/arm-none-linux-gnueabihf-nm
configure:5562: checking the name lister (/home/peter/buildroot-2020.02.8/output/host/bin/arm-none-linux-gnueabihf-nm) interface
configure:5569: /home/peter/buildroot-2020.02.8/output/host/bin/arm-none-linux-gnueabihf-gcc -c -D_LARGEFILE_SOURCE -D_LARGEFILE64_SOURCE -D_FILE_OFFSET_BITS=64  -Os   -D_LARGEFILE_SOURCE -D_LARGEFILE64_SOURCE -D_FILE_OFFSET_BITS=64 conftest.c >&5
configure:5572: /home/peter/buildroot-2020.02.8/output/host/bin/arm-none-linux-gnueabihf-nm "conftest.o"
configure:5575: output
00000000 B some_variable
configure:5582: result: BSD nm
configure:5585: checking whether ln -s works
configure:5589: result: yes
configure:5597: checking the maximum length of command line arguments
configure:5728: result: 1572864
configure:5776: checking how to convert x86_64-pc-linux-gnu file names to arm-buildroot-linux-gnueabihf format
configure:5816: result: func_convert_file_noop
configure:5823: checking how to convert x86_64-pc-linux-gnu file names to toolchain format
configure:5843: result: func_convert_file_noop
configure:5850: checking for /home/peter/buildroot-2020.02.8/output/host/bin/arm-none-linux-gnueabihf-ld option to reload object files
configure:5857: result: -r
configure:5891: checking for arm-buildroot-linux-gnueabihf-objdump
configure:5918: result: /home/peter/buildroot-2020.02.8/output/host/bin/arm-none-linux-gnueabihf-objdump
configure:5990: checking how to recognize dependent libraries
configure:6190: result: pass_all
configure:6235: checking for arm-buildroot-linux-gnueabihf-dlltool
configure:6265: result: no
configure:6275: checking for dlltool
configure:6305: result: no
configure:6335: checking how to associate runtime and link libraries
configure:6362: result: printf %s\n
configure:6378: checking for arm-buildroot-linux-gnueabihf-ar
configure:6405: result: /home/peter/buildroot-2020.02.8/output/host/bin/arm-none-linux-gnueabihf-ar
configure:6486: checking for archiver @FILE support
configure:6503: /home/peter/buildroot-2020.02.8/output/host/bin/arm-none-linux-gnueabihf-gcc -c -D_LARGEFILE_SOURCE -D_LARGEFILE64_SOURCE -D_FILE_OFFSET_BITS=64  -Os   -D_LARGEFILE_SOURCE -D_LARGEFILE64_SOURCE -D_FILE_OFFSET_BITS=64 conftest.c >&5
configure:6503: $? = 0
configure:6506: /home/peter/buildroot-2020.02.8/output/host/bin/arm-none-linux-gnueabihf-ar cru libconftest.a @conftest.lst >&5
configure:6509: $? = 0
configure:6514: /home/peter/buildroot-2020.02.8/output/host/bin/arm-none-linux-gnueabihf-ar cru libconftest.a @conftest.lst >&5
/home/peter/buildroot-2020.02.8/output/host/bin/arm-none-linux-gnueabihf-ar: conftest.o: No such file or directory
configure:6517: $? = 1
configure:6529: result: @
configure:6547: checking for arm-buildroot-linux-gnueabihf-strip
configure:6574: result: /home/peter/buildroot-2020.02.8/output/host/bin/arm-none-linux-gnueabihf-strip
configure:6646: checking for arm-buildroot-linux-gnueabihf-ranlib
configure:6673: result: /home/peter/buildroot-2020.02.8/output/host/bin/arm-none-linux-gnueabihf-ranlib
configure:6815: checking command to parse /home/peter/buildroot-2020.02.8/output/host/bin/arm-none-linux-gnueabihf-nm output from /home/peter/buildroot-2020.02.8/output/host/bin/arm-none-linux-gnueabihf-gcc object
configure:6968: /home/peter/buildroot-2020.02.8/output/host/bin/arm-none-linux-gnueabihf-gcc -c -D_LARGEFILE_SOURCE -D_LARGEFILE64_SOURCE -D_FILE_OFFSET_BITS=64  -Os   -D_LARGEFILE_SOURCE -D_LARGEFILE64_SOURCE -D_FILE_OFFSET_BITS=64 conftest.c >&5
configure:6971: $? = 0
configure:6975: /home/peter/buildroot-2020.02.8/output/host/bin/arm-none-linux-gnueabihf-nm conftest.o \| sed -n -e 's/^.*[ ]\([ABCDGIRSTW][ABCDGIRSTW]*\)[ ][ ]*\([_A-Za-z][_A-Za-z0-9]*\)$/\1 \2 \2/p' | sed '/ __gnu_lto/d' \> conftest.nm
configure:6978: $? = 0
configure:7044: /home/peter/buildroot-2020.02.8/output/host/bin/arm-none-linux-gnueabihf-gcc -o conftest -D_LARGEFILE_SOURCE -D_LARGEFILE64_SOURCE -D_FILE_OFFSET_BITS=64  -Os   -D_LARGEFILE_SOURCE -D_LARGEFILE64_SOURCE -D_FILE_OFFSET_BITS=64  conftest.c conftstm.o >&5
configure:7047: $? = 0
configure:7085: result: ok
configure:7132: checking for sysroot
configure:7162: result: no
configure:7169: checking for a working dd
configure:7207: result: /bin/dd
configure:7211: checking how to truncate binary pipes
configure:7226: result: /bin/dd bs=4096 count=1
configure:7515: checking for arm-buildroot-linux-gnueabihf-mt
configure:7545: result: no
configure:7555: checking for mt
configure:7571: found /bin/mt
configure:7582: result: mt
configure:7594: WARNING: using cross tools not prefixed with host triplet
configure:7605: checking if mt is a manifest tool
configure:7611: mt '-?'
configure:7619: result: no
configure:8293: checking for dlfcn.h
configure:8293: /home/peter/buildroot-2020.02.8/output/host/bin/arm-none-linux-gnueabihf-gcc -c -D_LARGEFILE_SOURCE -D_LARGEFILE64_SOURCE -D_FILE_OFFSET_BITS=64  -Os   -D_LARGEFILE_SOURCE -D_LARGEFILE64_SOURCE -D_FILE_OFFSET_BITS=64 conftest.c >&5
configure:8293: $? = 0
configure:8293: result: yes
configure:8547: checking for objdir
configure:8562: result: .libs
configure:8826: checking if /home/peter/buildroot-2020.02.8/output/host/bin/arm-none-linux-gnueabihf-gcc supports -fno-rtti -fno-exceptions
configure:8844: /home/peter/buildroot-2020.02.8/output/host/bin/arm-none-linux-gnueabihf-gcc -c -D_LARGEFILE_SOURCE -D_LARGEFILE64_SOURCE -D_FILE_OFFSET_BITS=64  -Os   -D_LARGEFILE_SOURCE -D_LARGEFILE64_SOURCE -D_FILE_OFFSET_BITS=64 -fno-rtti -fno-exceptions conftest.c >&5
cc1: warning: command line option '-fno-rtti' is valid for C++/D/ObjC++ but not for C
configure:8848: $? = 0
configure:8861: result: no
configure:9219: checking for /home/peter/buildroot-2020.02.8/output/host/bin/arm-none-linux-gnueabihf-gcc option to produce PIC
configure:9226: result: -fPIC -DPIC
configure:9234: checking if /home/peter/buildroot-2020.02.8/output/host/bin/arm-none-linux-gnueabihf-gcc PIC flag -fPIC -DPIC works
configure:9252: /home/peter/buildroot-2020.02.8/output/host/bin/arm-none-linux-gnueabihf-gcc -c -D_LARGEFILE_SOURCE -D_LARGEFILE64_SOURCE -D_FILE_OFFSET_BITS=64  -Os   -D_LARGEFILE_SOURCE -D_LARGEFILE64_SOURCE -D_FILE_OFFSET_BITS=64 -fPIC -DPIC -DPIC conftest.c >&5
configure:9256: $? = 0
configure:9269: result: yes
configure:9298: checking if /home/peter/buildroot-2020.02.8/output/host/bin/arm-none-linux-gnueabihf-gcc static flag -static works
configure:9326: result: yes
configure:9341: checking if /home/peter/buildroot-2020.02.8/output/host/bin/arm-none-linux-gnueabihf-gcc supports -c -o file.o
configure:9362: /home/peter/buildroot-2020.02.8/output/host/bin/arm-none-linux-gnueabihf-gcc -c -D_LARGEFILE_SOURCE -D_LARGEFILE64_SOURCE -D_FILE_OFFSET_BITS=64  -Os   -D_LARGEFILE_SOURCE -D_LARGEFILE64_SOURCE -D_FILE_OFFSET_BITS=64 -o out/conftest2.o conftest.c >&5
configure:9366: $? = 0
configure:9388: result: yes
configure:9396: checking if /home/peter/buildroot-2020.02.8/output/host/bin/arm-none-linux-gnueabihf-gcc supports -c -o file.o
configure:9443: result: yes
configure:9476: checking whether the /home/peter/buildroot-2020.02.8/output/host/bin/arm-none-linux-gnueabihf-gcc linker (/home/peter/buildroot-2020.02.8/output/host/bin/arm-none-linux-gnueabihf-ld) supports shared libraries
configure:10735: result: yes
configure:10772: checking whether -lc should be explicitly linked in
configure:10780: /home/peter/buildroot-2020.02.8/output/host/bin/arm-none-linux-gnueabihf-gcc -c -D_LARGEFILE_SOURCE -D_LARGEFILE64_SOURCE -D_FILE_OFFSET_BITS=64  -Os   -D_LARGEFILE_SOURCE -D_LARGEFILE64_SOURCE -D_FILE_OFFSET_BITS=64 conftest.c >&5
configure:10783: $? = 0
configure:10798: /home/peter/buildroot-2020.02.8/output/host/bin/arm-none-linux-gnueabihf-gcc -shared  -fPIC -DPIC conftest.o  -v -Wl,-soname -Wl,conftest -o conftest 2\>\&1 \| /bin/grep  -lc  \>/dev/null 2\>\&1
configure:10801: $? = 0
configure:10815: result: no
configure:10975: checking dynamic linker characteristics
configure:11556: /home/peter/buildroot-2020.02.8/output/host/bin/arm-none-linux-gnueabihf-gcc -o conftest -D_LARGEFILE_SOURCE -D_LARGEFILE64_SOURCE -D_FILE_OFFSET_BITS=64  -Os   -D_LARGEFILE_SOURCE -D_LARGEFILE64_SOURCE -D_FILE_OFFSET_BITS=64  -Wl,-rpath -Wl,/foo conftest.c  >&5
configure:11556: $? = 0
configure:11793: result: GNU/Linux ld.so
configure:11915: checking how to hardcode library paths into programs
configure:11940: result: immediate
configure:12488: checking whether stripping libraries is possible
configure:12493: result: yes
configure:12528: checking if libtool supports shared libraries
configure:12530: result: yes
configure:12533: checking whether to build shared libraries
configure:12558: result: yes
configure:12561: checking whether to build static libraries
configure:12565: result: no
configure:12608: checking for bash
configure:12626: found /bin/bash
configure:12638: result: /bin/bash
configure:12646: checking if dolt supports this host
configure:12678: result: yes, replacing libtool
configure:12829: checking for a sed that does not truncate output
configure:12893: result: /bin/sed
configure:12899: checking whether ln -s works
configure:12903: result: yes
configure:13019: checking pkg-config is at least version 0.9.0
configure:13022: result: yes
configure:13032: checking for xsltproc
configure:13065: result: no
configure:13072: checking for mkosi
configure:13105: result: no
configure:13111: checking for /home/peter/buildroot-2020.02.8/output/host/bin/arm-none-linux-gnueabihf-gcc option to accept ISO C99
configure:13260: /home/peter/buildroot-2020.02.8/output/host/bin/arm-none-linux-gnueabihf-gcc  -c -D_LARGEFILE_SOURCE -D_LARGEFILE64_SOURCE -D_FILE_OFFSET_BITS=64  -Os   -D_LARGEFILE_SOURCE -D_LARGEFILE64_SOURCE -D_FILE_OFFSET_BITS=64 conftest.c >&5
configure:13260: $? = 0
configure:13273: result: none needed
configure:13299: checking for __xstat
configure:13299: /home/peter/buildroot-2020.02.8/output/host/bin/arm-none-linux-gnueabihf-gcc -o conftest -D_LARGEFILE_SOURCE -D_LARGEFILE64_SOURCE -D_FILE_OFFSET_BITS=64  -Os   -D_LARGEFILE_SOURCE -D_LARGEFILE64_SOURCE -D_FILE_OFFSET_BITS=64  conftest.c  >&5
configure:13299: $? = 0
configure:13299: result: yes
configure:13299: checking for __secure_getenv
configure:13299: /home/peter/buildroot-2020.02.8/output/host/bin/arm-none-linux-gnueabihf-gcc -o conftest -D_LARGEFILE_SOURCE -D_LARGEFILE64_SOURCE -D_FILE_OFFSET_BITS=64  -Os   -D_LARGEFILE_SOURCE -D_LARGEFILE64_SOURCE -D_FILE_OFFSET_BITS=64  conftest.c  >&5
/home/peter/gcc-arm-9.2-2019.12-x86_64-arm-none-linux-gnueabihf/bin/../lib/gcc/arm-none-linux-gnueabihf/9.2.1/../../../../arm-none-linux-gnueabihf/bin/ld: /tmp/cc0aZsyg.o: in function `main':
conftest.c:(.text.startup+0x4): undefined reference to `__secure_getenv'
collect2: error: ld returned 1 exit status
configure:13299: $? = 1
configure: failed program was:
| /* confdefs.h */
| #define PACKAGE_NAME "kmod"
| #define PACKAGE_TARNAME "kmod"
| #define PACKAGE_VERSION "26"
| #define PACKAGE_STRING "kmod 26"
| #define PACKAGE_BUGREPORT "linux-modules@vger.kernel.org"
| #define PACKAGE_URL "http://git.kernel.org/?p=utils/kernel/kmod/kmod.git"
| #define STDC_HEADERS 1
| #define HAVE_SYS_TYPES_H 1
| #define HAVE_SYS_STAT_H 1
| #define HAVE_STDLIB_H 1
| #define HAVE_STRING_H 1
| #define HAVE_MEMORY_H 1
| #define HAVE_STRINGS_H 1
| #define HAVE_INTTYPES_H 1
| #define HAVE_STDINT_H 1
| #define HAVE_UNISTD_H 1
| #define __EXTENSIONS__ 1
| #define _ALL_SOURCE 1
| #define _GNU_SOURCE 1
| #define _POSIX_PTHREAD_SEMANTICS 1
| #define _TANDEM_SOURCE 1
| #define PACKAGE "kmod"
| #define VERSION "26"
| #define HAVE_DLFCN_H 1
| #define LT_OBJDIR ".libs/"
| #define HAVE___XSTAT 1
| /* end confdefs.h.  */
| /* Define __secure_getenv to an innocuous variant, in case <limits.h> declares __secure_getenv.
|    For example, HP-UX 11i <limits.h> declares gettimeofday.  */
| #define __secure_getenv innocuous___secure_getenv
| 
| /* System header to define __stub macros and hopefully few prototypes,
|     which can conflict with char __secure_getenv (); below.
|     Prefer <limits.h> to <assert.h> if __STDC__ is defined, since
|     <limits.h> exists even on freestanding compilers.  */
| 
| #ifdef __STDC__
| # include <limits.h>
| #else
| # include <assert.h>
| #endif
| 
| #undef __secure_getenv
| 
| /* Override any GCC internal prototype to avoid an error.
|    Use char because int might match the return type of a GCC
|    builtin and then its argument prototype would still apply.  */
| #ifdef __cplusplus
| extern "C"
| #endif
| char __secure_getenv ();
| /* The GNU C library defines this for functions which it implements
|     to always fail with ENOSYS.  Some functions are actually named
|     something starting with __ and the normal name is an alias.  */
| #if defined __stub___secure_getenv || defined __stub_____secure_getenv
| choke me
| #endif
| 
| int
| main ()
| {
| return __secure_getenv ();
|   ;
|   return 0;
| }
configure:13299: result: no
configure:13299: checking for secure_getenv
configure:13299: /home/peter/buildroot-2020.02.8/output/host/bin/arm-none-linux-gnueabihf-gcc -o conftest -D_LARGEFILE_SOURCE -D_LARGEFILE64_SOURCE -D_FILE_OFFSET_BITS=64  -Os   -D_LARGEFILE_SOURCE -D_LARGEFILE64_SOURCE -D_FILE_OFFSET_BITS=64  conftest.c  >&5
configure:13299: $? = 0
configure:13299: result: yes
configure:13299: checking for finit_module
configure:13299: /home/peter/buildroot-2020.02.8/output/host/bin/arm-none-linux-gnueabihf-gcc -o conftest -D_LARGEFILE_SOURCE -D_LARGEFILE64_SOURCE -D_FILE_OFFSET_BITS=64  -Os   -D_LARGEFILE_SOURCE -D_LARGEFILE64_SOURCE -D_FILE_OFFSET_BITS=64  conftest.c  >&5
/home/peter/gcc-arm-9.2-2019.12-x86_64-arm-none-linux-gnueabihf/bin/../lib/gcc/arm-none-linux-gnueabihf/9.2.1/../../../../arm-none-linux-gnueabihf/bin/ld: /tmp/ccyOAQNr.o: in function `main':
conftest.c:(.text.startup+0x4): undefined reference to `finit_module'
collect2: error: ld returned 1 exit status
configure:13299: $? = 1
configure: failed program was:
| /* confdefs.h */
| #define PACKAGE_NAME "kmod"
| #define PACKAGE_TARNAME "kmod"
| #define PACKAGE_VERSION "26"
| #define PACKAGE_STRING "kmod 26"
| #define PACKAGE_BUGREPORT "linux-modules@vger.kernel.org"
| #define PACKAGE_URL "http://git.kernel.org/?p=utils/kernel/kmod/kmod.git"
| #define STDC_HEADERS 1
| #define HAVE_SYS_TYPES_H 1
| #define HAVE_SYS_STAT_H 1
| #define HAVE_STDLIB_H 1
| #define HAVE_STRING_H 1
| #define HAVE_MEMORY_H 1
| #define HAVE_STRINGS_H 1
| #define HAVE_INTTYPES_H 1
| #define HAVE_STDINT_H 1
| #define HAVE_UNISTD_H 1
| #define __EXTENSIONS__ 1
| #define _ALL_SOURCE 1
| #define _GNU_SOURCE 1
| #define _POSIX_PTHREAD_SEMANTICS 1
| #define _TANDEM_SOURCE 1
| #define PACKAGE "kmod"
| #define VERSION "26"
| #define HAVE_DLFCN_H 1
| #define LT_OBJDIR ".libs/"
| #define HAVE___XSTAT 1
| #define HAVE_SECURE_GETENV 1
| /* end confdefs.h.  */
| /* Define finit_module to an innocuous variant, in case <limits.h> declares finit_module.
|    For example, HP-UX 11i <limits.h> declares gettimeofday.  */
| #define finit_module innocuous_finit_module
| 
| /* System header to define __stub macros and hopefully few prototypes,
|     which can conflict with char finit_module (); below.
|     Prefer <limits.h> to <assert.h> if __STDC__ is defined, since
|     <limits.h> exists even on freestanding compilers.  */
| 
| #ifdef __STDC__
| # include <limits.h>
| #else
| # include <assert.h>
| #endif
| 
| #undef finit_module
| 
| /* Override any GCC internal prototype to avoid an error.
|    Use char because int might match the return type of a GCC
|    builtin and then its argument prototype would still apply.  */
| #ifdef __cplusplus
| extern "C"
| #endif
| char finit_module ();
| /* The GNU C library defines this for functions which it implements
|     to always fail with ENOSYS.  Some functions are actually named
|     something starting with __ and the normal name is an alias.  */
| #if defined __stub_finit_module || defined __stub___finit_module
| choke me
| #endif
| 
| int
| main ()
| {
| return finit_module ();
|   ;
|   return 0;
| }
configure:13299: result: no
configure:13322: checking if compiler has __builtin_clz builtin function
configure:13339: /home/peter/buildroot-2020.02.8/output/host/bin/arm-none-linux-gnueabihf-gcc -o conftest -D_LARGEFILE_SOURCE -D_LARGEFILE64_SOURCE -D_FILE_OFFSET_BITS=64  -Os   -D_LARGEFILE_SOURCE -D_LARGEFILE64_SOURCE -D_FILE_OFFSET_BITS=64  conftest.c  >&5
configure:13339: $? = 0
configure:13347: result: yes
configure:13369: checking if compiler has __builtin_types_compatible_p builtin function
configure:13386: /home/peter/buildroot-2020.02.8/output/host/bin/arm-none-linux-gnueabihf-gcc -o conftest -D_LARGEFILE_SOURCE -D_LARGEFILE64_SOURCE -D_FILE_OFFSET_BITS=64  -Os   -D_LARGEFILE_SOURCE -D_LARGEFILE64_SOURCE -D_FILE_OFFSET_BITS=64  conftest.c  >&5
configure:13386: $? = 0
configure:13394: result: yes
configure:13416: checking if compiler has __builtin_uaddl_overflow builtin function
configure:13433: /home/peter/buildroot-2020.02.8/output/host/bin/arm-none-linux-gnueabihf-gcc -o conftest -D_LARGEFILE_SOURCE -D_LARGEFILE64_SOURCE -D_FILE_OFFSET_BITS=64  -Os   -D_LARGEFILE_SOURCE -D_LARGEFILE64_SOURCE -D_FILE_OFFSET_BITS=64  conftest.c  >&5
configure:13433: $? = 0
configure:13441: result: yes
configure:13463: checking if compiler has __builtin_uaddll_overflow builtin function
configure:13480: /home/peter/buildroot-2020.02.8/output/host/bin/arm-none-linux-gnueabihf-gcc -o conftest -D_LARGEFILE_SOURCE -D_LARGEFILE64_SOURCE -D_FILE_OFFSET_BITS=64  -Os   -D_LARGEFILE_SOURCE -D_LARGEFILE64_SOURCE -D_FILE_OFFSET_BITS=64  conftest.c  >&5
configure:13480: $? = 0
configure:13488: result: yes
configure:13510: checking for struct stat.st_mtim
configure:13510: /home/peter/buildroot-2020.02.8/output/host/bin/arm-none-linux-gnueabihf-gcc -c -D_LARGEFILE_SOURCE -D_LARGEFILE64_SOURCE -D_FILE_OFFSET_BITS=64  -Os   -D_LARGEFILE_SOURCE -D_LARGEFILE64_SOURCE -D_FILE_OFFSET_BITS=64 conftest.c >&5
conftest.c: In function 'main':
conftest.c:40:5: error: used struct type value where scalar is required
   40 | if (ac_aggr.st_mtim)
      |     ^~~~~~~
configure:13510: $? = 1
configure: failed program was:
| /* confdefs.h */
| #define PACKAGE_NAME "kmod"
| #define PACKAGE_TARNAME "kmod"
| #define PACKAGE_VERSION "26"
| #define PACKAGE_STRING "kmod 26"
| #define PACKAGE_BUGREPORT "linux-modules@vger.kernel.org"
| #define PACKAGE_URL "http://git.kernel.org/?p=utils/kernel/kmod/kmod.git"
| #define STDC_HEADERS 1
| #define HAVE_SYS_TYPES_H 1
| #define HAVE_SYS_STAT_H 1
| #define HAVE_STDLIB_H 1
| #define HAVE_STRING_H 1
| #define HAVE_MEMORY_H 1
| #define HAVE_STRINGS_H 1
| #define HAVE_INTTYPES_H 1
| #define HAVE_STDINT_H 1
| #define HAVE_UNISTD_H 1
| #define __EXTENSIONS__ 1
| #define _ALL_SOURCE 1
| #define _GNU_SOURCE 1
| #define _POSIX_PTHREAD_SEMANTICS 1
| #define _TANDEM_SOURCE 1
| #define PACKAGE "kmod"
| #define VERSION "26"
| #define HAVE_DLFCN_H 1
| #define LT_OBJDIR ".libs/"
| #define HAVE___XSTAT 1
| #define HAVE_SECURE_GETENV 1
| #define HAVE___BUILTIN_CLZ 1
| #define HAVE___BUILTIN_TYPES_COMPATIBLE_P 1
| #define HAVE___BUILTIN_UADDL_OVERFLOW 1
| #define HAVE___BUILTIN_UADDLL_OVERFLOW 1
| /* end confdefs.h.  */
| #include <sys/stat.h>
| 
| int
| main ()
| {
| static struct stat ac_aggr;
| if (ac_aggr.st_mtim)
| return 0;
|   ;
|   return 0;
| }
configure:13510: /home/peter/buildroot-2020.02.8/output/host/bin/arm-none-linux-gnueabihf-gcc -c -D_LARGEFILE_SOURCE -D_LARGEFILE64_SOURCE -D_FILE_OFFSET_BITS=64  -Os   -D_LARGEFILE_SOURCE -D_LARGEFILE64_SOURCE -D_FILE_OFFSET_BITS=64 conftest.c >&5
configure:13510: $? = 0
configure:13510: result: yes
configure:13523: checking whether strndupa is declared
configure:13523: /home/peter/buildroot-2020.02.8/output/host/bin/arm-none-linux-gnueabihf-gcc -c -D_LARGEFILE_SOURCE -D_LARGEFILE64_SOURCE -D_FILE_OFFSET_BITS=64  -Os   -D_LARGEFILE_SOURCE -D_LARGEFILE64_SOURCE -D_FILE_OFFSET_BITS=64 conftest.c >&5
configure:13523: $? = 0
configure:13523: result: yes
configure:13537: checking whether be32toh is declared
configure:13537: /home/peter/buildroot-2020.02.8/output/host/bin/arm-none-linux-gnueabihf-gcc -c -D_LARGEFILE_SOURCE -D_LARGEFILE64_SOURCE -D_FILE_OFFSET_BITS=64  -Os   -D_LARGEFILE_SOURCE -D_LARGEFILE64_SOURCE -D_FILE_OFFSET_BITS=64 conftest.c >&5
configure:13537: $? = 0
configure:13537: result: yes
configure:13557: checking for linux/module.h
configure:13557: /home/peter/buildroot-2020.02.8/output/host/bin/arm-none-linux-gnueabihf-gcc -c -D_LARGEFILE_SOURCE -D_LARGEFILE64_SOURCE -D_FILE_OFFSET_BITS=64  -Os   -D_LARGEFILE_SOURCE -D_LARGEFILE64_SOURCE -D_FILE_OFFSET_BITS=64 conftest.c >&5
configure:13557: $? = 0
configure:13557: result: yes
configure:13572: checking whether _Static_assert() is supported
configure:13578: /home/peter/buildroot-2020.02.8/output/host/bin/arm-none-linux-gnueabihf-gcc -c -D_LARGEFILE_SOURCE -D_LARGEFILE64_SOURCE -D_FILE_OFFSET_BITS=64  -Os   -D_LARGEFILE_SOURCE -D_LARGEFILE64_SOURCE -D_FILE_OFFSET_BITS=64 conftest.c >&5
configure:13578: $? = 0
configure:13582: result: yes
configure:13590: checking whether _Noreturn is supported
configure:13596: /home/peter/buildroot-2020.02.8/output/host/bin/arm-none-linux-gnueabihf-gcc -c -D_LARGEFILE_SOURCE -D_LARGEFILE64_SOURCE -D_FILE_OFFSET_BITS=64  -Os   -D_LARGEFILE_SOURCE -D_LARGEFILE64_SOURCE -D_FILE_OFFSET_BITS=64 conftest.c >&5
conftest.c: In function 'foo':
conftest.c:39:27: warning: implicit declaration of function 'exit' [-Wimplicit-function-declaration]
   39 | _Noreturn int foo(void) { exit(0); }
      |                           ^~~~
conftest.c:39:27: warning: incompatible implicit declaration of built-in function 'exit'
conftest.c:1:1: note: include '<stdlib.h>' or provide a declaration of 'exit'
    1 | /* confdefs.h */
configure:13596: $? = 0
configure:13600: result: yes
configure:13731: Xz support not requested
configure:13867: zlib support not requested
configure:14003: openssl support not requested
configure:14781: checking for gtk-doc
configure:14784: $PKG_CONFIG --exists --print-errors "$gtk_doc_requires"
Package gtk-doc was not found in the pkg-config search path.
Perhaps you should add the directory containing `gtk-doc.pc'
to the PKG_CONFIG_PATH environment variable
Package 'gtk-doc', required by 'virtual:world', not found
configure:14787: $? = 1
configure:14793: result: no
configure:14799: WARNING:
  You will not be able to create source packages with 'make dist'
  because gtk-doc >= 1.14 is not found.
configure:14807: checking for gtkdoc-check
configure:14837: result: no
configure:14844: checking for gtkdoc-check
configure:14877: result: no
configure:14886: checking for gtkdoc-rebase
configure:14919: result: no
configure:14930: checking for gtkdoc-mkpdf
configure:14963: result: no
configure:14988: checking whether to build gtk-doc documentation
configure:14990: result: no
configure:15003: checking for GTKDOC_DEPS
configure:15010: $PKG_CONFIG --exists --print-errors "glib-2.0 >= 2.10.0 gobject-2.0  >= 2.10.0"
Package glib-2.0 was not found in the pkg-config search path.
Perhaps you should add the directory containing `glib-2.0.pc'
to the PKG_CONFIG_PATH environment variable
Package 'glib-2.0', required by 'virtual:world', not found
Package 'gobject-2.0', required by 'virtual:world', not found
configure:15013: $? = 1
configure:15027: $PKG_CONFIG --exists --print-errors "glib-2.0 >= 2.10.0 gobject-2.0  >= 2.10.0"
Package glib-2.0 was not found in the pkg-config search path.
Perhaps you should add the directory containing `glib-2.0.pc'
to the PKG_CONFIG_PATH environment variable
Package 'glib-2.0', required by 'virtual:world', not found
Package 'gobject-2.0', required by 'virtual:world', not found
configure:15030: $? = 1
configure:15044: result: no
Package 'glib-2.0', required by 'virtual:world', not found
Package 'gobject-2.0', required by 'virtual:world', not found
configure:15199: checking if /home/peter/buildroot-2020.02.8/output/host/bin/arm-none-linux-gnueabihf-gcc supports flag -pipe in envvar CFLAGS
configure:15210: /home/peter/buildroot-2020.02.8/output/host/bin/arm-none-linux-gnueabihf-gcc -o conftest -Werror -pipe -D_LARGEFILE_SOURCE -D_LARGEFILE64_SOURCE -D_FILE_OFFSET_BITS=64  conftest.c  >&5
configure:15210: $? = 0
configure:15220: result: yes
configure:15199: checking if /home/peter/buildroot-2020.02.8/output/host/bin/arm-none-linux-gnueabihf-gcc supports flag -DANOTHER_BRICK_IN_THE in envvar CFLAGS
configure:15210: /home/peter/buildroot-2020.02.8/output/host/bin/arm-none-linux-gnueabihf-gcc -o conftest -Werror -DANOTHER_BRICK_IN_THE -D_LARGEFILE_SOURCE -D_LARGEFILE64_SOURCE -D_FILE_OFFSET_BITS=64  conftest.c  >&5
configure:15210: $? = 0
configure:15220: result: yes
configure:15199: checking if /home/peter/buildroot-2020.02.8/output/host/bin/arm-none-linux-gnueabihf-gcc supports flag -Wall in envvar CFLAGS
configure:15210: /home/peter/buildroot-2020.02.8/output/host/bin/arm-none-linux-gnueabihf-gcc -o conftest -Werror -Wall -D_LARGEFILE_SOURCE -D_LARGEFILE64_SOURCE -D_FILE_OFFSET_BITS=64  conftest.c  >&5
configure:15210: $? = 0
configure:15220: result: yes
configure:15199: checking if /home/peter/buildroot-2020.02.8/output/host/bin/arm-none-linux-gnueabihf-gcc supports flag -W in envvar CFLAGS
configure:15210: /home/peter/buildroot-2020.02.8/output/host/bin/arm-none-linux-gnueabihf-gcc -o conftest -Werror -W -D_LARGEFILE_SOURCE -D_LARGEFILE64_SOURCE -D_FILE_OFFSET_BITS=64  conftest.c  >&5
configure:15210: $? = 0
configure:15220: result: yes
configure:15199: checking if /home/peter/buildroot-2020.02.8/output/host/bin/arm-none-linux-gnueabihf-gcc supports flag -Wextra in envvar CFLAGS
configure:15210: /home/peter/buildroot-2020.02.8/output/host/bin/arm-none-linux-gnueabihf-gcc -o conftest -Werror -Wextra -D_LARGEFILE_SOURCE -D_LARGEFILE64_SOURCE -D_FILE_OFFSET_BITS=64  conftest.c  >&5
configure:15210: $? = 0
configure:15220: result: yes
configure:15199: checking if /home/peter/buildroot-2020.02.8/output/host/bin/arm-none-linux-gnueabihf-gcc supports flag -Wno-inline in envvar CFLAGS
configure:15210: /home/peter/buildroot-2020.02.8/output/host/bin/arm-none-linux-gnueabihf-gcc -o conftest -Werror -Winline -D_LARGEFILE_SOURCE -D_LARGEFILE64_SOURCE -D_FILE_OFFSET_BITS=64  conftest.c  >&5
configure:15210: $? = 0
configure:15220: result: yes
configure:15199: checking if /home/peter/buildroot-2020.02.8/output/host/bin/arm-none-linux-gnueabihf-gcc supports flag -Wvla in envvar CFLAGS
configure:15210: /home/peter/buildroot-2020.02.8/output/host/bin/arm-none-linux-gnueabihf-gcc -o conftest -Werror -Wvla -D_LARGEFILE_SOURCE -D_LARGEFILE64_SOURCE -D_FILE_OFFSET_BITS=64  conftest.c  >&5
configure:15210: $? = 0
configure:15220: result: yes
configure:15199: checking if /home/peter/buildroot-2020.02.8/output/host/bin/arm-none-linux-gnueabihf-gcc supports flag -Wundef in envvar CFLAGS
configure:15210: /home/peter/buildroot-2020.02.8/output/host/bin/arm-none-linux-gnueabihf-gcc -o conftest -Werror -Wundef -D_LARGEFILE_SOURCE -D_LARGEFILE64_SOURCE -D_FILE_OFFSET_BITS=64  conftest.c  >&5
configure:15210: $? = 0
configure:15220: result: yes
configure:15199: checking if /home/peter/buildroot-2020.02.8/output/host/bin/arm-none-linux-gnueabihf-gcc supports flag -Wformat=2 in envvar CFLAGS
configure:15210: /home/peter/buildroot-2020.02.8/output/host/bin/arm-none-linux-gnueabihf-gcc -o conftest -Werror -Wformat=2 -D_LARGEFILE_SOURCE -D_LARGEFILE64_SOURCE -D_FILE_OFFSET_BITS=64  conftest.c  >&5
configure:15210: $? = 0
configure:15220: result: yes
configure:15199: checking if /home/peter/buildroot-2020.02.8/output/host/bin/arm-none-linux-gnueabihf-gcc supports flag -Wlogical-op in envvar CFLAGS
configure:15210: /home/peter/buildroot-2020.02.8/output/host/bin/arm-none-linux-gnueabihf-gcc -o conftest -Werror -Wlogical-op -D_LARGEFILE_SOURCE -D_LARGEFILE64_SOURCE -D_FILE_OFFSET_BITS=64  conftest.c  >&5
configure:15210: $? = 0
configure:15220: result: yes
configure:15199: checking if /home/peter/buildroot-2020.02.8/output/host/bin/arm-none-linux-gnueabihf-gcc supports flag -Wsign-compare in envvar CFLAGS
configure:15210: /home/peter/buildroot-2020.02.8/output/host/bin/arm-none-linux-gnueabihf-gcc -o conftest -Werror -Wsign-compare -D_LARGEFILE_SOURCE -D_LARGEFILE64_SOURCE -D_FILE_OFFSET_BITS=64  conftest.c  >&5
configure:15210: $? = 0
configure:15220: result: yes
configure:15199: checking if /home/peter/buildroot-2020.02.8/output/host/bin/arm-none-linux-gnueabihf-gcc supports flag -Wformat-security in envvar CFLAGS
configure:15210: /home/peter/buildroot-2020.02.8/output/host/bin/arm-none-linux-gnueabihf-gcc -o conftest -Werror -Wformat-security -D_LARGEFILE_SOURCE -D_LARGEFILE64_SOURCE -D_FILE_OFFSET_BITS=64  conftest.c  >&5
cc1: error: '-Wformat-security' ignored without '-Wformat' [-Werror=format-security]
cc1: all warnings being treated as errors
configure:15210: $? = 1
configure: failed program was:
| /* confdefs.h */
| #define PACKAGE_NAME "kmod"
| #define PACKAGE_TARNAME "kmod"
| #define PACKAGE_VERSION "26"
| #define PACKAGE_STRING "kmod 26"
| #define PACKAGE_BUGREPORT "linux-modules@vger.kernel.org"
| #define PACKAGE_URL "http://git.kernel.org/?p=utils/kernel/kmod/kmod.git"
| #define STDC_HEADERS 1
| #define HAVE_SYS_TYPES_H 1
| #define HAVE_SYS_STAT_H 1
| #define HAVE_STDLIB_H 1
| #define HAVE_STRING_H 1
| #define HAVE_MEMORY_H 1
| #define HAVE_STRINGS_H 1
| #define HAVE_INTTYPES_H 1
| #define HAVE_STDINT_H 1
| #define HAVE_UNISTD_H 1
| #define __EXTENSIONS__ 1
| #define _ALL_SOURCE 1
| #define _GNU_SOURCE 1
| #define _POSIX_PTHREAD_SEMANTICS 1
| #define _TANDEM_SOURCE 1
| #define PACKAGE "kmod"
| #define VERSION "26"
| #define HAVE_DLFCN_H 1
| #define LT_OBJDIR ".libs/"
| #define HAVE___XSTAT 1
| #define HAVE_SECURE_GETENV 1
| #define HAVE___BUILTIN_CLZ 1
| #define HAVE___BUILTIN_TYPES_COMPATIBLE_P 1
| #define HAVE___BUILTIN_UADDL_OVERFLOW 1
| #define HAVE___BUILTIN_UADDLL_OVERFLOW 1
| #define HAVE_STRUCT_STAT_ST_MTIM 1
| #define HAVE_DECL_STRNDUPA 1
| #define HAVE_DECL_BE32TOH 1
| #define HAVE_LINUX_MODULE_H 1
| #define HAVE_STATIC_ASSERT 1
| #define HAVE_NORETURN 1
| #define ENABLE_LOGGING 1
| /* end confdefs.h.  */
| int main(void) { return 0; }
configure:15220: result: no
configure:15199: checking if /home/peter/buildroot-2020.02.8/output/host/bin/arm-none-linux-gnueabihf-gcc supports flag -Wmissing-include-dirs in envvar CFLAGS
configure:15210: /home/peter/buildroot-2020.02.8/output/host/bin/arm-none-linux-gnueabihf-gcc -o conftest -Werror -Wmissing-include-dirs -D_LARGEFILE_SOURCE -D_LARGEFILE64_SOURCE -D_FILE_OFFSET_BITS=64  conftest.c  >&5
configure:15210: $? = 0
configure:15220: result: yes
configure:15199: checking if /home/peter/buildroot-2020.02.8/output/host/bin/arm-none-linux-gnueabihf-gcc supports flag -Wformat-nonliteral in envvar CFLAGS
configure:15210: /home/peter/buildroot-2020.02.8/output/host/bin/arm-none-linux-gnueabihf-gcc -o conftest -Werror -Wformat-nonliteral -D_LARGEFILE_SOURCE -D_LARGEFILE64_SOURCE -D_FILE_OFFSET_BITS=64  conftest.c  >&5
cc1: error: '-Wformat-nonliteral' ignored without '-Wformat' [-Werror=format-nonliteral]
cc1: all warnings being treated as errors
configure:15210: $? = 1
configure: failed program was:
| /* confdefs.h */
| #define PACKAGE_NAME "kmod"
| #define PACKAGE_TARNAME "kmod"
| #define PACKAGE_VERSION "26"
| #define PACKAGE_STRING "kmod 26"
| #define PACKAGE_BUGREPORT "linux-modules@vger.kernel.org"
| #define PACKAGE_URL "http://git.kernel.org/?p=utils/kernel/kmod/kmod.git"
| #define STDC_HEADERS 1
| #define HAVE_SYS_TYPES_H 1
| #define HAVE_SYS_STAT_H 1
| #define HAVE_STDLIB_H 1
| #define HAVE_STRING_H 1
| #define HAVE_MEMORY_H 1
| #define HAVE_STRINGS_H 1
| #define HAVE_INTTYPES_H 1
| #define HAVE_STDINT_H 1
| #define HAVE_UNISTD_H 1
| #define __EXTENSIONS__ 1
| #define _ALL_SOURCE 1
| #define _GNU_SOURCE 1
| #define _POSIX_PTHREAD_SEMANTICS 1
| #define _TANDEM_SOURCE 1
| #define PACKAGE "kmod"
| #define VERSION "26"
| #define HAVE_DLFCN_H 1
| #define LT_OBJDIR ".libs/"
| #define HAVE___XSTAT 1
| #define HAVE_SECURE_GETENV 1
| #define HAVE___BUILTIN_CLZ 1
| #define HAVE___BUILTIN_TYPES_COMPATIBLE_P 1
| #define HAVE___BUILTIN_UADDL_OVERFLOW 1
| #define HAVE___BUILTIN_UADDLL_OVERFLOW 1
| #define HAVE_STRUCT_STAT_ST_MTIM 1
| #define HAVE_DECL_STRNDUPA 1
| #define HAVE_DECL_BE32TOH 1
| #define HAVE_LINUX_MODULE_H 1
| #define HAVE_STATIC_ASSERT 1
| #define HAVE_NORETURN 1
| #define ENABLE_LOGGING 1
| /* end confdefs.h.  */
| int main(void) { return 0; }
configure:15220: result: no
configure:15199: checking if /home/peter/buildroot-2020.02.8/output/host/bin/arm-none-linux-gnueabihf-gcc supports flag -Wold-style-definition in envvar CFLAGS
configure:15210: /home/peter/buildroot-2020.02.8/output/host/bin/arm-none-linux-gnueabihf-gcc -o conftest -Werror -Wold-style-definition -D_LARGEFILE_SOURCE -D_LARGEFILE64_SOURCE -D_FILE_OFFSET_BITS=64  conftest.c  >&5
configure:15210: $? = 0
configure:15220: result: yes
configure:15199: checking if /home/peter/buildroot-2020.02.8/output/host/bin/arm-none-linux-gnueabihf-gcc supports flag -Wpointer-arith in envvar CFLAGS
configure:15210: /home/peter/buildroot-2020.02.8/output/host/bin/arm-none-linux-gnueabihf-gcc -o conftest -Werror -Wpointer-arith -D_LARGEFILE_SOURCE -D_LARGEFILE64_SOURCE -D_FILE_OFFSET_BITS=64  conftest.c  >&5
configure:15210: $? = 0
configure:15220: result: yes
configure:15199: checking if /home/peter/buildroot-2020.02.8/output/host/bin/arm-none-linux-gnueabihf-gcc supports flag -Winit-self in envvar CFLAGS
configure:15210: /home/peter/buildroot-2020.02.8/output/host/bin/arm-none-linux-gnueabihf-gcc -o conftest -Werror -Winit-self -D_LARGEFILE_SOURCE -D_LARGEFILE64_SOURCE -D_FILE_OFFSET_BITS=64  conftest.c  >&5
configure:15210: $? = 0
configure:15220: result: yes
configure:15199: checking if /home/peter/buildroot-2020.02.8/output/host/bin/arm-none-linux-gnueabihf-gcc supports flag -Wdeclaration-after-statement in envvar CFLAGS
configure:15210: /home/peter/buildroot-2020.02.8/output/host/bin/arm-none-linux-gnueabihf-gcc -o conftest -Werror -Wdeclaration-after-statement -D_LARGEFILE_SOURCE -D_LARGEFILE64_SOURCE -D_FILE_OFFSET_BITS=64  conftest.c  >&5
configure:15210: $? = 0
configure:15220: result: yes
configure:15199: checking if /home/peter/buildroot-2020.02.8/output/host/bin/arm-none-linux-gnueabihf-gcc supports flag -Wfloat-equal in envvar CFLAGS
configure:15210: /home/peter/buildroot-2020.02.8/output/host/bin/arm-none-linux-gnueabihf-gcc -o conftest -Werror -Wfloat-equal -D_LARGEFILE_SOURCE -D_LARGEFILE64_SOURCE -D_FILE_OFFSET_BITS=64  conftest.c  >&5
configure:15210: $? = 0
configure:15220: result: yes
configure:15199: checking if /home/peter/buildroot-2020.02.8/output/host/bin/arm-none-linux-gnueabihf-gcc supports flag -Wmissing-prototypes in envvar CFLAGS
configure:15210: /home/peter/buildroot-2020.02.8/output/host/bin/arm-none-linux-gnueabihf-gcc -o conftest -Werror -Wmissing-prototypes -D_LARGEFILE_SOURCE -D_LARGEFILE64_SOURCE -D_FILE_OFFSET_BITS=64  conftest.c  >&5
configure:15210: $? = 0
configure:15220: result: yes
configure:15199: checking if /home/peter/buildroot-2020.02.8/output/host/bin/arm-none-linux-gnueabihf-gcc supports flag -Wstrict-prototypes in envvar CFLAGS
configure:15210: /home/peter/buildroot-2020.02.8/output/host/bin/arm-none-linux-gnueabihf-gcc -o conftest -Werror -Wstrict-prototypes -D_LARGEFILE_SOURCE -D_LARGEFILE64_SOURCE -D_FILE_OFFSET_BITS=64  conftest.c  >&5
configure:15210: $? = 0
configure:15220: result: yes
configure:15199: checking if /home/peter/buildroot-2020.02.8/output/host/bin/arm-none-linux-gnueabihf-gcc supports flag -Wredundant-decls in envvar CFLAGS
configure:15210: /home/peter/buildroot-2020.02.8/output/host/bin/arm-none-linux-gnueabihf-gcc -o conftest -Werror -Wredundant-decls -D_LARGEFILE_SOURCE -D_LARGEFILE64_SOURCE -D_FILE_OFFSET_BITS=64  conftest.c  >&5
configure:15210: $? = 0
configure:15220: result: yes
configure:15199: checking if /home/peter/buildroot-2020.02.8/output/host/bin/arm-none-linux-gnueabihf-gcc supports flag -Wmissing-declarations in envvar CFLAGS
configure:15210: /home/peter/buildroot-2020.02.8/output/host/bin/arm-none-linux-gnueabihf-gcc -o conftest -Werror -Wmissing-declarations -D_LARGEFILE_SOURCE -D_LARGEFILE64_SOURCE -D_FILE_OFFSET_BITS=64  conftest.c  >&5
configure:15210: $? = 0
configure:15220: result: yes
configure:15199: checking if /home/peter/buildroot-2020.02.8/output/host/bin/arm-none-linux-gnueabihf-gcc supports flag -Wmissing-noreturn in envvar CFLAGS
configure:15210: /home/peter/buildroot-2020.02.8/output/host/bin/arm-none-linux-gnueabihf-gcc -o conftest -Werror -Wmissing-noreturn -D_LARGEFILE_SOURCE -D_LARGEFILE64_SOURCE -D_FILE_OFFSET_BITS=64  conftest.c  >&5
configure:15210: $? = 0
configure:15220: result: yes
configure:15199: checking if /home/peter/buildroot-2020.02.8/output/host/bin/arm-none-linux-gnueabihf-gcc supports flag -Wshadow in envvar CFLAGS
configure:15210: /home/peter/buildroot-2020.02.8/output/host/bin/arm-none-linux-gnueabihf-gcc -o conftest -Werror -Wshadow -D_LARGEFILE_SOURCE -D_LARGEFILE64_SOURCE -D_FILE_OFFSET_BITS=64  conftest.c  >&5
configure:15210: $? = 0
configure:15220: result: yes
configure:15199: checking if /home/peter/buildroot-2020.02.8/output/host/bin/arm-none-linux-gnueabihf-gcc supports flag -Wendif-labels in envvar CFLAGS
configure:15210: /home/peter/buildroot-2020.02.8/output/host/bin/arm-none-linux-gnueabihf-gcc -o conftest -Werror -Wendif-labels -D_LARGEFILE_SOURCE -D_LARGEFILE64_SOURCE -D_FILE_OFFSET_BITS=64  conftest.c  >&5
configure:15210: $? = 0
configure:15220: result: yes
configure:15199: checking if /home/peter/buildroot-2020.02.8/output/host/bin/arm-none-linux-gnueabihf-gcc supports flag -Wstrict-aliasing=3 in envvar CFLAGS
configure:15210: /home/peter/buildroot-2020.02.8/output/host/bin/arm-none-linux-gnueabihf-gcc -o conftest -Werror -Wstrict-aliasing=3 -D_LARGEFILE_SOURCE -D_LARGEFILE64_SOURCE -D_FILE_OFFSET_BITS=64  conftest.c  >&5
configure:15210: $? = 0
configure:15220: result: yes
configure:15199: checking if /home/peter/buildroot-2020.02.8/output/host/bin/arm-none-linux-gnueabihf-gcc supports flag -Wwrite-strings in envvar CFLAGS
configure:15210: /home/peter/buildroot-2020.02.8/output/host/bin/arm-none-linux-gnueabihf-gcc -o conftest -Werror -Wwrite-strings -D_LARGEFILE_SOURCE -D_LARGEFILE64_SOURCE -D_FILE_OFFSET_BITS=64  conftest.c  >&5
configure:15210: $? = 0
configure:15220: result: yes
configure:15199: checking if /home/peter/buildroot-2020.02.8/output/host/bin/arm-none-linux-gnueabihf-gcc supports flag -Wno-long-long in envvar CFLAGS
configure:15210: /home/peter/buildroot-2020.02.8/output/host/bin/arm-none-linux-gnueabihf-gcc -o conftest -Werror -Wlong-long -D_LARGEFILE_SOURCE -D_LARGEFILE64_SOURCE -D_FILE_OFFSET_BITS=64  conftest.c  >&5
configure:15210: $? = 0
configure:15220: result: yes
configure:15199: checking if /home/peter/buildroot-2020.02.8/output/host/bin/arm-none-linux-gnueabihf-gcc supports flag -Wno-overlength-strings in envvar CFLAGS
configure:15210: /home/peter/buildroot-2020.02.8/output/host/bin/arm-none-linux-gnueabihf-gcc -o conftest -Werror -Woverlength-strings -D_LARGEFILE_SOURCE -D_LARGEFILE64_SOURCE -D_FILE_OFFSET_BITS=64  conftest.c  >&5
configure:15210: $? = 0
configure:15220: result: yes
configure:15199: checking if /home/peter/buildroot-2020.02.8/output/host/bin/arm-none-linux-gnueabihf-gcc supports flag -Wno-unused-parameter in envvar CFLAGS
configure:15210: /home/peter/buildroot-2020.02.8/output/host/bin/arm-none-linux-gnueabihf-gcc -o conftest -Werror -Wunused-parameter -D_LARGEFILE_SOURCE -D_LARGEFILE64_SOURCE -D_FILE_OFFSET_BITS=64  conftest.c  >&5
configure:15210: $? = 0
configure:15220: result: yes
configure:15199: checking if /home/peter/buildroot-2020.02.8/output/host/bin/arm-none-linux-gnueabihf-gcc supports flag -Wno-missing-field-initializers in envvar CFLAGS
configure:15210: /home/peter/buildroot-2020.02.8/output/host/bin/arm-none-linux-gnueabihf-gcc -o conftest -Werror -Wmissing-field-initializers -D_LARGEFILE_SOURCE -D_LARGEFILE64_SOURCE -D_FILE_OFFSET_BITS=64  conftest.c  >&5
configure:15210: $? = 0
configure:15220: result: yes
configure:15199: checking if /home/peter/buildroot-2020.02.8/output/host/bin/arm-none-linux-gnueabihf-gcc supports flag -Wno-unused-result in envvar CFLAGS
configure:15210: /home/peter/buildroot-2020.02.8/output/host/bin/arm-none-linux-gnueabihf-gcc -o conftest -Werror -Wunused-result -D_LARGEFILE_SOURCE -D_LARGEFILE64_SOURCE -D_FILE_OFFSET_BITS=64  conftest.c  >&5
configure:15210: $? = 0
configure:15220: result: yes
configure:15199: checking if /home/peter/buildroot-2020.02.8/output/host/bin/arm-none-linux-gnueabihf-gcc supports flag -Wnested-externs in envvar CFLAGS
configure:15210: /home/peter/buildroot-2020.02.8/output/host/bin/arm-none-linux-gnueabihf-gcc -o conftest -Werror -Wnested-externs -D_LARGEFILE_SOURCE -D_LARGEFILE64_SOURCE -D_FILE_OFFSET_BITS=64  conftest.c  >&5
configure:15210: $? = 0
configure:15220: result: yes
configure:15199: checking if /home/peter/buildroot-2020.02.8/output/host/bin/arm-none-linux-gnueabihf-gcc supports flag -Wchar-subscripts in envvar CFLAGS
configure:15210: /home/peter/buildroot-2020.02.8/output/host/bin/arm-none-linux-gnueabihf-gcc -o conftest -Werror -Wchar-subscripts -D_LARGEFILE_SOURCE -D_LARGEFILE64_SOURCE -D_FILE_OFFSET_BITS=64  conftest.c  >&5
configure:15210: $? = 0
configure:15220: result: yes
configure:15199: checking if /home/peter/buildroot-2020.02.8/output/host/bin/arm-none-linux-gnueabihf-gcc supports flag -Wtype-limits in envvar CFLAGS
configure:15210: /home/peter/buildroot-2020.02.8/output/host/bin/arm-none-linux-gnueabihf-gcc -o conftest -Werror -Wtype-limits -D_LARGEFILE_SOURCE -D_LARGEFILE64_SOURCE -D_FILE_OFFSET_BITS=64  conftest.c  >&5
configure:15210: $? = 0
configure:15220: result: yes
configure:15199: checking if /home/peter/buildroot-2020.02.8/output/host/bin/arm-none-linux-gnueabihf-gcc supports flag -Wuninitialized in envvar CFLAGS
configure:15210: /home/peter/buildroot-2020.02.8/output/host/bin/arm-none-linux-gnueabihf-gcc -o conftest -Werror -Wuninitialized -D_LARGEFILE_SOURCE -D_LARGEFILE64_SOURCE -D_FILE_OFFSET_BITS=64  conftest.c  >&5
configure:15210: $? = 0
configure:15220: result: yes
configure:15199: checking if /home/peter/buildroot-2020.02.8/output/host/bin/arm-none-linux-gnueabihf-gcc supports flag -fno-common in envvar CFLAGS
configure:15210: /home/peter/buildroot-2020.02.8/output/host/bin/arm-none-linux-gnueabihf-gcc -o conftest -Werror -fno-common -D_LARGEFILE_SOURCE -D_LARGEFILE64_SOURCE -D_FILE_OFFSET_BITS=64  conftest.c  >&5
configure:15210: $? = 0
configure:15220: result: yes
configure:15199: checking if /home/peter/buildroot-2020.02.8/output/host/bin/arm-none-linux-gnueabihf-gcc supports flag -fdiagnostics-show-option in envvar CFLAGS
configure:15210: /home/peter/buildroot-2020.02.8/output/host/bin/arm-none-linux-gnueabihf-gcc -o conftest -Werror -fdiagnostics-show-option -D_LARGEFILE_SOURCE -D_LARGEFILE64_SOURCE -D_FILE_OFFSET_BITS=64  conftest.c  >&5
configure:15210: $? = 0
configure:15220: result: yes
configure:15199: checking if /home/peter/buildroot-2020.02.8/output/host/bin/arm-none-linux-gnueabihf-gcc supports flag -fvisibility=hidden in envvar CFLAGS
configure:15210: /home/peter/buildroot-2020.02.8/output/host/bin/arm-none-linux-gnueabihf-gcc -o conftest -Werror -fvisibility=hidden -D_LARGEFILE_SOURCE -D_LARGEFILE64_SOURCE -D_FILE_OFFSET_BITS=64  conftest.c  >&5
configure:15210: $? = 0
configure:15220: result: yes
configure:15199: checking if /home/peter/buildroot-2020.02.8/output/host/bin/arm-none-linux-gnueabihf-gcc supports flag -ffunction-sections in envvar CFLAGS
configure:15210: /home/peter/buildroot-2020.02.8/output/host/bin/arm-none-linux-gnueabihf-gcc -o conftest -Werror -ffunction-sections -D_LARGEFILE_SOURCE -D_LARGEFILE64_SOURCE -D_FILE_OFFSET_BITS=64  conftest.c  >&5
configure:15210: $? = 0
configure:15220: result: yes
configure:15199: checking if /home/peter/buildroot-2020.02.8/output/host/bin/arm-none-linux-gnueabihf-gcc supports flag -fdata-sections in envvar CFLAGS
configure:15210: /home/peter/buildroot-2020.02.8/output/host/bin/arm-none-linux-gnueabihf-gcc -o conftest -Werror -fdata-sections -D_LARGEFILE_SOURCE -D_LARGEFILE64_SOURCE -D_FILE_OFFSET_BITS=64  conftest.c  >&5
configure:15210: $? = 0
configure:15220: result: yes
configure:15239: checking if /home/peter/buildroot-2020.02.8/output/host/bin/arm-none-linux-gnueabihf-gcc supports flag -Wl,--as-needed in envvar LDFLAGS
configure:15250: /home/peter/buildroot-2020.02.8/output/host/bin/arm-none-linux-gnueabihf-gcc -o conftest -D_LARGEFILE_SOURCE -D_LARGEFILE64_SOURCE -D_FILE_OFFSET_BITS=64  -Os   -D_LARGEFILE_SOURCE -D_LARGEFILE64_SOURCE -D_FILE_OFFSET_BITS=64 -Werror -Wl,--as-needed conftest.c  >&5
configure:15250: $? = 0
configure:15260: result: yes
configure:15239: checking if /home/peter/buildroot-2020.02.8/output/host/bin/arm-none-linux-gnueabihf-gcc supports flag -Wl,--no-undefined in envvar LDFLAGS
configure:15250: /home/peter/buildroot-2020.02.8/output/host/bin/arm-none-linux-gnueabihf-gcc -o conftest -D_LARGEFILE_SOURCE -D_LARGEFILE64_SOURCE -D_FILE_OFFSET_BITS=64  -Os   -D_LARGEFILE_SOURCE -D_LARGEFILE64_SOURCE -D_FILE_OFFSET_BITS=64 -Werror -Wl,--no-undefined conftest.c  >&5
configure:15250: $? = 0
configure:15260: result: yes
configure:15239: checking if /home/peter/buildroot-2020.02.8/output/host/bin/arm-none-linux-gnueabihf-gcc supports flag -Wl,--gc-sections in envvar LDFLAGS
configure:15250: /home/peter/buildroot-2020.02.8/output/host/bin/arm-none-linux-gnueabihf-gcc -o conftest -D_LARGEFILE_SOURCE -D_LARGEFILE64_SOURCE -D_FILE_OFFSET_BITS=64  -Os   -D_LARGEFILE_SOURCE -D_LARGEFILE64_SOURCE -D_FILE_OFFSET_BITS=64 -Werror -Wl,--gc-sections conftest.c  >&5
configure:15250: $? = 0
configure:15260: result: yes
configure:15401: checking that generated files are newer than configure
configure:15407: result: done
configure:15478: creating ./config.status

## ---------------------- ##
## Running config.status. ##
## ---------------------- ##

This file was extended by kmod config.status 26, which was
generated by GNU Autoconf 2.69.  Invocation command line was

  CONFIG_FILES    = 
  CONFIG_HEADERS  = 
  CONFIG_LINKS    = 
  CONFIG_COMMANDS = 
  $ ./config.status 

on peter-machine

config.status:1176: creating Makefile
config.status:1176: creating man/Makefile
config.status:1176: creating libkmod/docs/Makefile
config.status:1176: creating libkmod/docs/version.xml
config.status:1176: creating config.h
config.status:1405: executing depfiles commands
config.status:1405: executing libtool commands
configure:17621: WARNING: unrecognized options: --disable-doc, --disable-docs, --disable-documentation, --with-xmlto, --with-fop, --enable-ipv6, --disable-nls
configure:17653: result:
	kmod 26
	=======

	prefix:			/usr
	sysconfdir:		/etc
	libdir:			${exec_prefix}/lib
	rootlibdir:		${exec_prefix}/lib
	includedir:		${prefix}/include
	bindir:			${exec_prefix}/bin
	Bash completions dir:   ${datarootdir}/bash-completion/completions

	compiler:		/home/peter/buildroot-2020.02.8/output/host/bin/arm-none-linux-gnueabihf-gcc
	cflags:			 -pipe -DANOTHER_BRICK_IN_THE -Wall -W -Wextra -Wno-inline -Wvla -Wundef -Wformat=2 -Wlogical-op -Wsign-compare -Wmissing-include-dirs -Wold-style-definition -Wpointer-arith -Winit-self -Wdeclaration-after-statement -Wfloat-equal -Wmissing-prototypes -Wstrict-prototypes -Wredundant-decls -Wmissing-declarations -Wmissing-noreturn -Wshadow -Wendif-labels -Wstrict-aliasing=3 -Wwrite-strings -Wno-long-long -Wno-overlength-strings -Wno-unused-parameter -Wno-missing-field-initializers -Wno-unused-result -Wnested-externs -Wchar-subscripts -Wtype-limits -Wuninitialized -fno-common -fdiagnostics-show-option -fvisibility=hidden -ffunction-sections -fdata-sections -D_LARGEFILE_SOURCE -D_LARGEFILE64_SOURCE -D_FILE_OFFSET_BITS=64  -Os  
	ldflags:		 -Wl,--as-needed -Wl,--no-undefined -Wl,--gc-sections 

	experimental features:  no
	tools:			yes
	python bindings:	no
	logging:		yes
	compression:		xz=no  zlib=no
	debug:			no
	coverage:		no
	doc:			no
	man:			no
	test-modules:           yes

	features:               -XZ -ZLIB -OPENSSL -EXPERIMENTAL


## ---------------- ##
## Cache variables. ##
## ---------------- ##

ac_cv_build=x86_64-pc-linux-gnu
ac_cv_c_bigendian=no
ac_cv_c_compiler_gnu=yes
ac_cv_env_CC_set=set
ac_cv_env_CC_value=/home/peter/buildroot-2020.02.8/output/host/bin/arm-none-linux-gnueabihf-gcc
ac_cv_env_CFLAGS_set=set
ac_cv_env_CFLAGS_value='-D_LARGEFILE_SOURCE -D_LARGEFILE64_SOURCE -D_FILE_OFFSET_BITS=64  -Os  '
ac_cv_env_CPPFLAGS_set=set
ac_cv_env_CPPFLAGS_value='-D_LARGEFILE_SOURCE -D_LARGEFILE64_SOURCE -D_FILE_OFFSET_BITS=64'
ac_cv_env_CPP_set=set
ac_cv_env_CPP_value=/home/peter/buildroot-2020.02.8/output/host/bin/arm-none-linux-gnueabihf-cpp
ac_cv_env_GTKDOC_DEPS_CFLAGS_set=
ac_cv_env_GTKDOC_DEPS_CFLAGS_value=
ac_cv_env_GTKDOC_DEPS_LIBS_set=
ac_cv_env_GTKDOC_DEPS_LIBS_value=
ac_cv_env_LDFLAGS_set=set
ac_cv_env_LDFLAGS_value=
ac_cv_env_LIBS_set=
ac_cv_env_LIBS_value=
ac_cv_env_LT_SYS_LIBRARY_PATH_set=
ac_cv_env_LT_SYS_LIBRARY_PATH_value=
ac_cv_env_PKG_CONFIG_LIBDIR_set=
ac_cv_env_PKG_CONFIG_LIBDIR_value=
ac_cv_env_PKG_CONFIG_PATH_set=
ac_cv_env_PKG_CONFIG_PATH_value=
ac_cv_env_PKG_CONFIG_set=set
ac_cv_env_PKG_CONFIG_value=/home/peter/buildroot-2020.02.8/output/host/bin/pkg-config
ac_cv_env_PYTHON_CFLAGS_set=
ac_cv_env_PYTHON_CFLAGS_value=
ac_cv_env_PYTHON_LIBS_set=
ac_cv_env_PYTHON_LIBS_value=
ac_cv_env_PYTHON_set=
ac_cv_env_PYTHON_value=
ac_cv_env_build_alias_set=set
ac_cv_env_build_alias_value=x86_64-pc-linux-gnu
ac_cv_env_host_alias_set=set
ac_cv_env_host_alias_value=arm-buildroot-linux-gnueabihf
ac_cv_env_liblzma_CFLAGS_set=
ac_cv_env_liblzma_CFLAGS_value=
ac_cv_env_liblzma_LIBS_set=
ac_cv_env_liblzma_LIBS_value=
ac_cv_env_openssl_CFLAGS_set=
ac_cv_env_openssl_CFLAGS_value=
ac_cv_env_openssl_LIBS_set=
ac_cv_env_openssl_LIBS_value=
ac_cv_env_target_alias_set=set
ac_cv_env_target_alias_value=arm-buildroot-linux-gnueabihf
ac_cv_env_zlib_CFLAGS_set=
ac_cv_env_zlib_CFLAGS_value=
ac_cv_env_zlib_LIBS_set=
ac_cv_env_zlib_LIBS_value=
ac_cv_func___secure_getenv=no
ac_cv_func___xstat=yes
ac_cv_func_calloc_0_nonnull=yes
ac_cv_func_finit_module=no
ac_cv_func_malloc_0_nonnull=yes
ac_cv_func_memcmp_working=yes
ac_cv_func_mmap_fixed_mapped=yes
ac_cv_func_realloc_0_nonnull=yes
ac_cv_func_secure_getenv=yes
ac_cv_have_decl_be32toh=yes
ac_cv_have_decl_malloc=yes
ac_cv_have_decl_strndupa=yes
ac_cv_header_dlfcn_h=yes
ac_cv_header_inttypes_h=yes
ac_cv_header_linux_module_h=yes
ac_cv_header_memory_h=yes
ac_cv_header_minix_config_h=no
ac_cv_header_stdc=yes
ac_cv_header_stdint_h=yes
ac_cv_header_stdlib_h=yes
ac_cv_header_string_h=yes
ac_cv_header_strings_h=yes
ac_cv_header_sys_stat_h=yes
ac_cv_header_sys_types_h=yes
ac_cv_header_unistd_h=yes
ac_cv_host=arm-buildroot-linux-gnueabihf
ac_cv_lbl_unaligned_fail=yes
ac_cv_member_struct_stat_st_mtim=yes
ac_cv_objext=o
ac_cv_path_DOLT_BASH=/bin/bash
ac_cv_path_EGREP='/bin/grep -E'
ac_cv_path_FGREP='/bin/grep -F'
ac_cv_path_GREP=/bin/grep
ac_cv_path_SED=/bin/sed
ac_cv_path_install='/usr/bin/install -c'
ac_cv_path_lt_DD=/bin/dd
ac_cv_path_mkdir=/bin/mkdir
ac_cv_prog_AR=/home/peter/buildroot-2020.02.8/output/host/bin/arm-none-linux-gnueabihf-ar
ac_cv_prog_AWK=mawk
ac_cv_prog_CC=/home/peter/buildroot-2020.02.8/output/host/bin/arm-none-linux-gnueabihf-gcc
ac_cv_prog_CPP=/home/peter/buildroot-2020.02.8/output/host/bin/arm-none-linux-gnueabihf-cpp
ac_cv_prog_OBJDUMP=/home/peter/buildroot-2020.02.8/output/host/bin/arm-none-linux-gnueabihf-objdump
ac_cv_prog_RANLIB=/home/peter/buildroot-2020.02.8/output/host/bin/arm-none-linux-gnueabihf-ranlib
ac_cv_prog_STRIP=/home/peter/buildroot-2020.02.8/output/host/bin/arm-none-linux-gnueabihf-strip
ac_cv_prog_ac_ct_MANIFEST_TOOL=mt
ac_cv_prog_cc_c89=
ac_cv_prog_cc_c99=
ac_cv_prog_cc_g=yes
ac_cv_prog_make_make_set=yes
ac_cv_safe_to_define___extensions__=yes
ac_cv_sys_file_offset_bits=no
ac_cv_sys_largefile_CC=no
am_cv_CC_dependencies_compiler_type=none
am_cv_make_support_nested_variables=yes
am_cv_prog_cc_c_o=yes
am_cv_prog_tar_pax=gnutar
cc_cv_CFLAGS__DANOTHER_BRICK_IN_THE=yes
cc_cv_CFLAGS__W=yes
cc_cv_CFLAGS__Wall=yes
cc_cv_CFLAGS__Wchar_subscripts=yes
cc_cv_CFLAGS__Wdeclaration_after_statement=yes
cc_cv_CFLAGS__Wendif_labels=yes
cc_cv_CFLAGS__Wextra=yes
cc_cv_CFLAGS__Wfloat_equal=yes
cc_cv_CFLAGS__Wformat_2=yes
cc_cv_CFLAGS__Wformat_nonliteral=no
cc_cv_CFLAGS__Wformat_security=no
cc_cv_CFLAGS__Winit_self=yes
cc_cv_CFLAGS__Wlogical_op=yes
cc_cv_CFLAGS__Wmissing_declarations=yes
cc_cv_CFLAGS__Wmissing_include_dirs=yes
cc_cv_CFLAGS__Wmissing_noreturn=yes
cc_cv_CFLAGS__Wmissing_prototypes=yes
cc_cv_CFLAGS__Wnested_externs=yes
cc_cv_CFLAGS__Wno_inline=yes
cc_cv_CFLAGS__Wno_long_long=yes
cc_cv_CFLAGS__Wno_missing_field_initializers=yes
cc_cv_CFLAGS__Wno_overlength_strings=yes
cc_cv_CFLAGS__Wno_unused_parameter=yes
cc_cv_CFLAGS__Wno_unused_result=yes
cc_cv_CFLAGS__Wold_style_definition=yes
cc_cv_CFLAGS__Wpointer_arith=yes
cc_cv_CFLAGS__Wredundant_decls=yes
cc_cv_CFLAGS__Wshadow=yes
cc_cv_CFLAGS__Wsign_compare=yes
cc_cv_CFLAGS__Wstrict_aliasing_3=yes
cc_cv_CFLAGS__Wstrict_prototypes=yes
cc_cv_CFLAGS__Wtype_limits=yes
cc_cv_CFLAGS__Wundef=yes
cc_cv_CFLAGS__Wuninitialized=yes
cc_cv_CFLAGS__Wvla=yes
cc_cv_CFLAGS__Wwrite_strings=yes
cc_cv_CFLAGS__fdata_sections=yes
cc_cv_CFLAGS__fdiagnostics_show_option=yes
cc_cv_CFLAGS__ffunction_sections=yes
cc_cv_CFLAGS__fno_common=yes
cc_cv_CFLAGS__fvisibility_hidden=yes
cc_cv_CFLAGS__pipe=yes
cc_cv_LDFLAGS__Wl___as_needed=yes
cc_cv_LDFLAGS__Wl___gc_sections=yes
cc_cv_LDFLAGS__Wl___no_undefined=yes
cc_cv_have___builtin_clz=yes
cc_cv_have___builtin_types_compatible_p=yes
cc_cv_have___builtin_uaddl_overflow=yes
cc_cv_have___builtin_uaddll_overflow=yes
gl_cv_func_malloc_0_nonnull=yes
lt_cv_ar_at_file=@
lt_cv_archive_cmds_need_lc=no
lt_cv_deplibs_check_method=pass_all
lt_cv_file_magic_cmd='$MAGIC_CMD'
lt_cv_file_magic_test_file=
lt_cv_ld_reload_flag=-r
lt_cv_nm_interface='BSD nm'
lt_cv_objdir=.libs
lt_cv_path_LD=/home/peter/buildroot-2020.02.8/output/host/bin/arm-none-linux-gnueabihf-ld
lt_cv_path_NM=/home/peter/buildroot-2020.02.8/output/host/bin/arm-none-linux-gnueabihf-nm
lt_cv_path_mainfest_tool=no
lt_cv_prog_compiler_c_o=yes
lt_cv_prog_compiler_pic='-fPIC -DPIC'
lt_cv_prog_compiler_pic_works=yes
lt_cv_prog_compiler_rtti_exceptions=no
lt_cv_prog_compiler_static_works=yes
lt_cv_prog_gnu_ld=yes
lt_cv_sharedlib_from_linklib_cmd='printf %s\n'
lt_cv_shlibpath_overrides_runpath=no
lt_cv_sys_global_symbol_pipe='sed -n -e '\''s/^.*[	 ]\([ABCDGIRSTW][ABCDGIRSTW]*\)[	 ][	 ]*\([_A-Za-z][_A-Za-z0-9]*\)$/\1 \2 \2/p'\'' | sed '\''/ __gnu_lto/d'\'''
lt_cv_sys_global_symbol_to_c_name_address='sed -n -e '\''s/^: \(.*\) .*$/  {"\1", (void *) 0},/p'\'' -e '\''s/^[ABCDGIRSTW][ABCDGIRSTW]* .* \(.*\)$/  {"\1", (void *) \&\1},/p'\'''
lt_cv_sys_global_symbol_to_c_name_address_lib_prefix='sed -n -e '\''s/^: \(.*\) .*$/  {"\1", (void *) 0},/p'\'' -e '\''s/^[ABCDGIRSTW][ABCDGIRSTW]* .* \(lib.*\)$/  {"\1", (void *) \&\1},/p'\'' -e '\''s/^[ABCDGIRSTW][ABCDGIRSTW]* .* \(.*\)$/  {"lib\1", (void *) \&\1},/p'\'''
lt_cv_sys_global_symbol_to_cdecl='sed -n -e '\''s/^T .* \(.*\)$/extern int \1();/p'\'' -e '\''s/^[ABCDGIRSTW][ABCDGIRSTW]* .* \(.*\)$/extern char \1;/p'\'''
lt_cv_sys_global_symbol_to_import=
lt_cv_sys_lib_search_path_spec=
lt_cv_sys_max_cmd_len=1572864
lt_cv_to_host_file_cmd=func_convert_file_noop
lt_cv_to_tool_file_cmd=func_convert_file_noop
lt_cv_truncate_bin='/bin/dd bs=4096 count=1'

## ----------------- ##
## Output variables. ##
## ----------------- ##

ACLOCAL='${SHELL} /home/peter/buildroot-2020.02.8/output/build/kmod-26/build-aux/missing aclocal-1.15'
AMDEPBACKSLASH=''
AMDEP_FALSE=''
AMDEP_TRUE='#'
AMTAR='$${TAR-tar}'
AM_BACKSLASH='\'
AM_DEFAULT_V='$(AM_DEFAULT_VERBOSITY)'
AM_DEFAULT_VERBOSITY='0'
AM_V='$(V)'
AR='/home/peter/buildroot-2020.02.8/output/host/bin/arm-none-linux-gnueabihf-ar'
AUTOCONF='${SHELL} /home/peter/buildroot-2020.02.8/output/build/kmod-26/build-aux/missing autoconf'
AUTOHEADER='${SHELL} /home/peter/buildroot-2020.02.8/output/build/kmod-26/build-aux/missing autoheader'
AUTOMAKE='${SHELL} /home/peter/buildroot-2020.02.8/output/build/kmod-26/build-aux/missing automake-1.15'
AWK='mawk'
BUILD_EXPERIMENTAL_FALSE=''
BUILD_EXPERIMENTAL_TRUE='#'
BUILD_MANPAGES_FALSE=''
BUILD_MANPAGES_TRUE='#'
BUILD_MODULES_FALSE='#'
BUILD_MODULES_TRUE=''
BUILD_PYTHON_FALSE=''
BUILD_PYTHON_TRUE='#'
BUILD_TOOLS_FALSE='#'
BUILD_TOOLS_TRUE=''
CC='/home/peter/buildroot-2020.02.8/output/host/bin/arm-none-linux-gnueabihf-gcc'
CCDEPMODE='depmode=none'
CFLAGS='-D_LARGEFILE_SOURCE -D_LARGEFILE64_SOURCE -D_FILE_OFFSET_BITS=64  -Os  '
CPP='/home/peter/buildroot-2020.02.8/output/host/bin/arm-none-linux-gnueabihf-cpp'
CPPFLAGS='-D_LARGEFILE_SOURCE -D_LARGEFILE64_SOURCE -D_FILE_OFFSET_BITS=64'
CYGPATH_W='echo'
CYTHON=''
DEFS='-DHAVE_CONFIG_H'
DEPDIR='.deps'
DLLTOOL='false'
DOLT_BASH='/bin/bash'
DOLT_CLEANFILES='doltlibtool doltcompile'
DSYMUTIL=''
DUMPBIN=''
ECHO_C=''
ECHO_N='-n'
ECHO_T=''
EGREP='/bin/grep -E'
ENABLE_COVERAGE_FALSE=''
ENABLE_COVERAGE_TRUE='#'
ENABLE_GTK_DOC_FALSE=''
ENABLE_GTK_DOC_TRUE='#'
EXEEXT=''
FGREP='/bin/grep -F'
GREP='/bin/grep'
GTKDOC_CHECK=''
GTKDOC_CHECK_PATH=''
GTKDOC_DEPS_CFLAGS=''
GTKDOC_DEPS_LIBS=''
GTKDOC_MKPDF=''
GTKDOC_REBASE='true'
GTK_DOC_BUILD_HTML_FALSE=''
GTK_DOC_BUILD_HTML_TRUE='#'
GTK_DOC_BUILD_PDF_FALSE=''
GTK_DOC_BUILD_PDF_TRUE='#'
GTK_DOC_USE_LIBTOOL_FALSE='#'
GTK_DOC_USE_LIBTOOL_TRUE=''
GTK_DOC_USE_REBASE_FALSE='#'
GTK_DOC_USE_REBASE_TRUE=''
HAVE_GTK_DOC_FALSE=''
HAVE_GTK_DOC_TRUE='#'
HTML_DIR='${datadir}/gtk-doc/html'
INSTALL_DATA='${INSTALL} -m 644'
INSTALL_PROGRAM='${INSTALL}'
INSTALL_SCRIPT='${INSTALL}'
INSTALL_STRIP_PROGRAM='$(install_sh) -c -s'
LD='/home/peter/buildroot-2020.02.8/output/host/bin/arm-none-linux-gnueabihf-ld'
LDFLAGS=''
LIBOBJS=''
LIBS=''
LIBTOOL='$(top_builddir)/doltlibtool'
LIPO=''
LN_S='ln -s'
LTCOMPILE='$(top_builddir)/doltcompile $(COMPILE)'
LTCXXCOMPILE='$(top_builddir)/doltcompile $(CXXCOMPILE)'
LTLIBOBJS=''
LT_SYS_LIBRARY_PATH=''
MAINT=''
MAINTAINER_MODE_FALSE='#'
MAINTAINER_MODE_TRUE=''
MAKEINFO='${SHELL} /home/peter/buildroot-2020.02.8/output/build/kmod-26/build-aux/missing makeinfo'
MANIFEST_TOOL=':'
MKDIR_P='/bin/mkdir -p'
MKOSI=''
NM='/home/peter/buildroot-2020.02.8/output/host/bin/arm-none-linux-gnueabihf-nm'
NMEDIT=''
OBJDUMP='/home/peter/buildroot-2020.02.8/output/host/bin/arm-none-linux-gnueabihf-objdump'
OBJEXT='o'
OTOOL64=''
OTOOL=''
OUR_CFLAGS=' -pipe -DANOTHER_BRICK_IN_THE -Wall -W -Wextra -Wno-inline -Wvla -Wundef -Wformat=2 -Wlogical-op -Wsign-compare -Wmissing-include-dirs -Wold-style-definition -Wpointer-arith -Winit-self -Wdeclaration-after-statement -Wfloat-equal -Wmissing-prototypes -Wstrict-prototypes -Wredundant-decls -Wmissing-declarations -Wmissing-noreturn -Wshadow -Wendif-labels -Wstrict-aliasing=3 -Wwrite-strings -Wno-long-long -Wno-overlength-strings -Wno-unused-parameter -Wno-missing-field-initializers -Wno-unused-result -Wnested-externs -Wchar-subscripts -Wtype-limits -Wuninitialized -fno-common -fdiagnostics-show-option -fvisibility=hidden -ffunction-sections -fdata-sections '
OUR_LDFLAGS=' -Wl,--as-needed -Wl,--no-undefined -Wl,--gc-sections'
PACKAGE='kmod'
PACKAGE_BUGREPORT='linux-modules@vger.kernel.org'
PACKAGE_NAME='kmod'
PACKAGE_STRING='kmod 26'
PACKAGE_TARNAME='kmod'
PACKAGE_URL='http://git.kernel.org/?p=utils/kernel/kmod/kmod.git'
PACKAGE_VERSION='26'
PATH_SEPARATOR=':'
PKG_CONFIG='/home/peter/buildroot-2020.02.8/output/host/bin/pkg-config'
PKG_CONFIG_LIBDIR=''
PKG_CONFIG_PATH=''
PYTHON=''
PYTHON_CFLAGS=''
PYTHON_EXEC_PREFIX=''
PYTHON_LIBS=''
PYTHON_PLATFORM=''
PYTHON_PREFIX=''
PYTHON_VERSION=''
RANLIB='/home/peter/buildroot-2020.02.8/output/host/bin/arm-none-linux-gnueabihf-ranlib'
SED='/bin/sed'
SET_MAKE=''
SHELL='/bin/bash'
STRIP='/home/peter/buildroot-2020.02.8/output/host/bin/arm-none-linux-gnueabihf-strip'
VERSION='26'
XSLTPROC=''
ac_ct_AR=''
ac_ct_CC=''
ac_ct_DUMPBIN=''
am__EXEEXT_FALSE=''
am__EXEEXT_TRUE='#'
am__fastdepCC_FALSE=''
am__fastdepCC_TRUE='#'
am__include='include'
am__isrc=''
am__leading_dot='.'
am__nodep=''
am__quote=''
am__tar='tar --format=posix -chf - "$$tardir"'
am__untar='tar -xf -'
bashcompletiondir='${datarootdir}/bash-completion/completions'
bindir='${exec_prefix}/bin'
build='x86_64-pc-linux-gnu'
build_alias='x86_64-pc-linux-gnu'
build_cpu='x86_64'
build_os='linux-gnu'
build_vendor='pc'
datadir='${datarootdir}'
datarootdir='${prefix}/share'
docdir='${datarootdir}/doc/${PACKAGE_TARNAME}'
dvidir='${docdir}'
exec_prefix='/usr'
have_coverage=''
host='arm-buildroot-linux-gnueabihf'
host_alias='arm-buildroot-linux-gnueabihf'
host_cpu='arm'
host_os='linux-gnueabihf'
host_vendor='buildroot'
htmldir='${docdir}'
includedir='${prefix}/include'
infodir='${datarootdir}/info'
install_sh='${SHELL} /home/peter/buildroot-2020.02.8/output/build/kmod-26/build-aux/install-sh'
libdir='${exec_prefix}/lib'
libexecdir='${exec_prefix}/libexec'
liblzma_CFLAGS=''
liblzma_LIBS=''
localedir='${datarootdir}/locale'
localstatedir='/var'
mandir='${datarootdir}/man'
mkdir_p='$(MKDIR_P)'
oldincludedir='/usr/include'
openssl_CFLAGS=''
openssl_LIBS=''
pdfdir='${docdir}'
pkgpyexecdir=''
pkgpythondir=''
prefix='/usr'
program_transform_name='s&^&&'
psdir='${docdir}'
pyexecdir=''
pythondir=''
rootlibdir='${exec_prefix}/lib'
sbindir='${exec_prefix}/sbin'
sharedstatedir='${prefix}/com'
sysconfdir='/etc'
target_alias='arm-buildroot-linux-gnueabihf'
zlib_CFLAGS=''
zlib_LIBS=''

## ----------- ##
## confdefs.h. ##
## ----------- ##

/* confdefs.h */
#define PACKAGE_NAME "kmod"
#define PACKAGE_TARNAME "kmod"
#define PACKAGE_VERSION "26"
#define PACKAGE_STRING "kmod 26"
#define PACKAGE_BUGREPORT "linux-modules@vger.kernel.org"
#define PACKAGE_URL "http://git.kernel.org/?p=utils/kernel/kmod/kmod.git"
#define STDC_HEADERS 1
#define HAVE_SYS_TYPES_H 1
#define HAVE_SYS_STAT_H 1
#define HAVE_STDLIB_H 1
#define HAVE_STRING_H 1
#define HAVE_MEMORY_H 1
#define HAVE_STRINGS_H 1
#define HAVE_INTTYPES_H 1
#define HAVE_STDINT_H 1
#define HAVE_UNISTD_H 1
#define __EXTENSIONS__ 1
#define _ALL_SOURCE 1
#define _GNU_SOURCE 1
#define _POSIX_PTHREAD_SEMANTICS 1
#define _TANDEM_SOURCE 1
#define PACKAGE "kmod"
#define VERSION "26"
#define HAVE_DLFCN_H 1
#define LT_OBJDIR ".libs/"
#define HAVE___XSTAT 1
#define HAVE_SECURE_GETENV 1
#define HAVE___BUILTIN_CLZ 1
#define HAVE___BUILTIN_TYPES_COMPATIBLE_P 1
#define HAVE___BUILTIN_UADDL_OVERFLOW 1
#define HAVE___BUILTIN_UADDLL_OVERFLOW 1
#define HAVE_STRUCT_STAT_ST_MTIM 1
#define HAVE_DECL_STRNDUPA 1
#define HAVE_DECL_BE32TOH 1
#define HAVE_LINUX_MODULE_H 1
#define HAVE_STATIC_ASSERT 1
#define HAVE_NORETURN 1
#define ENABLE_LOGGING 1
#define KMOD_FEATURES "-XZ -ZLIB -OPENSSL -EXPERIMENTAL"

configure: exit 0
